This is pdfTeX, Version 3.14159265-2.6-1.40.16 (TeX Live 2015/Debian) (preloaded format=pdflatex 2017.10.10)  16 DEC 2017 19:40
entering extended mode
 restricted \write18 enabled.
 %&-line parsing enabled.
**NotesLOG6308.tex
(./NotesLOG6308.tex
LaTeX2e <2016/02/01>
Babel <3.9q> and hyphenation patterns for 81 language(s) loaded.
(/usr/share/texlive/texmf-dist/tex/latex/base/book.cls
Document Class: book 2014/09/29 v1.4h Standard LaTeX document class
(/usr/share/texlive/texmf-dist/tex/latex/base/bk10.clo
File: bk10.clo 2014/09/29 v1.4h Standard LaTeX file (size option)
)
\c@part=\count79
\c@chapter=\count80
\c@section=\count81
\c@subsection=\count82
\c@subsubsection=\count83
\c@paragraph=\count84
\c@subparagraph=\count85
\c@figure=\count86
\c@table=\count87
\abovecaptionskip=\skip41
\belowcaptionskip=\skip42
\bibindent=\dimen102
)
(/usr/share/texlive/texmf-dist/tex/latex/base/inputenc.sty
Package: inputenc 2015/03/17 v1.2c Input encoding file
\inpenc@prehook=\toks14
\inpenc@posthook=\toks15

(/usr/share/texlive/texmf-dist/tex/latex/base/utf8.def
File: utf8.def 2015/12/03 v1.1r UTF-8 support for inputenc
Now handling font encoding OML ...
... no UTF-8 mapping file for font encoding OML
Now handling font encoding T1 ...
... processing UTF-8 mapping file for font encoding T1

(/usr/share/texlive/texmf-dist/tex/latex/base/t1enc.dfu
File: t1enc.dfu 2015/12/03 v1.1r UTF-8 support for inputenc
   defining Unicode char U+00A0 (decimal 160)
   defining Unicode char U+00A1 (decimal 161)
   defining Unicode char U+00A3 (decimal 163)
   defining Unicode char U+00AB (decimal 171)
   defining Unicode char U+00AD (decimal 173)
   defining Unicode char U+00BB (decimal 187)
   defining Unicode char U+00BF (decimal 191)
   defining Unicode char U+00C0 (decimal 192)
   defining Unicode char U+00C1 (decimal 193)
   defining Unicode char U+00C2 (decimal 194)
   defining Unicode char U+00C3 (decimal 195)
   defining Unicode char U+00C4 (decimal 196)
   defining Unicode char U+00C5 (decimal 197)
   defining Unicode char U+00C6 (decimal 198)
   defining Unicode char U+00C7 (decimal 199)
   defining Unicode char U+00C8 (decimal 200)
   defining Unicode char U+00C9 (decimal 201)
   defining Unicode char U+00CA (decimal 202)
   defining Unicode char U+00CB (decimal 203)
   defining Unicode char U+00CC (decimal 204)
   defining Unicode char U+00CD (decimal 205)
   defining Unicode char U+00CE (decimal 206)
   defining Unicode char U+00CF (decimal 207)
   defining Unicode char U+00D0 (decimal 208)
   defining Unicode char U+00D1 (decimal 209)
   defining Unicode char U+00D2 (decimal 210)
   defining Unicode char U+00D3 (decimal 211)
   defining Unicode char U+00D4 (decimal 212)
   defining Unicode char U+00D5 (decimal 213)
   defining Unicode char U+00D6 (decimal 214)
   defining Unicode char U+00D8 (decimal 216)
   defining Unicode char U+00D9 (decimal 217)
   defining Unicode char U+00DA (decimal 218)
   defining Unicode char U+00DB (decimal 219)
   defining Unicode char U+00DC (decimal 220)
   defining Unicode char U+00DD (decimal 221)
   defining Unicode char U+00DE (decimal 222)
   defining Unicode char U+00DF (decimal 223)
   defining Unicode char U+00E0 (decimal 224)
   defining Unicode char U+00E1 (decimal 225)
   defining Unicode char U+00E2 (decimal 226)
   defining Unicode char U+00E3 (decimal 227)
   defining Unicode char U+00E4 (decimal 228)
   defining Unicode char U+00E5 (decimal 229)
   defining Unicode char U+00E6 (decimal 230)
   defining Unicode char U+00E7 (decimal 231)
   defining Unicode char U+00E8 (decimal 232)
   defining Unicode char U+00E9 (decimal 233)
   defining Unicode char U+00EA (decimal 234)
   defining Unicode char U+00EB (decimal 235)
   defining Unicode char U+00EC (decimal 236)
   defining Unicode char U+00ED (decimal 237)
   defining Unicode char U+00EE (decimal 238)
   defining Unicode char U+00EF (decimal 239)
   defining Unicode char U+00F0 (decimal 240)
   defining Unicode char U+00F1 (decimal 241)
   defining Unicode char U+00F2 (decimal 242)
   defining Unicode char U+00F3 (decimal 243)
   defining Unicode char U+00F4 (decimal 244)
   defining Unicode char U+00F5 (decimal 245)
   defining Unicode char U+00F6 (decimal 246)
   defining Unicode char U+00F8 (decimal 248)
   defining Unicode char U+00F9 (decimal 249)
   defining Unicode char U+00FA (decimal 250)
   defining Unicode char U+00FB (decimal 251)
   defining Unicode char U+00FC (decimal 252)
   defining Unicode char U+00FD (decimal 253)
   defining Unicode char U+00FE (decimal 254)
   defining Unicode char U+00FF (decimal 255)
   defining Unicode char U+0100 (decimal 256)
   defining Unicode char U+0101 (decimal 257)
   defining Unicode char U+0102 (decimal 258)
   defining Unicode char U+0103 (decimal 259)
   defining Unicode char U+0104 (decimal 260)
   defining Unicode char U+0105 (decimal 261)
   defining Unicode char U+0106 (decimal 262)
   defining Unicode char U+0107 (decimal 263)
   defining Unicode char U+0108 (decimal 264)
   defining Unicode char U+0109 (decimal 265)
   defining Unicode char U+010A (decimal 266)
   defining Unicode char U+010B (decimal 267)
   defining Unicode char U+010C (decimal 268)
   defining Unicode char U+010D (decimal 269)
   defining Unicode char U+010E (decimal 270)
   defining Unicode char U+010F (decimal 271)
   defining Unicode char U+0110 (decimal 272)
   defining Unicode char U+0111 (decimal 273)
   defining Unicode char U+0112 (decimal 274)
   defining Unicode char U+0113 (decimal 275)
   defining Unicode char U+0114 (decimal 276)
   defining Unicode char U+0115 (decimal 277)
   defining Unicode char U+0116 (decimal 278)
   defining Unicode char U+0117 (decimal 279)
   defining Unicode char U+0118 (decimal 280)
   defining Unicode char U+0119 (decimal 281)
   defining Unicode char U+011A (decimal 282)
   defining Unicode char U+011B (decimal 283)
   defining Unicode char U+011C (decimal 284)
   defining Unicode char U+011D (decimal 285)
   defining Unicode char U+011E (decimal 286)
   defining Unicode char U+011F (decimal 287)
   defining Unicode char U+0120 (decimal 288)
   defining Unicode char U+0121 (decimal 289)
   defining Unicode char U+0122 (decimal 290)
   defining Unicode char U+0123 (decimal 291)
   defining Unicode char U+0124 (decimal 292)
   defining Unicode char U+0125 (decimal 293)
   defining Unicode char U+0128 (decimal 296)
   defining Unicode char U+0129 (decimal 297)
   defining Unicode char U+012A (decimal 298)
   defining Unicode char U+012B (decimal 299)
   defining Unicode char U+012C (decimal 300)
   defining Unicode char U+012D (decimal 301)
   defining Unicode char U+012E (decimal 302)
   defining Unicode char U+012F (decimal 303)
   defining Unicode char U+0130 (decimal 304)
   defining Unicode char U+0131 (decimal 305)
   defining Unicode char U+0132 (decimal 306)
   defining Unicode char U+0133 (decimal 307)
   defining Unicode char U+0134 (decimal 308)
   defining Unicode char U+0135 (decimal 309)
   defining Unicode char U+0136 (decimal 310)
   defining Unicode char U+0137 (decimal 311)
   defining Unicode char U+0139 (decimal 313)
   defining Unicode char U+013A (decimal 314)
   defining Unicode char U+013B (decimal 315)
   defining Unicode char U+013C (decimal 316)
   defining Unicode char U+013D (decimal 317)
   defining Unicode char U+013E (decimal 318)
   defining Unicode char U+0141 (decimal 321)
   defining Unicode char U+0142 (decimal 322)
   defining Unicode char U+0143 (decimal 323)
   defining Unicode char U+0144 (decimal 324)
   defining Unicode char U+0145 (decimal 325)
   defining Unicode char U+0146 (decimal 326)
   defining Unicode char U+0147 (decimal 327)
   defining Unicode char U+0148 (decimal 328)
   defining Unicode char U+014A (decimal 330)
   defining Unicode char U+014B (decimal 331)
   defining Unicode char U+014C (decimal 332)
   defining Unicode char U+014D (decimal 333)
   defining Unicode char U+014E (decimal 334)
   defining Unicode char U+014F (decimal 335)
   defining Unicode char U+0150 (decimal 336)
   defining Unicode char U+0151 (decimal 337)
   defining Unicode char U+0152 (decimal 338)
   defining Unicode char U+0153 (decimal 339)
   defining Unicode char U+0154 (decimal 340)
   defining Unicode char U+0155 (decimal 341)
   defining Unicode char U+0156 (decimal 342)
   defining Unicode char U+0157 (decimal 343)
   defining Unicode char U+0158 (decimal 344)
   defining Unicode char U+0159 (decimal 345)
   defining Unicode char U+015A (decimal 346)
   defining Unicode char U+015B (decimal 347)
   defining Unicode char U+015C (decimal 348)
   defining Unicode char U+015D (decimal 349)
   defining Unicode char U+015E (decimal 350)
   defining Unicode char U+015F (decimal 351)
   defining Unicode char U+0160 (decimal 352)
   defining Unicode char U+0161 (decimal 353)
   defining Unicode char U+0162 (decimal 354)
   defining Unicode char U+0163 (decimal 355)
   defining Unicode char U+0164 (decimal 356)
   defining Unicode char U+0165 (decimal 357)
   defining Unicode char U+0168 (decimal 360)
   defining Unicode char U+0169 (decimal 361)
   defining Unicode char U+016A (decimal 362)
   defining Unicode char U+016B (decimal 363)
   defining Unicode char U+016C (decimal 364)
   defining Unicode char U+016D (decimal 365)
   defining Unicode char U+016E (decimal 366)
   defining Unicode char U+016F (decimal 367)
   defining Unicode char U+0170 (decimal 368)
   defining Unicode char U+0171 (decimal 369)
   defining Unicode char U+0172 (decimal 370)
   defining Unicode char U+0173 (decimal 371)
   defining Unicode char U+0174 (decimal 372)
   defining Unicode char U+0175 (decimal 373)
   defining Unicode char U+0176 (decimal 374)
   defining Unicode char U+0177 (decimal 375)
   defining Unicode char U+0178 (decimal 376)
   defining Unicode char U+0179 (decimal 377)
   defining Unicode char U+017A (decimal 378)
   defining Unicode char U+017B (decimal 379)
   defining Unicode char U+017C (decimal 380)
   defining Unicode char U+017D (decimal 381)
   defining Unicode char U+017E (decimal 382)
   defining Unicode char U+01CD (decimal 461)
   defining Unicode char U+01CE (decimal 462)
   defining Unicode char U+01CF (decimal 463)
   defining Unicode char U+01D0 (decimal 464)
   defining Unicode char U+01D1 (decimal 465)
   defining Unicode char U+01D2 (decimal 466)
   defining Unicode char U+01D3 (decimal 467)
   defining Unicode char U+01D4 (decimal 468)
   defining Unicode char U+01E2 (decimal 482)
   defining Unicode char U+01E3 (decimal 483)
   defining Unicode char U+01E6 (decimal 486)
   defining Unicode char U+01E7 (decimal 487)
   defining Unicode char U+01E8 (decimal 488)
   defining Unicode char U+01E9 (decimal 489)
   defining Unicode char U+01EA (decimal 490)
   defining Unicode char U+01EB (decimal 491)
   defining Unicode char U+01F0 (decimal 496)
   defining Unicode char U+01F4 (decimal 500)
   defining Unicode char U+01F5 (decimal 501)
   defining Unicode char U+0218 (decimal 536)
   defining Unicode char U+0219 (decimal 537)
   defining Unicode char U+021A (decimal 538)
   defining Unicode char U+021B (decimal 539)
   defining Unicode char U+01E02 (decimal 7682)
   defining Unicode char U+01E03 (decimal 7683)
   defining Unicode char U+200C (decimal 8204)
   defining Unicode char U+2013 (decimal 8211)
   defining Unicode char U+2014 (decimal 8212)
   defining Unicode char U+2018 (decimal 8216)
   defining Unicode char U+2019 (decimal 8217)
   defining Unicode char U+201A (decimal 8218)
   defining Unicode char U+201C (decimal 8220)
   defining Unicode char U+201D (decimal 8221)
   defining Unicode char U+201E (decimal 8222)
   defining Unicode char U+2030 (decimal 8240)
   defining Unicode char U+2031 (decimal 8241)
   defining Unicode char U+2039 (decimal 8249)
   defining Unicode char U+203A (decimal 8250)
   defining Unicode char U+2423 (decimal 9251)
)
Now handling font encoding OT1 ...
... processing UTF-8 mapping file for font encoding OT1

(/usr/share/texlive/texmf-dist/tex/latex/base/ot1enc.dfu
File: ot1enc.dfu 2015/12/03 v1.1r UTF-8 support for inputenc
   defining Unicode char U+00A0 (decimal 160)
   defining Unicode char U+00A1 (decimal 161)
   defining Unicode char U+00A3 (decimal 163)
   defining Unicode char U+00AD (decimal 173)
   defining Unicode char U+00B8 (decimal 184)
   defining Unicode char U+00BF (decimal 191)
   defining Unicode char U+00C5 (decimal 197)
   defining Unicode char U+00C6 (decimal 198)
   defining Unicode char U+00D8 (decimal 216)
   defining Unicode char U+00DF (decimal 223)
   defining Unicode char U+00E6 (decimal 230)
   defining Unicode char U+00EC (decimal 236)
   defining Unicode char U+00ED (decimal 237)
   defining Unicode char U+00EE (decimal 238)
   defining Unicode char U+00EF (decimal 239)
   defining Unicode char U+00F8 (decimal 248)
   defining Unicode char U+0131 (decimal 305)
   defining Unicode char U+0141 (decimal 321)
   defining Unicode char U+0142 (decimal 322)
   defining Unicode char U+0152 (decimal 338)
   defining Unicode char U+0153 (decimal 339)
   defining Unicode char U+0174 (decimal 372)
   defining Unicode char U+0175 (decimal 373)
   defining Unicode char U+0176 (decimal 374)
   defining Unicode char U+0177 (decimal 375)
   defining Unicode char U+0218 (decimal 536)
   defining Unicode char U+0219 (decimal 537)
   defining Unicode char U+021A (decimal 538)
   defining Unicode char U+021B (decimal 539)
   defining Unicode char U+2013 (decimal 8211)
   defining Unicode char U+2014 (decimal 8212)
   defining Unicode char U+2018 (decimal 8216)
   defining Unicode char U+2019 (decimal 8217)
   defining Unicode char U+201C (decimal 8220)
   defining Unicode char U+201D (decimal 8221)
)
Now handling font encoding OMS ...
... processing UTF-8 mapping file for font encoding OMS

(/usr/share/texlive/texmf-dist/tex/latex/base/omsenc.dfu
File: omsenc.dfu 2015/12/03 v1.1r UTF-8 support for inputenc
   defining Unicode char U+00A7 (decimal 167)
   defining Unicode char U+00B6 (decimal 182)
   defining Unicode char U+00B7 (decimal 183)
   defining Unicode char U+2020 (decimal 8224)
   defining Unicode char U+2021 (decimal 8225)
   defining Unicode char U+2022 (decimal 8226)
)
Now handling font encoding OMX ...
... no UTF-8 mapping file for font encoding OMX
Now handling font encoding U ...
... no UTF-8 mapping file for font encoding U
   defining Unicode char U+00A9 (decimal 169)
   defining Unicode char U+00AA (decimal 170)
   defining Unicode char U+00AE (decimal 174)
   defining Unicode char U+00BA (decimal 186)
   defining Unicode char U+02C6 (decimal 710)
   defining Unicode char U+02DC (decimal 732)
   defining Unicode char U+200C (decimal 8204)
   defining Unicode char U+2026 (decimal 8230)
   defining Unicode char U+2122 (decimal 8482)
   defining Unicode char U+2423 (decimal 9251)
))
(/usr/share/texlive/texmf-dist/tex/latex/float/float.sty
Package: float 2001/11/08 v1.3d Float enhancements (AL)
\c@float@type=\count88
\float@exts=\toks16
\float@box=\box26
\@float@everytoks=\toks17
\@floatcapt=\box27
)
(/usr/share/texlive/texmf-dist/tex/latex/graphics/graphicx.sty
Package: graphicx 2014/10/28 v1.0g Enhanced LaTeX Graphics (DPC,SPQR)

(/usr/share/texlive/texmf-dist/tex/latex/graphics/keyval.sty
Package: keyval 2014/10/28 v1.15 key=value parser (DPC)
\KV@toks@=\toks18
)
(/usr/share/texlive/texmf-dist/tex/latex/graphics/graphics.sty
Package: graphics 2016/01/03 v1.0q Standard LaTeX Graphics (DPC,SPQR)

(/usr/share/texlive/texmf-dist/tex/latex/graphics/trig.sty
Package: trig 2016/01/03 v1.10 sin cos tan (DPC)
)
(/usr/share/texlive/texmf-dist/tex/latex/latexconfig/graphics.cfg
File: graphics.cfg 2010/04/23 v1.9 graphics configuration of TeX Live
)
Package graphics Info: Driver file: pdftex.def on input line 95.

(/usr/share/texlive/texmf-dist/tex/latex/pdftex-def/pdftex.def
File: pdftex.def 2011/05/27 v0.06d Graphics/color for pdfTeX

(/usr/share/texlive/texmf-dist/tex/generic/oberdiek/infwarerr.sty
Package: infwarerr 2010/04/08 v1.3 Providing info/warning/error messages (HO)
)
(/usr/share/texlive/texmf-dist/tex/generic/oberdiek/ltxcmds.sty
Package: ltxcmds 2011/11/09 v1.22 LaTeX kernel commands for general use (HO)
)
\Gread@gobject=\count89
))
\Gin@req@height=\dimen103
\Gin@req@width=\dimen104
)
(/usr/share/texlive/texmf-dist/tex/latex/amsmath/amsmath.sty
Package: amsmath 2016/03/03 v2.15a AMS math features
\@mathmargin=\skip43

For additional information on amsmath, use the `?' option.
(/usr/share/texlive/texmf-dist/tex/latex/amsmath/amstext.sty
Package: amstext 2000/06/29 v2.01 AMS text

(/usr/share/texlive/texmf-dist/tex/latex/amsmath/amsgen.sty
File: amsgen.sty 1999/11/30 v2.0 generic functions
\@emptytoks=\toks19
\ex@=\dimen105
))
(/usr/share/texlive/texmf-dist/tex/latex/amsmath/amsbsy.sty
Package: amsbsy 1999/11/29 v1.2d Bold Symbols
\pmbraise@=\dimen106
)
(/usr/share/texlive/texmf-dist/tex/latex/amsmath/amsopn.sty
Package: amsopn 1999/12/14 v2.01 operator names
)
\inf@bad=\count90
LaTeX Info: Redefining \frac on input line 199.
\uproot@=\count91
\leftroot@=\count92
LaTeX Info: Redefining \overline on input line 297.
\classnum@=\count93
\DOTSCASE@=\count94
LaTeX Info: Redefining \ldots on input line 394.
LaTeX Info: Redefining \dots on input line 397.
LaTeX Info: Redefining \cdots on input line 518.
\Mathstrutbox@=\box28
\strutbox@=\box29
\big@size=\dimen107
LaTeX Font Info:    Redeclaring font encoding OML on input line 630.
LaTeX Font Info:    Redeclaring font encoding OMS on input line 631.
\macc@depth=\count95
\c@MaxMatrixCols=\count96
\dotsspace@=\muskip10
\c@parentequation=\count97
\dspbrk@lvl=\count98
\tag@help=\toks20
\row@=\count99
\column@=\count100
\maxfields@=\count101
\andhelp@=\toks21
\eqnshift@=\dimen108
\alignsep@=\dimen109
\tagshift@=\dimen110
\tagwidth@=\dimen111
\totwidth@=\dimen112
\lineht@=\dimen113
\@envbody=\toks22
\multlinegap=\skip44
\multlinetaggap=\skip45
\mathdisplay@stack=\toks23
LaTeX Info: Redefining \[ on input line 2735.
LaTeX Info: Redefining \] on input line 2736.
)
(/usr/share/texlive/texmf-dist/tex/latex/graphics/color.sty
Package: color 2016/01/03 v1.1b Standard LaTeX Color (DPC)

(/usr/share/texlive/texmf-dist/tex/latex/latexconfig/color.cfg
File: color.cfg 2007/01/18 v1.5 color configuration of teTeX/TeXLive
)
Package color Info: Driver file: pdftex.def on input line 143.
)
(/usr/share/texlive/texmf-dist/tex/latex/tools/multicol.sty
Package: multicol 2015/08/19 v1.8n multicolumn formatting (FMi)
\c@tracingmulticols=\count102
\mult@box=\box30
\multicol@leftmargin=\dimen114
\c@unbalance=\count103
\c@collectmore=\count104
\doublecol@number=\count105
\multicoltolerance=\count106
\multicolpretolerance=\count107
\full@width=\dimen115
\page@free=\dimen116
\premulticols=\dimen117
\postmulticols=\dimen118
\multicolsep=\skip46
\multicolbaselineskip=\skip47
\partial@page=\box31
\last@line=\box32
\maxbalancingoverflow=\dimen119
\mult@rightbox=\box33
\mult@grightbox=\box34
\mult@gfirstbox=\box35
\mult@firstbox=\box36
\@tempa=\box37
\@tempa=\box38
\@tempa=\box39
\@tempa=\box40
\@tempa=\box41
\@tempa=\box42
\@tempa=\box43
\@tempa=\box44
\@tempa=\box45
\@tempa=\box46
\@tempa=\box47
\@tempa=\box48
\@tempa=\box49
\@tempa=\box50
\@tempa=\box51
\@tempa=\box52
\@tempa=\box53
\c@columnbadness=\count108
\c@finalcolumnbadness=\count109
\last@try=\dimen120
\multicolovershoot=\dimen121
\multicolundershoot=\dimen122
\mult@nat@firstbox=\box54
\colbreak@box=\box55
\mc@col@check@num=\count110
)
(/usr/share/texlive/texmf-dist/tex/latex/ms/ragged2e.sty
Package: ragged2e 2009/05/21 v2.1 ragged2e Package (MS)

(/usr/share/texlive/texmf-dist/tex/latex/ms/everysel.sty
Package: everysel 2011/10/28 v1.2 EverySelectfont Package (MS)
)
\CenteringLeftskip=\skip48
\RaggedLeftLeftskip=\skip49
\RaggedRightLeftskip=\skip50
\CenteringRightskip=\skip51
\RaggedLeftRightskip=\skip52
\RaggedRightRightskip=\skip53
\CenteringParfillskip=\skip54
\RaggedLeftParfillskip=\skip55
\RaggedRightParfillskip=\skip56
\JustifyingParfillskip=\skip57
\CenteringParindent=\skip58
\RaggedLeftParindent=\skip59
\RaggedRightParindent=\skip60
\JustifyingParindent=\skip61
)
(/usr/share/texlive/texmf-dist/tex/latex/listings/listings.sty
\lst@mode=\count111
\lst@gtempboxa=\box56
\lst@token=\toks24
\lst@length=\count112
\lst@currlwidth=\dimen123
\lst@column=\count113
\lst@pos=\count114
\lst@lostspace=\dimen124
\lst@width=\dimen125
\lst@newlines=\count115
\lst@lineno=\count116
\lst@maxwidth=\dimen126

(/usr/share/texlive/texmf-dist/tex/latex/listings/lstmisc.sty
File: lstmisc.sty 2015/06/04 1.6 (Carsten Heinz)
\c@lstnumber=\count117
\lst@skipnumbers=\count118
\lst@framebox=\box57
)
(/usr/share/texlive/texmf-dist/tex/latex/listings/listings.cfg
File: listings.cfg 2015/06/04 1.6 listings configuration
))
Package: listings 2015/06/04 1.6 (Carsten Heinz)

(/usr/share/texlive/texmf-dist/tex/latex/pdfpages/pdfpages.sty
Package: pdfpages 2015/09/18 v0.5d Insert pages of external PDF documents (AM)

(/usr/share/texlive/texmf-dist/tex/latex/base/ifthen.sty
Package: ifthen 2014/09/29 v1.1c Standard LaTeX ifthen package (DPC)
)
(/usr/share/texlive/texmf-dist/tex/latex/tools/calc.sty
Package: calc 2014/10/28 v4.3 Infix arithmetic (KKT,FJ)
\calc@Acount=\count119
\calc@Bcount=\count120
\calc@Adimen=\dimen127
\calc@Bdimen=\dimen128
\calc@Askip=\skip62
\calc@Bskip=\skip63
LaTeX Info: Redefining \setlength on input line 80.
LaTeX Info: Redefining \addtolength on input line 81.
\calc@Ccount=\count121
\calc@Cskip=\skip64
)
(/usr/share/texlive/texmf-dist/tex/latex/eso-pic/eso-pic.sty
Package: eso-pic 2015/07/21 v2.0g eso-pic (RN)

(/usr/share/texlive/texmf-dist/tex/generic/oberdiek/atbegshi.sty
Package: atbegshi 2011/10/05 v1.16 At begin shipout hook (HO)

(/usr/share/texlive/texmf-dist/tex/generic/oberdiek/ifpdf.sty
Package: ifpdf 2011/01/30 v2.3 Provides the ifpdf switch (HO)
Package ifpdf Info: pdfTeX in PDF mode is detected.
)))
\AM@pagewidth=\dimen129
\AM@pageheight=\dimen130

(/usr/share/texlive/texmf-dist/tex/latex/pdfpages/pppdftex.def
File: pppdftex.def 2015/09/18 v0.5d Pdfpages driver for pdfTeX (AM)
)
\AM@pagebox=\box58
\AM@toc@title=\toks25
\c@AM@survey=\count122
\AM@templatesizebox=\box59
)
\@indexfile=\write3
\openout3 = `NotesLOG6308.idx'.


Writing index file NotesLOG6308.idx
(./NotesLOG6308.aux)
\openout1 = `NotesLOG6308.aux'.

LaTeX Font Info:    Checking defaults for OML/cmm/m/it on input line 17.
LaTeX Font Info:    ... okay on input line 17.
LaTeX Font Info:    Checking defaults for T1/cmr/m/n on input line 17.
LaTeX Font Info:    ... okay on input line 17.
LaTeX Font Info:    Checking defaults for OT1/cmr/m/n on input line 17.
LaTeX Font Info:    ... okay on input line 17.
LaTeX Font Info:    Checking defaults for OMS/cmsy/m/n on input line 17.
LaTeX Font Info:    ... okay on input line 17.
LaTeX Font Info:    Checking defaults for OMX/cmex/m/n on input line 17.
LaTeX Font Info:    ... okay on input line 17.
LaTeX Font Info:    Checking defaults for U/cmr/m/n on input line 17.
LaTeX Font Info:    ... okay on input line 17.

(/usr/share/texlive/texmf-dist/tex/context/base/supp-pdf.mkii
[Loading MPS to PDF converter (version 2006.09.02).]
\scratchcounter=\count123
\scratchdimen=\dimen131
\scratchbox=\box60
\nofMPsegments=\count124
\nofMParguments=\count125
\everyMPshowfont=\toks26
\MPscratchCnt=\count126
\MPscratchDim=\dimen132
\MPnumerator=\count127
\makeMPintoPDFobject=\count128
\everyMPtoPDFconversion=\toks27
) (/usr/share/texlive/texmf-dist/tex/generic/oberdiek/pdftexcmds.sty
Package: pdftexcmds 2011/11/29 v0.20 Utility functions of pdfTeX for LuaTeX (HO
)

(/usr/share/texlive/texmf-dist/tex/generic/oberdiek/ifluatex.sty
Package: ifluatex 2010/03/01 v1.3 Provides the ifluatex switch (HO)
Package ifluatex Info: LuaTeX not detected.
)
Package pdftexcmds Info: LuaTeX not detected.
Package pdftexcmds Info: \pdf@primitive is available.
Package pdftexcmds Info: \pdf@ifprimitive is available.
Package pdftexcmds Info: \pdfdraftmode found.
)
(/usr/share/texlive/texmf-dist/tex/latex/oberdiek/epstopdf-base.sty
Package: epstopdf-base 2010/02/09 v2.5 Base part for package epstopdf

(/usr/share/texlive/texmf-dist/tex/latex/oberdiek/grfext.sty
Package: grfext 2010/08/19 v1.1 Manage graphics extensions (HO)

(/usr/share/texlive/texmf-dist/tex/generic/oberdiek/kvdefinekeys.sty
Package: kvdefinekeys 2011/04/07 v1.3 Define keys (HO)
))
(/usr/share/texlive/texmf-dist/tex/latex/oberdiek/kvoptions.sty
Package: kvoptions 2011/06/30 v3.11 Key value format for package options (HO)

(/usr/share/texlive/texmf-dist/tex/generic/oberdiek/kvsetkeys.sty
Package: kvsetkeys 2012/04/25 v1.16 Key value parser (HO)

(/usr/share/texlive/texmf-dist/tex/generic/oberdiek/etexcmds.sty
Package: etexcmds 2011/02/16 v1.5 Avoid name clashes with e-TeX commands (HO)
Package etexcmds Info: Could not find \expanded.
(etexcmds)             That can mean that you are not using pdfTeX 1.50 or
(etexcmds)             that some package has redefined \expanded.
(etexcmds)             In the latter case, load this package earlier.
)))
Package grfext Info: Graphics extension search list:
(grfext)             [.png,.pdf,.jpg,.mps,.jpeg,.jbig2,.jb2,.PNG,.PDF,.JPG,.JPE
G,.JBIG2,.JB2,.eps]
(grfext)             \AppendGraphicsExtensions on input line 452.

(/usr/share/texlive/texmf-dist/tex/latex/latexconfig/epstopdf-sys.cfg
File: epstopdf-sys.cfg 2010/07/13 v1.3 Configuration of (r)epstopdf for TeX Liv
e
))
ABD: EverySelectfont initializing macros
LaTeX Info: Redefining \selectfont on input line 17.
\c@lstlisting=\count129
\AtBeginShipoutBox=\box61

(/usr/share/texlive/texmf-dist/tex/latex/oberdiek/pdflscape.sty
Package: pdflscape 2008/08/11 v0.10 Display of landscape pages in PDF (HO)

(/usr/share/texlive/texmf-dist/tex/latex/graphics/lscape.sty
Package: lscape 2000/10/22 v3.01 Landscape Pages (DPC)
)
Package pdflscape Info: Auto-detected driver: pdftex on input line 80.

(/usr/share/texlive/texmf-dist/tex/generic/ifxetex/ifxetex.sty
Package: ifxetex 2010/09/12 v0.6 Provides ifxetex conditional
)) [1


{/var/lib/texmf/fonts/map/pdftex/updmap/pdftex.map}] (./NotesLOG6308.toc [1

]
Overfull \hbox (1.8896pt too wide) in paragraph at lines 72--72
 [][] []\OT1/cmr/m/n/10 Collaborative Fil-ter-ing with Stacked De-nois-ing Au-t
oEn-coders and 
 []

[2])
\tf@toc=\write4
\openout4 = `NotesLOG6308.toc'.

 [3]
Chapter 1.
LaTeX Font Info:    Try loading font information for OMS+cmr on input line 24.
(/usr/share/texlive/texmf-dist/tex/latex/base/omscmr.fd
File: omscmr.fd 2014/09/29 v2.5h Standard LaTeX font definitions
)
LaTeX Font Info:    Font shape `OMS/cmr/m/n' in size <10> not available
(Font)              Font shape `OMS/cmsy/m/n' tried instead on input line 24.

Overfull \hbox (14.70901pt too wide) in paragraph at lines 35--36
[]\OT1/cmr/m/n/10 G^^Sen^^Seralement, la per-son-nal-i-sa-tion ^^Ra l'utilisate
ur n^^Secessaite trois types d'information
 []


Underfull \hbox (badness 10000) in paragraph at lines 43--44

 []


Underfull \hbox (badness 10000) in paragraph at lines 45--46

 []

[4

]
Underfull \hbox (badness 10000) in paragraph at lines 47--48

 []


Underfull \hbox (badness 10000) in paragraph at lines 57--58

 []


Underfull \hbox (badness 10000) in paragraph at lines 61--62

 []


Underfull \hbox (badness 10000) in paragraph at lines 66--67

 []

[5]
Underfull \hbox (badness 10000) in paragraph at lines 68--69

 []


Overfull \hbox (2.83397pt too wide) in paragraph at lines 73--74
\OT1/cmr/m/n/10 Comme par ex-em-ple de l'auto-compl^^Setion, du pr^^Se-chargeme
nt(prefetching),
 []


Overfull \hbox (27.8757pt too wide) in paragraph at lines 76--77
[]\OT1/cmr/m/n/10 Environnement d'apprentissage: Comme vu pr^^Sec^^Sedemment, A
LEKS, GradeSum-
 []

[6]
Underfull \hbox (badness 10000) in paragraph at lines 88--89

 []


Underfull \hbox (badness 10000) in paragraph at lines 90--91

 []


Underfull \hbox (badness 10000) in paragraph at lines 92--93

 []


Underfull \hbox (badness 10000) in paragraph at lines 98--99

 []

<grammaire_recursive.png, id=32, 771.88374pt x 374.39874pt>
File: grammaire_recursive.png Graphic file (type png)

<use grammaire_recursive.png>
Package pdftex.def Info: grammaire_recursive.png used on input line 102.
(pdftex.def)             Requested size: 199.16928pt x 96.60442pt.
 [7 <./grammaire_recursive.png>]
Underfull \hbox (badness 10000) in paragraph at lines 119--120

 []


Underfull \hbox (badness 10000) in paragraph at lines 124--125

 []

<types_systeme_information.png, id=39, 765.86125pt x 523.9575pt>
File: types_systeme_information.png Graphic file (type png)

<use types_systeme_information.png>
Package pdftex.def Info: types_systeme_information.png used on input line 130.
(pdftex.def)             Requested size: 199.16928pt x 136.2577pt.

Overfull \hbox (18.18907pt too wide) in paragraph at lines 137--138
 \OT1/cmr/bx/n/10 Syst^^Reme Ac-tif[] \OT1/cmr/m/n/10 Cherche ^^Ra cr^^Seer un 
flot d'information en ex-trayant de l'information
 []


Underfull \hbox (badness 10000) in paragraph at lines 137--138

 []

[8]
Underfull \hbox (badness 10000) in paragraph at lines 146--147

 []

[9 <./types_systeme_information.png>]
Underfull \hbox (badness 10000) in paragraph at lines 172--173

 []

<matrice_features.png, id=46, 491.8375pt x 315.1775pt>
File: matrice_features.png Graphic file (type png)

<use matrice_features.png>
Package pdftex.def Info: matrice_features.png used on input line 176.
(pdftex.def)             Requested size: 199.16928pt x 127.63176pt.
 [10]
<exemple_user_user.png, id=50, 204.765pt x 188.705pt>
File: exemple_user_user.png Graphic file (type png)

<use exemple_user_user.png>
Package pdftex.def Info: exemple_user_user.png used on input line 187.
(pdftex.def)             Requested size: 199.16928pt x 183.55904pt.

Underfull \hbox (badness 10000) in paragraph at lines 192--193

 []


Underfull \hbox (badness 10000) in paragraph at lines 194--195

 []

[11 <./matrice_features.png> <./exemple_user_user.png>]
Underfull \hbox (badness 10000) in paragraph at lines 200--201

 []


Underfull \hbox (badness 10000) in paragraph at lines 202--203

 []


Underfull \hbox (badness 10000) in paragraph at lines 209--210

 []

<resultats_user_user.png, id=54, 299.1175pt x 172.645pt>
File: resultats_user_user.png Graphic file (type png)

<use resultats_user_user.png>
Package pdftex.def Info: resultats_user_user.png used on input line 224.
(pdftex.def)             Requested size: 199.16928pt x 114.95763pt.

Underfull \hbox (badness 10000) in paragraph at lines 228--229

 []


Underfull \hbox (badness 10000) in paragraph at lines 230--231

 []

<demarche_user_user.png, id=55, 534.99875pt x 124.465pt>
File: demarche_user_user.png Graphic file (type png)

<use demarche_user_user.png>
Package pdftex.def Info: demarche_user_user.png used on input line 234.
(pdftex.def)             Requested size: 199.16928pt x 46.3362pt.

Underfull \hbox (badness 10000) in paragraph at lines 239--240

 []

[12 <./resultats_user_user.png>]
Underfull \hbox (badness 10000) in paragraph at lines 251--252

 []

<resultats_cosinus.png, id=65, 308.15125pt x 172.645pt>
File: resultats_cosinus.png Graphic file (type png)

<use resultats_cosinus.png>
Package pdftex.def Info: resultats_cosinus.png used on input line 255.
(pdftex.def)             Requested size: 199.16928pt x 111.58829pt.

Underfull \hbox (badness 10000) in paragraph at lines 260--261

 []


Underfull \hbox (badness 10000) in paragraph at lines 264--265

 []

[13 <./demarche_user_user.png> <./resultats_cosinus.png>]
<knn.png, id=70, 370.38374pt x 173.64874pt>
File: knn.png Graphic file (type png)
 <use knn.png>
Package pdftex.def Info: knn.png used on input line 274.
(pdftex.def)             Requested size: 199.16928pt x 93.37941pt.

Underfull \hbox (badness 10000) in paragraph at lines 279--280

 []


Underfull \hbox (badness 10000) in paragraph at lines 286--287

 []


Underfull \hbox (badness 10000) in paragraph at lines 288--289

 []


Underfull \hbox (badness 10000) in paragraph at lines 290--291

 []


Underfull \hbox (badness 10000) in paragraph at lines 292--293

 []


Overfull \hbox (4.11176pt too wide) in paragraph at lines 294--295
[]\OT1/cmr/m/n/10 compar^^Sement ^^Ra l'algorithme utilisateur-utilisateur, l'i
tem-item utilise la m^eme
 []


Underfull \hbox (badness 10000) in paragraph at lines 294--295

 []

[14 <./knn.png>] <item_item.png, id=74, 544.0325pt x 207.77625pt>
File: item_item.png Graphic file (type png)

<use item_item.png>
Package pdftex.def Info: item_item.png used on input line 298.
(pdftex.def)             Requested size: 199.16928pt x 76.06755pt.
 <probleme_item_item.png, id=75, 513.92pt x 324.21124pt>
File: probleme_item_item.png Graphic file (type png)

<use probleme_item_item.png>
Package pdftex.def Info: probleme_item_item.png used on input line 306.
(pdftex.def)             Requested size: 199.16928pt x 125.65034pt.

Underfull \hbox (badness 10000) in paragraph at lines 311--312

 []


Underfull \hbox (badness 10000) in paragraph at lines 313--314

 []

[15 <./item_item.png> <./probleme_item_item.png>]
Underfull \hbox (badness 10000) in paragraph at lines 322--323

 []


Underfull \hbox (badness 10000) in paragraph at lines 324--325

 []


Underfull \hbox (badness 10000) in paragraph at lines 326--327

 []


Underfull \hbox (badness 10000) in paragraph at lines 335--336

 []


Underfull \hbox (badness 10000) in paragraph at lines 342--343

 []

[16] <ROC.png, id=82, 385.44pt x 324.21124pt>
File: ROC.png Graphic file (type png)
 <use ROC.png>
Package pdftex.def Info: ROC.png used on input line 352.
(pdftex.def)             Requested size: 199.16928pt x 167.52719pt.

Underfull \hbox (badness 10000) in paragraph at lines 357--358

 []


Underfull \hbox (badness 10000) in paragraph at lines 366--367

 []

[17 <./ROC.png>]
Chapter 2.

Underfull \hbox (badness 10000) in paragraph at lines 371--372

 []

<contenu.png, id=86, 513.92pt x 332.24126pt>
File: contenu.png Graphic file (type png)
 <use contenu.png>
Package pdftex.def Info: contenu.png used on input line 377.
(pdftex.def)             Requested size: 199.16928pt x 128.76242pt.
 [18

]
Underfull \hbox (badness 10000) in paragraph at lines 402--403

 []


Underfull \hbox (badness 10000) in paragraph at lines 410--411

 []


Overfull \hbox (35.38757pt too wide) has occurred while \output is active
\OT1/cmr/m/sl/10 CHAPTER 2.  M[]ETHODE CONTENUE, PAGERANK ET UN PEU DE BAY[]ESI
EN \OT1/cmr/m/n/10 19
 []

[19 <./contenu.png>]
Underfull \hbox (badness 10000) in paragraph at lines 419--420

 []


Overfull \hbox (1.38931pt too wide) in paragraph at lines 428--429
[]\OT1/cmr/m/n/10 Le probl^^Reme avec ce cal-cul est que la com-bi-nai-son de f
ac-teurs di-vise les fr^^Sequences
 []


Underfull \hbox (badness 10000) in paragraph at lines 428--429

 []


Underfull \hbox (badness 10000) in paragraph at lines 434--435

 []


Underfull \hbox (badness 10000) in paragraph at lines 439--440

 []


Underfull \hbox (badness 10000) in paragraph at lines 442--443

 []


Overfull \hbox (4.58386pt too wide) in paragraph at lines 444--445
[]\OT1/cmr/m/n/10 La valeur at-ten-due d'un vote (sur une ^^Sechelle or-donn^^S
ee) est la somme pond^^Ser^^See
 []


Underfull \hbox (badness 10000) in paragraph at lines 444--445

 []


Overfull \hbox (1.77835pt too wide) in paragraph at lines 450--451
[]\OT1/cmr/m/n/10 La for-mu-la-tion de cette ^^Sequation dans le con-texte d'es
itmer le vote de l'utilisateur
 []


Underfull \hbox (badness 10000) in paragraph at lines 450--451

 []


Underfull \hbox (badness 10000) in paragraph at lines 459--460

 []


Overfull \hbox (35.38757pt too wide) has occurred while \output is active
\OT1/cmr/m/sl/10 CHAPTER 2.  M[]ETHODE CONTENUE, PAGERANK ET UN PEU DE BAY[]ESI
EN \OT1/cmr/m/n/10 20
 []

[20]
Overfull \hbox (19.08388pt too wide) in paragraph at lines 465--466
\OT1/cmr/m/n/10 blit^^Ses et de d^^Seterminer un nom-bre ad^^Sequat de classes 
par des tech-niques d'exploration
 []


Underfull \hbox (badness 10000) in paragraph at lines 465--466

 []


Underfull \hbox (badness 10000) in paragraph at lines 467--468

 []

<decision_tree.png, id=97, 511.9125pt x 246.9225pt>
File: decision_tree.png Graphic file (type png)
 <use decision_tree.png>
Package pdftex.def Info: decision_tree.png used on input line 471.
(pdftex.def)             Requested size: 199.16928pt x 96.06953pt.

Underfull \hbox (badness 10000) in paragraph at lines 476--477

 []


Underfull \hbox (badness 10000) in paragraph at lines 482--483

 []


Underfull \hbox (badness 10000) in paragraph at lines 484--485

 []


Overfull \hbox (35.38757pt too wide) has occurred while \output is active
\OT1/cmr/m/sl/10 CHAPTER 2.  M[]ETHODE CONTENUE, PAGERANK ET UN PEU DE BAY[]ESI
EN \OT1/cmr/m/n/10 21
 []

[21 <./decision_tree.png>]
Underfull \hbox (badness 10000) in paragraph at lines 509--510

 []

<breese.png, id=101, 550.055pt x 291.0875pt>
File: breese.png Graphic file (type png)
 <use breese.png>
Package pdftex.def Info: breese.png used on input line 516.
(pdftex.def)             Requested size: 199.16928pt x 105.39992pt.

Underfull \hbox (badness 10000) in paragraph at lines 521--522

 []


Overfull \hbox (35.38757pt too wide) has occurred while \output is active
\OT1/cmr/m/sl/10 CHAPTER 2.  M[]ETHODE CONTENUE, PAGERANK ET UN PEU DE BAY[]ESI
EN \OT1/cmr/m/n/10 22
 []

[22]
Underfull \hbox (badness 10000) in paragraph at lines 523--524

 []


Underfull \hbox (badness 10000) in paragraph at lines 525--526

 []

<corpus.png, id=105, 397.485pt x 272.01625pt>
File: corpus.png Graphic file (type png)
 <use corpus.png>
Package pdftex.def Info: corpus.png used on input line 529.
(pdftex.def)             Requested size: 199.16928pt x 136.30247pt.

Underfull \hbox (badness 10000) in paragraph at lines 536--537

 []


Overfull \hbox (35.38757pt too wide) has occurred while \output is active
\OT1/cmr/m/sl/10 CHAPTER 2.  M[]ETHODE CONTENUE, PAGERANK ET UN PEU DE BAY[]ESI
EN \OT1/cmr/m/n/10 23
 []

[23 <./breese.png> <./corpus.png>]
Underfull \hbox (badness 10000) in paragraph at lines 538--539

 []


Underfull \hbox (badness 10000) in paragraph at lines 540--541

 []


Underfull \hbox (badness 10000) in paragraph at lines 551--552

 []


Underfull \hbox (badness 10000) in paragraph at lines 553--554

 []


Underfull \hbox (badness 10000) in paragraph at lines 555--556

 []


Underfull \hbox (badness 10000) in paragraph at lines 564--565

 []


Overfull \hbox (35.38757pt too wide) has occurred while \output is active
\OT1/cmr/m/sl/10 CHAPTER 2.  M[]ETHODE CONTENUE, PAGERANK ET UN PEU DE BAY[]ESI
EN \OT1/cmr/m/n/10 24
 []

[24]
Underfull \hbox (badness 10000) in paragraph at lines 575--576

 []

<pagerank_scores.png, id=113, 280.04625pt x 304.13625pt>
File: pagerank_scores.png Graphic file (type png)

<use pagerank_scores.png>
Package pdftex.def Info: pagerank_scores.png used on input line 587.
(pdftex.def)             Requested size: 199.16928pt x 216.3095pt.

<matrice_adjacance.png, id=114, 228.855pt x 296.10625pt>
File: matrice_adjacance.png Graphic file (type png)

<use matrice_adjacance.png>
Package pdftex.def Info: matrice_adjacance.png used on input line 594.
(pdftex.def)             Requested size: 199.16928pt x 257.70523pt.

Underfull \hbox (badness 10000) in paragraph at lines 599--600

 []


Underfull \hbox (badness 10000) in paragraph at lines 601--602

 []


Underfull \hbox (badness 10000) in paragraph at lines 604--605

 []


Overfull \hbox (35.38757pt too wide) has occurred while \output is active
\OT1/cmr/m/sl/10 CHAPTER 2.  M[]ETHODE CONTENUE, PAGERANK ET UN PEU DE BAY[]ESI
EN \OT1/cmr/m/n/10 25
 []

[25] <transition.png, id=119, 387.4475pt x 203.76125pt>
File: transition.png Graphic file (type png)
 <use transition.png>
Package pdftex.def Info: transition.png used on input line 608.
(pdftex.def)             Requested size: 199.16928pt x 104.74388pt.

Overfull \hbox (35.38757pt too wide) has occurred while \output is active
\OT1/cmr/m/sl/10 CHAPTER 2.  M[]ETHODE CONTENUE, PAGERANK ET UN PEU DE BAY[]ESI
EN \OT1/cmr/m/n/10 26
 []

[26 <./pagerank_scores.png>]
Overfull \hbox (35.38757pt too wide) has occurred while \output is active
\OT1/cmr/m/sl/10 CHAPTER 2.  M[]ETHODE CONTENUE, PAGERANK ET UN PEU DE BAY[]ESI
EN \OT1/cmr/m/n/10 27
 []

[27 <./matrice_adjacance.png> <./transition.png>]
Chapter 3.

Underfull \hbox (badness 10000) in paragraph at lines 618--619

 []


Underfull \hbox (badness 10000) in paragraph at lines 620--621

 []


Underfull \hbox (badness 10000) in paragraph at lines 622--623

 []

<graphic_representation.png, id=126, 380.42125pt x 281.05pt>
File: graphic_representation.png Graphic file (type png)

<use graphic_representation.png>
Package pdftex.def Info: graphic_representation.png used on input line 626.
(pdftex.def)             Requested size: 199.16928pt x 147.14604pt.

Underfull \hbox (badness 10000) in paragraph at lines 632--633

 []

[28

]
Underfull \hbox (badness 10000) in paragraph at lines 638--639

 []


Underfull \hbox (badness 10000) in paragraph at lines 640--641

 []


Underfull \hbox (badness 10000) in paragraph at lines 648--649

 []

[29 <./graphic_representation.png>]
Underfull \hbox (badness 10000) in paragraph at lines 661--662

 []

<SVD.png, id=133, 835.12pt x 379.4175pt>
File: SVD.png Graphic file (type png)
 <use SVD.png>
Package pdftex.def Info: SVD.png used on input line 665.
(pdftex.def)             Requested size: 345.0pt x 156.74323pt.

Overfull \hbox (6.68828pt too wide) in paragraph at lines 674--675
 \OT1/cmr/bx/n/10 Ex-em-ple dans le do-maine de la RI[] \OT1/cmr/m/n/10 Le do-m
aine de la recherche d'information
 []


Underfull \hbox (badness 10000) in paragraph at lines 674--675

 []

<recherche_information.png, id=134, 209.78375pt x 117.43875pt>
File: recherche_information.png Graphic file (type png)

<use recherche_information.png>
Package pdftex.def Info: recherche_information.png used on input line 678.
(pdftex.def)             Requested size: 85.35826pt x 47.78462pt.

<exemple_contenu.png, id=135, 467.7475pt x 182.6825pt>
File: exemple_contenu.png Graphic file (type png)

<use exemple_contenu.png>
Package pdftex.def Info: exemple_contenu.png used on input line 685.
(pdftex.def)             Requested size: 113.81102pt x 44.44957pt.
 <matrice_terme.png, id=136, 457.71pt x 292.09125pt>
File: matrice_terme.png Graphic file (type png)

<use matrice_terme.png>
Package pdftex.def Info: matrice_terme.png used on input line 692.
(pdftex.def)             Requested size: 113.81102pt x 72.62595pt.

Underfull \hbox (badness 10000) in paragraph at lines 697--698

 []

[30 <./SVD.png>]
Underfull \hbox (badness 10000) in paragraph at lines 699--700

 []


Overfull \hbox (19.56293pt too wide) in paragraph at lines 703--703
[]\OT1/cmr/bx/n/14.4 Factorisation en Valeur non-n^^Segative + Valeurs
 []


Underfull \hbox (badness 10000) in paragraph at lines 704--705

 []

[31 <./recherche_information.png> <./exemple_contenu.png> <./matrice_terme.png>
]
Underfull \hbox (badness 10000) in paragraph at lines 710--711

 []


Underfull \hbox (badness 10000) in paragraph at lines 712--713

 []


Underfull \hbox (badness 10000) in paragraph at lines 714--715

 []


Underfull \hbox (badness 10000) in paragraph at lines 723--724

 []


Underfull \hbox (badness 10000) in paragraph at lines 730--731

 []


Underfull \hbox (badness 10000) in paragraph at lines 736--737

 []


Underfull \hbox (badness 10000) in paragraph at lines 742--743

 []

[32]
Underfull \hbox (badness 10000) in paragraph at lines 744--745

 []

[33]
Chapter 4.

Underfull \hbox (badness 10000) in paragraph at lines 751--752

 []


Overfull \hbox (36.53198pt too wide) in paragraph at lines 755--756
[]\OT1/cmr/bx/n/10 Connaissances\OT1/cmr/m/n/10 : tr^^Res im-por-tant pour les 
syst^^Remes d'aide, les guide d'apprentissage
 []


Underfull \hbox (badness 10000) in paragraph at lines 759--760

 []


Underfull \hbox (badness 10000) in paragraph at lines 761--762

 []


Overfull \hbox (4.0839pt too wide) in paragraph at lines 766--767
[]\OT1/cmr/m/n/10 Exerciseur: adapte la dif-fi-cult^^Se des ex-er-ci-ces/items 
au niveau de l'apprenant 
 []


Underfull \hbox (badness 10000) in paragraph at lines 769--770

 []

[34

]
Underfull \hbox (badness 10000) in paragraph at lines 771--772

 []


Underfull \hbox (badness 10000) in paragraph at lines 778--779

 []


Underfull \hbox (badness 10000) in paragraph at lines 780--781

 []


Overfull \hbox (20.26918pt too wide) in paragraph at lines 782--783
[]\OT1/cmr/m/n/10 On fait l'estimation des param^etres par ap-pren-tis-sage par
 ing^^Senierie. L'estimation
 []


Overfull \hbox (26.72284pt too wide) in paragraph at lines 782--783
\OT1/cmr/m/n/10 des param^etres par ap-pren-tis-sage avec des donn^^Sees em-pir
iques per-met l'automatisation
 []


Underfull \hbox (badness 10000) in paragraph at lines 782--783

 []

<latent_observable.png, id=153, 257.96375pt x 97.36375pt>
File: latent_observable.png Graphic file (type png)

<use latent_observable.png>
Package pdftex.def Info: latent_observable.png used on input line 786.
(pdftex.def)             Requested size: 199.16928pt x 75.17532pt.

Overfull \hbox (5.01913pt too wide) in paragraph at lines 791--792
\OT1/cmr/m/n/10 param^etres la-tents puisqu'il ne sont ja-mais (??). Dans la re
pr^^Sesentation graphique
 []

[35 <./latent_observable.png>]
Underfull \hbox (badness 10000) in paragraph at lines 793--794

 []


Overfull \hbox (8.87091pt too wide) in paragraph at lines 795--796
\OT1/cmr/m/n/10 su-jets. On ap-pelle ce terme Q-matrix (q-matrice). Chaque ques
-tion est repr^^Sesenter
 []


Underfull \hbox (badness 10000) in paragraph at lines 795--796

 []

<q_matrix.png, id=157, 529.98pt x 350.30875pt>
File: q_matrix.png Graphic file (type png)
 <use q_matrix.png>
Package pdftex.def Info: q_matrix.png used on input line 799.
(pdftex.def)             Requested size: 199.16928pt x 131.64876pt.

Overfull \hbox (2.41809pt too wide) in paragraph at lines 809--810
[]\OT1/cmr/m/n/10 un mod^^Rele \OT1/cmr/bx/n/10 com-pen-satoire\OT1/cmr/m/n/10 
, ou chaque comp^^Setences con-tribue lin^^Seairement
 []

[36 <./q_matrix.png>]
Overfull \hbox (14.1117pt too wide) in paragraph at lines 822--823
\OT1/cmr/m/n/10 On peut aussi utiliser des ^^Sel^^Sements ob-serv-ables comme ^
^Sevidence pour l'appartenance
 []


Underfull \hbox (badness 10000) in paragraph at lines 822--823

 []


Overfull \hbox (14.34131pt too wide) in paragraph at lines 828--829
[]\OT1/cmr/m/n/10 ou $\OML/cmm/m/it/10 x[]$ \OT1/cmr/m/n/10 repr^^Sesente le su
cc^^Res ou l'^^Sechec ^^Ra l'item cor-re-spon-dant. On abr^^Rege g^^Sen^^Serale
ment
 []


Underfull \hbox (badness 10000) in paragraph at lines 828--829

 []


Underfull \hbox (badness 10000) in paragraph at lines 834--835

 []


Underfull \hbox (badness 10000) in paragraph at lines 840--841

 []

[37]
Underfull \hbox (badness 10000) in paragraph at lines 858--859

 []

<bayes_network_knowledge.png, id=165, 284.06125pt x 204.765pt>
File: bayes_network_knowledge.png Graphic file (type png)

<use bayes_network_knowledge.png>
Package pdftex.def Info: bayes_network_knowledge.png used on input line 864.
(pdftex.def)             Requested size: 85.35826pt x 61.52994pt.

Underfull \hbox (badness 10000) in paragraph at lines 873--874

 []

[38 <./bayes_network_knowledge.png>]
Underfull \hbox (badness 10000) in paragraph at lines 875--876

 []


Overfull \hbox (10.38943pt too wide) in paragraph at lines 883--884
[]\OT1/cmr/m/n/10 Les nou-velles prob-a-blit^^Ses sont r^^Seutilis^^Sees pour c
r^^Seer de nou-veaux ^^Sechantillons. 
 []


Underfull \hbox (badness 10000) in paragraph at lines 888--889

 []


Underfull \hbox (badness 10000) in paragraph at lines 894--895

 []

<sigmoide.png, id=169, 578.16pt x 479.7925pt>
File: sigmoide.png Graphic file (type png)
 <use sigmoide.png>
Package pdftex.def Info: sigmoide.png used on input line 902.
(pdftex.def)             Requested size: 142.26378pt x 118.05899pt.

Underfull \hbox (badness 10000) in paragraph at lines 907--908

 []


Underfull \hbox (badness 10000) in paragraph at lines 913--914

 []

[39]
Underfull \hbox (badness 10000) in paragraph at lines 923--924

 []

<graph_theta.png, id=173, 344.28625pt x 303.1325pt>
File: graph_theta.png Graphic file (type png)
 <use graph_theta.png>
Package pdftex.def Info: graph_theta.png used on input line 927.
(pdftex.def)             Requested size: 170.71652pt x 150.30775pt.

[40 <./sigmoide.png> <./graph_theta.png>]
Underfull \hbox (badness 10000) in paragraph at lines 939--940

 []


Underfull \hbox (badness 10000) in paragraph at lines 945--946

 []

<tri.png, id=177, 391.4625pt x 361.35pt>
File: tri.png Graphic file (type png)
 <use tri.png>
Package pdftex.def Info: tri.png used on input line 949.
(pdftex.def)             Requested size: 199.16928pt x 183.85048pt.
 [41 <./tri.png>]
Chapter 5.

Underfull \hbox (badness 10000) in paragraph at lines 957--958

 []


Underfull \hbox (badness 10000) in paragraph at lines 959--960

 []


Underfull \hbox (badness 10000) in paragraph at lines 961--962

 []


Underfull \hbox (badness 10000) in paragraph at lines 963--964

 []

[42

]
Underfull \hbox (badness 10000) in paragraph at lines 965--966

 []


Overfull \hbox (7.334pt too wide) in paragraph at lines 968--969
[]\OT1/cmr/m/n/10 https://spectrum.ieee.org/computing/software/deconstructing-r
ecommender-
 []

[43] [44]
Overfull \hbox (10.89803pt too wide) in paragraph at lines 1029--1029
[]\OT1/cmr/bx/n/14.4 Multicriteria User Mod-el-ing in Rec-om-mender
 []

[45] [46]
Overfull \hbox (2.79631pt too wide) in paragraph at lines 1063--1063
[]\OT1/cmr/bx/n/14.4 User-Based Collaborative-Filtering Rec-om-
 []

[47] [48] [49] [50]
Overfull \hbox (9.97961pt too wide) in paragraph at lines 1205--1205
[]\OT1/cmr/bx/n/14.4 Comparing context-aware rec-om-mender sys-
 []

[51] [52] (./NotesLOG6308.aux)

LaTeX Warning: Label(s) may have changed. Rerun to get cross-references right.

 ) 
Here is how much of TeX's memory you used:
 5072 strings out of 493029
 71826 string characters out of 6136233
 145612 words of memory out of 5000000
 8485 multiletter control sequences out of 15000+600000
 10934 words of font info for 39 fonts, out of 8000000 for 9000
 1141 hyphenation exceptions out of 8191
 38i,7n,32p,1617b,313s stack positions out of 5000i,500n,10000p,200000b,80000s
</usr/share/texlive/texmf-dist/fonts/type1/public/amsfonts/cm/cmbx10.pfb></us
r/share/texlive/texmf-dist/fonts/type1/public/amsfonts/cm/cmbx12.pfb></usr/shar
e/texlive/texmf-dist/fonts/type1/public/amsfonts/cm/cmex10.pfb></usr/share/texl
ive/texmf-dist/fonts/type1/public/amsfonts/cmextra/cmex7.pfb></usr/share/texliv
e/texmf-dist/fonts/type1/public/amsfonts/cm/cmmi10.pfb></usr/share/texlive/texm
f-dist/fonts/type1/public/amsfonts/cm/cmmi5.pfb></usr/share/texlive/texmf-dist/
fonts/type1/public/amsfonts/cm/cmmi7.pfb></usr/share/texlive/texmf-dist/fonts/t
ype1/public/amsfonts/cm/cmr10.pfb></usr/share/texlive/texmf-dist/fonts/type1/pu
blic/amsfonts/cm/cmr12.pfb></usr/share/texlive/texmf-dist/fonts/type1/public/am
sfonts/cm/cmr17.pfb></usr/share/texlive/texmf-dist/fonts/type1/public/amsfonts/
cm/cmr5.pfb></usr/share/texlive/texmf-dist/fonts/type1/public/amsfonts/cm/cmr7.
pfb></usr/share/texlive/texmf-dist/fonts/type1/public/amsfonts/cm/cmsl10.pfb></
usr/share/texlive/texmf-dist/fonts/type1/public/amsfonts/cm/cmsy10.pfb></usr/sh
are/texlive/texmf-dist/fonts/type1/public/amsfonts/cm/cmsy5.pfb></usr/share/tex
live/texmf-dist/fonts/type1/public/amsfonts/cm/cmsy7.pfb></usr/share/texlive/te
xmf-dist/fonts/type1/public/amsfonts/cm/cmti10.pfb>
Output written on NotesLOG6308.pdf (53 pages, 739053 bytes).
PDF statistics:
 273 PDF objects out of 1000 (max. 8388607)
 170 compressed objects within 2 object streams
 0 named destinations out of 1000 (max. 500000)
 146 words of extra memory for PDF output out of 10000 (max. 10000000)

