This is pdfTeX, Version 3.14159265-2.6-1.40.19 (TeX Live 2019/dev/Debian) (preloaded format=pdflatex 2018.9.3)  8 SEP 2018 23:57
entering extended mode
 restricted \write18 enabled.
 %&-line parsing enabled.
**NotesINF6603.tex
(./NotesINF6603.tex
LaTeX2e <2018-04-01> patch level 5
(/usr/share/texlive/texmf-dist/tex/latex/base/book.cls
Document Class: book 2014/09/29 v1.4h Standard LaTeX document class
(/usr/share/texlive/texmf-dist/tex/latex/base/bk10.clo
File: bk10.clo 2014/09/29 v1.4h Standard LaTeX file (size option)
)
\c@part=\count80
\c@chapter=\count81
\c@section=\count82
\c@subsection=\count83
\c@subsubsection=\count84
\c@paragraph=\count85
\c@subparagraph=\count86
\c@figure=\count87
\c@table=\count88
\abovecaptionskip=\skip41
\belowcaptionskip=\skip42
\bibindent=\dimen102
)
(/usr/share/texlive/texmf-dist/tex/latex/base/inputenc.sty
Package: inputenc 2018/04/06 v1.3b Input encoding file
\inpenc@prehook=\toks14
\inpenc@posthook=\toks15
)
(/usr/share/texlive/texmf-dist/tex/latex/float/float.sty
Package: float 2001/11/08 v1.3d Float enhancements (AL)
\c@float@type=\count89
\float@exts=\toks16
\float@box=\box26
\@float@everytoks=\toks17
\@floatcapt=\box27
)
(/usr/share/texlive/texmf-dist/tex/latex/graphics/graphicx.sty
Package: graphicx 2017/06/01 v1.1a Enhanced LaTeX Graphics (DPC,SPQR)

(/usr/share/texlive/texmf-dist/tex/latex/graphics/keyval.sty
Package: keyval 2014/10/28 v1.15 key=value parser (DPC)
\KV@toks@=\toks18
)
(/usr/share/texlive/texmf-dist/tex/latex/graphics/graphics.sty
Package: graphics 2017/06/25 v1.2c Standard LaTeX Graphics (DPC,SPQR)

(/usr/share/texlive/texmf-dist/tex/latex/graphics/trig.sty
Package: trig 2016/01/03 v1.10 sin cos tan (DPC)
)
(/usr/share/texlive/texmf-dist/tex/latex/graphics-cfg/graphics.cfg
File: graphics.cfg 2016/06/04 v1.11 sample graphics configuration
)
Package graphics Info: Driver file: pdftex.def on input line 99.

(/usr/share/texlive/texmf-dist/tex/latex/graphics-def/pdftex.def
File: pdftex.def 2018/01/08 v1.0l Graphics/color driver for pdftex
))
\Gin@req@height=\dimen103
\Gin@req@width=\dimen104
)
(/usr/share/texlive/texmf-dist/tex/latex/amsmath/amsmath.sty
Package: amsmath 2017/09/02 v2.17a AMS math features
\@mathmargin=\skip43

For additional information on amsmath, use the `?' option.
(/usr/share/texlive/texmf-dist/tex/latex/amsmath/amstext.sty
Package: amstext 2000/06/29 v2.01 AMS text

(/usr/share/texlive/texmf-dist/tex/latex/amsmath/amsgen.sty
File: amsgen.sty 1999/11/30 v2.0 generic functions
\@emptytoks=\toks19
\ex@=\dimen105
))
(/usr/share/texlive/texmf-dist/tex/latex/amsmath/amsbsy.sty
Package: amsbsy 1999/11/29 v1.2d Bold Symbols
\pmbraise@=\dimen106
)
(/usr/share/texlive/texmf-dist/tex/latex/amsmath/amsopn.sty
Package: amsopn 2016/03/08 v2.02 operator names
)
\inf@bad=\count90
LaTeX Info: Redefining \frac on input line 213.
\uproot@=\count91
\leftroot@=\count92
LaTeX Info: Redefining \overline on input line 375.
\classnum@=\count93
\DOTSCASE@=\count94
LaTeX Info: Redefining \ldots on input line 472.
LaTeX Info: Redefining \dots on input line 475.
LaTeX Info: Redefining \cdots on input line 596.
\Mathstrutbox@=\box28
\strutbox@=\box29
\big@size=\dimen107
LaTeX Font Info:    Redeclaring font encoding OML on input line 712.
LaTeX Font Info:    Redeclaring font encoding OMS on input line 713.
\macc@depth=\count95
\c@MaxMatrixCols=\count96
\dotsspace@=\muskip10
\c@parentequation=\count97
\dspbrk@lvl=\count98
\tag@help=\toks20
\row@=\count99
\column@=\count100
\maxfields@=\count101
\andhelp@=\toks21
\eqnshift@=\dimen108
\alignsep@=\dimen109
\tagshift@=\dimen110
\tagwidth@=\dimen111
\totwidth@=\dimen112
\lineht@=\dimen113
\@envbody=\toks22
\multlinegap=\skip44
\multlinetaggap=\skip45
\mathdisplay@stack=\toks23
LaTeX Info: Redefining \[ on input line 2817.
LaTeX Info: Redefining \] on input line 2818.
)
(/usr/share/texlive/texmf-dist/tex/latex/graphics/color.sty
Package: color 2016/07/10 v1.1e Standard LaTeX Color (DPC)

(/usr/share/texlive/texmf-dist/tex/latex/graphics-cfg/color.cfg
File: color.cfg 2016/01/02 v1.6 sample color configuration
)
Package color Info: Driver file: pdftex.def on input line 147.
)
(/usr/share/texlive/texmf-dist/tex/latex/tools/multicol.sty
Package: multicol 2018/04/20 v1.8s multicolumn formatting (FMi)
\c@tracingmulticols=\count102
\mult@box=\box30
\multicol@leftmargin=\dimen114
\c@unbalance=\count103
\c@collectmore=\count104
\doublecol@number=\count105
\multicoltolerance=\count106
\multicolpretolerance=\count107
\full@width=\dimen115
\page@free=\dimen116
\premulticols=\dimen117
\postmulticols=\dimen118
\multicolsep=\skip46
\multicolbaselineskip=\skip47
\partial@page=\box31
\last@line=\box32
\maxbalancingoverflow=\dimen119
\mult@rightbox=\box33
\mult@grightbox=\box34
\mult@gfirstbox=\box35
\mult@firstbox=\box36
\@tempa=\box37
\@tempa=\box38
\@tempa=\box39
\@tempa=\box40
\@tempa=\box41
\@tempa=\box42
\@tempa=\box43
\@tempa=\box44
\@tempa=\box45
\@tempa=\box46
\@tempa=\box47
\@tempa=\box48
\@tempa=\box49
\@tempa=\box50
\@tempa=\box51
\@tempa=\box52
\@tempa=\box53
\c@columnbadness=\count108
\c@finalcolumnbadness=\count109
\last@try=\dimen120
\multicolovershoot=\dimen121
\multicolundershoot=\dimen122
\mult@nat@firstbox=\box54
\colbreak@box=\box55
\mc@col@check@num=\count110
)
(/usr/share/texlive/texmf-dist/tex/latex/ms/ragged2e.sty
Package: ragged2e 2009/05/21 v2.1 ragged2e Package (MS)

(/usr/share/texlive/texmf-dist/tex/latex/ms/everysel.sty
Package: everysel 2011/10/28 v1.2 EverySelectfont Package (MS)
)
\CenteringLeftskip=\skip48
\RaggedLeftLeftskip=\skip49
\RaggedRightLeftskip=\skip50
\CenteringRightskip=\skip51
\RaggedLeftRightskip=\skip52
\RaggedRightRightskip=\skip53
\CenteringParfillskip=\skip54
\RaggedLeftParfillskip=\skip55
\RaggedRightParfillskip=\skip56
\JustifyingParfillskip=\skip57
\CenteringParindent=\skip58
\RaggedLeftParindent=\skip59
\RaggedRightParindent=\skip60
\JustifyingParindent=\skip61
)
(/usr/share/texlive/texmf-dist/tex/latex/listings/listings.sty
\lst@mode=\count111
\lst@gtempboxa=\box56
\lst@token=\toks24
\lst@length=\count112
\lst@currlwidth=\dimen123
\lst@column=\count113
\lst@pos=\count114
\lst@lostspace=\dimen124
\lst@width=\dimen125
\lst@newlines=\count115
\lst@lineno=\count116
\lst@maxwidth=\dimen126

(/usr/share/texlive/texmf-dist/tex/latex/listings/lstmisc.sty
File: lstmisc.sty 2015/06/04 1.6 (Carsten Heinz)
\c@lstnumber=\count117
\lst@skipnumbers=\count118
\lst@framebox=\box57
)
(/usr/share/texlive/texmf-dist/tex/latex/listings/listings.cfg
File: listings.cfg 2015/06/04 1.6 listings configuration
))
Package: listings 2015/06/04 1.6 (Carsten Heinz)

(/usr/share/texlive/texmf-dist/tex/latex/pdfpages/pdfpages.sty
Package: pdfpages 2017/10/31 v0.5l Insert pages of external PDF documents (AM)

(/usr/share/texlive/texmf-dist/tex/latex/base/ifthen.sty
Package: ifthen 2014/09/29 v1.1c Standard LaTeX ifthen package (DPC)
)
(/usr/share/texlive/texmf-dist/tex/latex/tools/calc.sty
Package: calc 2017/05/25 v4.3 Infix arithmetic (KKT,FJ)
\calc@Acount=\count119
\calc@Bcount=\count120
\calc@Adimen=\dimen127
\calc@Bdimen=\dimen128
\calc@Askip=\skip62
\calc@Bskip=\skip63
LaTeX Info: Redefining \setlength on input line 80.
LaTeX Info: Redefining \addtolength on input line 81.
\calc@Ccount=\count121
\calc@Cskip=\skip64
)
(/usr/share/texlive/texmf-dist/tex/latex/eso-pic/eso-pic.sty
Package: eso-pic 2018/04/12 v2.0h eso-pic (RN)

(/usr/share/texlive/texmf-dist/tex/generic/oberdiek/atbegshi.sty
Package: atbegshi 2016/06/09 v1.18 At begin shipout hook (HO)

(/usr/share/texlive/texmf-dist/tex/generic/oberdiek/infwarerr.sty
Package: infwarerr 2016/05/16 v1.4 Providing info/warning/error messages (HO)
)
(/usr/share/texlive/texmf-dist/tex/generic/oberdiek/ltxcmds.sty
Package: ltxcmds 2016/05/16 v1.23 LaTeX kernel commands for general use (HO)
)
(/usr/share/texlive/texmf-dist/tex/generic/oberdiek/ifpdf.sty
Package: ifpdf 2017/03/15 v3.2 Provides the ifpdf switch
)))
\AM@pagewidth=\dimen129
\AM@pageheight=\dimen130

(/usr/share/texlive/texmf-dist/tex/latex/pdfpages/pppdftex.def
File: pppdftex.def 2017/10/31 v0.5l Pdfpages driver for pdfTeX (AM)
)
\AM@pagebox=\box58
\AM@global@opts=\toks25
\AM@toc@title=\toks26
\c@AM@survey=\count122
\AM@templatesizebox=\box59
)
\@indexfile=\write3
\openout3 = `NotesINF6603.idx'.


Writing index file NotesINF6603.idx
(./NotesINF6603.aux)
\openout1 = `NotesINF6603.aux'.

LaTeX Font Info:    Checking defaults for OML/cmm/m/it on input line 17.
LaTeX Font Info:    ... okay on input line 17.
LaTeX Font Info:    Checking defaults for T1/cmr/m/n on input line 17.
LaTeX Font Info:    ... okay on input line 17.
LaTeX Font Info:    Checking defaults for OT1/cmr/m/n on input line 17.
LaTeX Font Info:    ... okay on input line 17.
LaTeX Font Info:    Checking defaults for OMS/cmsy/m/n on input line 17.
LaTeX Font Info:    ... okay on input line 17.
LaTeX Font Info:    Checking defaults for OMX/cmex/m/n on input line 17.
LaTeX Font Info:    ... okay on input line 17.
LaTeX Font Info:    Checking defaults for U/cmr/m/n on input line 17.
LaTeX Font Info:    ... okay on input line 17.

(/usr/share/texlive/texmf-dist/tex/context/base/mkii/supp-pdf.mkii
[Loading MPS to PDF converter (version 2006.09.02).]
\scratchcounter=\count123
\scratchdimen=\dimen131
\scratchbox=\box60
\nofMPsegments=\count124
\nofMParguments=\count125
\everyMPshowfont=\toks27
\MPscratchCnt=\count126
\MPscratchDim=\dimen132
\MPnumerator=\count127
\makeMPintoPDFobject=\count128
\everyMPtoPDFconversion=\toks28
) (/usr/share/texlive/texmf-dist/tex/latex/oberdiek/epstopdf-base.sty
Package: epstopdf-base 2016/05/15 v2.6 Base part for package epstopdf

(/usr/share/texlive/texmf-dist/tex/latex/oberdiek/grfext.sty
Package: grfext 2016/05/16 v1.2 Manage graphics extensions (HO)

(/usr/share/texlive/texmf-dist/tex/generic/oberdiek/kvdefinekeys.sty
Package: kvdefinekeys 2016/05/16 v1.4 Define keys (HO)
))
(/usr/share/texlive/texmf-dist/tex/latex/oberdiek/kvoptions.sty
Package: kvoptions 2016/05/16 v3.12 Key value format for package options (HO)

(/usr/share/texlive/texmf-dist/tex/generic/oberdiek/kvsetkeys.sty
Package: kvsetkeys 2016/05/16 v1.17 Key value parser (HO)

(/usr/share/texlive/texmf-dist/tex/generic/oberdiek/etexcmds.sty
Package: etexcmds 2016/05/16 v1.6 Avoid name clashes with e-TeX commands (HO)

(/usr/share/texlive/texmf-dist/tex/generic/oberdiek/ifluatex.sty
Package: ifluatex 2016/05/16 v1.4 Provides the ifluatex switch (HO)
Package ifluatex Info: LuaTeX not detected.
))))
(/usr/share/texlive/texmf-dist/tex/generic/oberdiek/pdftexcmds.sty
Package: pdftexcmds 2018/01/30 v0.27 Utility functions of pdfTeX for LuaTeX (HO
)
Package pdftexcmds Info: LuaTeX not detected.
Package pdftexcmds Info: \pdf@primitive is available.
Package pdftexcmds Info: \pdf@ifprimitive is available.
Package pdftexcmds Info: \pdfdraftmode found.
)
Package epstopdf-base Info: Redefining graphics rule for `.eps' on input line 4
38.
Package grfext Info: Graphics extension search list:
(grfext)             [.pdf,.png,.jpg,.mps,.jpeg,.jbig2,.jb2,.PDF,.PNG,.JPG,.JPE
G,.JBIG2,.JB2,.eps]
(grfext)             \AppendGraphicsExtensions on input line 456.

(/usr/share/texlive/texmf-dist/tex/latex/latexconfig/epstopdf-sys.cfg
File: epstopdf-sys.cfg 2010/07/13 v1.3 Configuration of (r)epstopdf for TeX Liv
e
))
ABD: EverySelectfont initializing macros
LaTeX Info: Redefining \selectfont on input line 17.
\c@lstlisting=\count129
\AtBeginShipoutBox=\box61

(/usr/share/texlive/texmf-dist/tex/latex/oberdiek/pdflscape.sty
Package: pdflscape 2016/05/14 v0.11 Display of landscape pages in PDF (HO)

(/usr/share/texlive/texmf-dist/tex/latex/graphics/lscape.sty
Package: lscape 2000/10/22 v3.01 Landscape Pages (DPC)
)
Package pdflscape Info: Auto-detected driver: pdftex on input line 81.

(/usr/share/texlive/texmf-dist/tex/generic/ifxetex/ifxetex.sty
Package: ifxetex 2010/09/12 v0.6 Provides ifxetex conditional
)) [1


{/var/lib/texmf/fonts/map/pdftex/updmap/pdftex.map}] (./NotesINF6603.toc)
\tf@toc=\write4
\openout4 = `NotesINF6603.toc'.

 [1

]
Chapter 1.

Underfull \hbox (badness 10000) in paragraph at lines 22--25

 []

LaTeX Font Info:    Try loading font information for OMS+cmr on input line 28.
(/usr/share/texlive/texmf-dist/tex/latex/base/omscmr.fd
File: omscmr.fd 2014/09/29 v2.5h Standard LaTeX font definitions
)
LaTeX Font Info:    Font shape `OMS/cmr/m/n' in size <10> not available
(Font)              Font shape `OMS/cmsy/m/n' tried instead on input line 28.
<Images/processus_de_developpement.png, id=14, 761.84625pt x 424.58624pt>
File: Images/processus_de_developpement.png Graphic file (type png)
<use Images/processus_de_developpement.png>
Package pdftex.def Info: Images/processus_de_developpement.png  used on input l
ine 34.
(pdftex.def)             Requested size: 199.16808pt x 110.99881pt.

Underfull \hbox (badness 10000) in paragraph at lines 38--39

 []

<Images/types_tests.png, id=15, 788.9475pt x 365.365pt>
File: Images/types_tests.png Graphic file (type png)
<use Images/types_tests.png>
Package pdftex.def Info: Images/types_tests.png  used on input line 42.
(pdftex.def)             Requested size: 199.16252pt x 92.23302pt.

Underfull \hbox (badness 10000) in paragraph at lines 47--48

 []


Underfull \hbox (badness 10000) in paragraph at lines 49--50

 []

[2

 <./Images/processus_de_developpement.png>]
Underfull \hbox (badness 10000) in paragraph at lines 58--59

 []


Underfull \hbox (badness 10000) in paragraph at lines 60--61

 []

<Images/flowchart_verification.png, id=20, 742.775pt x 400.49625pt>
File: Images/flowchart_verification.png Graphic file (type png)
<use Images/flowchart_verification.png>
Package pdftex.def Info: Images/flowchart_verification.png  used on input line 
71.
(pdftex.def)             Requested size: 199.1692pt x 107.38988pt.

Underfull \hbox (badness 10000) in paragraph at lines 77--78

 []


Overfull \hbox (6.27827pt too wide) in paragraph at lines 79--80
[]\OT1/cmr/m/n/10 Dans le cas des syst^^Remes temps r^^Seelles, le fonc-tion-ne
ment est as-su-jetti ^^Ra l'^^Sevolution
 []


Underfull \hbox (badness 10000) in paragraph at lines 79--80

 []

[3 <./Images/types_tests.png>]
Underfull \hbox (badness 10000) in paragraph at lines 89--90

 []

[4 <./Images/flowchart_verification.png>]
Underfull \hbox (badness 10000) in paragraph at lines 138--139

 []

<Images/java_pathfinder.png, id=28, 828.09375pt x 529.98pt>
File: Images/java_pathfinder.png Graphic file (type png)
<use Images/java_pathfinder.png>
Package pdftex.def Info: Images/java_pathfinder.png  used on input line 142.
(pdftex.def)             Requested size: 199.16353pt x 127.46466pt.

Underfull \hbox (badness 10000) in paragraph at lines 148--149

 []

<Images/llbmc.png, id=29, 803.0pt x 390.45876pt>
File: Images/llbmc.png Graphic file (type png)
<use Images/llbmc.png>
Package pdftex.def Info: Images/llbmc.png  used on input line 152.
(pdftex.def)             Requested size: 199.1689pt x 96.84587pt.
[5 <./Images/java_pathfinder.png>]
Underfull \hbox (badness 10000) in paragraph at lines 158--159

 []

<Images/exemple_promela.png, id=33, 779.91376pt x 464.73625pt>
File: Images/exemple_promela.png Graphic file (type png)
<use Images/exemple_promela.png>
Package pdftex.def Info: Images/exemple_promela.png  used on input line 162.
(pdftex.def)             Requested size: 199.16693pt x 118.6799pt.

Underfull \hbox (badness 10000) in paragraph at lines 168--169

 []


Overfull \hbox (1.65778pt too wide) in paragraph at lines 170--171
\OT1/cmr/m/n/10 valeurs ou x0 est la valeur ini-tiale et xi est la valeur de x 
au $\OML/cmm/m/it/10 i[]$ \OT1/cmr/m/n/10 cy-cle d'ex^^Secution. 
 []

<Images/exemple_lustre.png, id=34, 477.785pt x 204.765pt>
File: Images/exemple_lustre.png Graphic file (type png)
<use Images/exemple_lustre.png>
Package pdftex.def Info: Images/exemple_lustre.png  used on input line 175.
(pdftex.def)             Requested size: 199.1665pt x 85.35706pt.
[6 <./Images/llbmc.png> <./Images/exemple_promela.png>]
Underfull \hbox (badness 10000) in paragraph at lines 181--182

 []


Underfull \hbox (badness 10000) in paragraph at lines 190--191

 []

<Images/statechart.png, id=41, 572.1375pt x 312.16624pt>
File: Images/statechart.png Graphic file (type png)
<use Images/statechart.png>
Package pdftex.def Info: Images/statechart.png  used on input line 194.
(pdftex.def)             Requested size: 199.16858pt x 108.66917pt.
<Images/reseaux_petri.png, id=42, 709.65125pt x 446.66875pt>
File: Images/reseaux_petri.png Graphic file (type png)
<use Images/reseaux_petri.png>
Package pdftex.def Info: Images/reseaux_petri.png  used on input line 201.
(pdftex.def)             Requested size: 199.16661pt x 125.35947pt.
<Images/automate_discret.png, id=43, 708.6475pt x 293.095pt>
File: Images/automate_discret.png Graphic file (type png)
<use Images/automate_discret.png>
Package pdftex.def Info: Images/automate_discret.png  used on input line 208.
(pdftex.def)             Requested size: 199.16605pt x 82.37462pt.
<Images/modele_logique.png, id=44, 792.9625pt x 469.755pt>
File: Images/modele_logique.png Graphic file (type png)
<use Images/modele_logique.png>
Package pdftex.def Info: Images/modele_logique.png  used on input line 219.
(pdftex.def)             Requested size: 199.1597pt x 117.98322pt.

Overfull \hbox (0.19507pt too wide) in paragraph at lines 226--227
\OT1/cmr/m/n/10 Description du com-porte-ment d'un syst^^Reme ^^Ra l'aide d'une
 de-scrip-tion alg^^Sebrique.
 []


Underfull \hbox (badness 10000) in paragraph at lines 226--227

 []

[7 <./Images/exemple_lustre.png> <./Images/statechart.png>] [8 <./Images/reseau
x_petri.png> <./Images/automate_discret.png> <./Images/modele_logique.png>]
Underfull \hbox (badness 10000) in paragraph at lines 233--234

 []


Underfull \hbox (badness 10000) in paragraph at lines 236--237

 []

<Images/exemple_ltl.png, id=52, 798.985pt x 405.515pt>
File: Images/exemple_ltl.png Graphic file (type png)
<use Images/exemple_ltl.png>
Package pdftex.def Info: Images/exemple_ltl.png  used on input line 240.
(pdftex.def)             Requested size: 199.17276pt x 101.08768pt.

Underfull \hbox (badness 10000) in paragraph at lines 246--247

 []


Underfull \hbox (badness 10000) in paragraph at lines 249--250

 []

<Images/exemple_ctl.png, id=53, 758.835pt x 312.16624pt>
File: Images/exemple_ctl.png Graphic file (type png)
<use Images/exemple_ctl.png>
Package pdftex.def Info: Images/exemple_ctl.png  used on input line 253.
(pdftex.def)             Requested size: 199.16823pt x 81.93295pt.

Underfull \hbox (badness 10000) in paragraph at lines 260--261

 []

[9 <./Images/exemple_ltl.png> <./Images/exemple_ctl.png>]
Overfull \hbox (4.40787pt too wide) in paragraph at lines 263--264
\OT1/cmr/m/n/10 Ce sont des preuves au sens math^^Sematique du terme. Elles che
rchent ^^Ra d^^Seterminer
 []


Underfull \hbox (badness 10000) in paragraph at lines 263--264

 []

<Images/methode_syntaxique.png, id=57, 717.68124pt x 213.79875pt>
File: Images/methode_syntaxique.png Graphic file (type png)
<use Images/methode_syntaxique.png>
Package pdftex.def Info: Images/methode_syntaxique.png  used on input line 267.

(pdftex.def)             Requested size: 199.16437pt x 59.33148pt.

Underfull \hbox (badness 10000) in paragraph at lines 272--273

 []


Overfull \hbox (3.40797pt too wide) in paragraph at lines 275--276
\OT1/cmr/m/n/10 Dans les m^^Sethodes s^^Semantiques, on se base sur l'ex^^Secut
ion du mod^^Rele. L'approche
 []

<Images/flot_model_checking.png, id=58, 804.00375pt x 463.7325pt>
File: Images/flot_model_checking.png Graphic file (type png)
<use Images/flot_model_checking.png>
Package pdftex.def Info: Images/flot_model_checking.png  used on input line 283
.
(pdftex.def)             Requested size: 199.16023pt x 114.87143pt.

Underfull \hbox (badness 10000) in paragraph at lines 289--290

 []


Underfull \hbox (badness 10000) in paragraph at lines 291--292

 []

[10 <./Images/methode_syntaxique.png>] [11 <./Images/flot_model_checking.png>]
Chapter 2.
<Images/real_time_systems.png, id=65, 711.65875pt x 422.57875pt>
File: Images/real_time_systems.png Graphic file (type png)
<use Images/real_time_systems.png>
Package pdftex.def Info: Images/real_time_systems.png  used on input line 298.
(pdftex.def)             Requested size: 199.16536pt x 118.2632pt.

Underfull \hbox (badness 10000) in paragraph at lines 303--304

 []


Underfull \hbox (badness 10000) in paragraph at lines 305--306

 []

[12

 <./Images/real_time_systems.png>]
Underfull \hbox (badness 10000) in paragraph at lines 311--312

 []

<Images/rtsys_environnement.png, id=70, 721.69624pt x 457.71pt>
File: Images/rtsys_environnement.png Graphic file (type png)
<use Images/rtsys_environnement.png>
Package pdftex.def Info: Images/rtsys_environnement.png  used on input line 315
.
(pdftex.def)             Requested size: 199.16635pt x 126.31413pt.

Underfull \hbox (badness 10000) in paragraph at lines 320--321

 []

<Images/automate_simple.png, id=71, 804.00375pt x 428.60126pt>
File: Images/automate_simple.png Graphic file (type png)
<use Images/automate_simple.png>
Package pdftex.def Info: Images/automate_simple.png  used on input line 333.
(pdftex.def)             Requested size: 199.16023pt x 106.16905pt.

Underfull \hbox (badness 10000) in paragraph at lines 338--339

 []

[13 <./Images/rtsys_environnement.png>]
<Images/composition_automate.png, id=75, 764.8575pt x 434.62375pt>
File: Images/composition_automate.png Graphic file (type png)
<use Images/composition_automate.png>
Package pdftex.def Info: Images/composition_automate.png  used on input line 35
4.
(pdftex.def)             Requested size: 199.1617pt x 113.17194pt.

Underfull \hbox (badness 10000) in paragraph at lines 359--360

 []


Underfull \hbox (badness 10000) in paragraph at lines 365--366

 []


Underfull \hbox (badness 10000) in paragraph at lines 367--368

 []

[14 <./Images/automate_simple.png> <./Images/composition_automate.png>]
Underfull \hbox (badness 10000) in paragraph at lines 369--370

 []


Underfull \hbox (badness 10000) in paragraph at lines 371--372

 []

<Images/automate_temporise.png, id=80, 769.87625pt x 460.72125pt>
File: Images/automate_temporise.png Graphic file (type png)
<use Images/automate_temporise.png>
Package pdftex.def Info: Images/automate_temporise.png  used on input line 375.

(pdftex.def)             Requested size: 199.16458pt x 119.18713pt.

Underfull \hbox (badness 10000) in paragraph at lines 380--381

 []


Underfull \hbox (badness 10000) in paragraph at lines 382--383

 []


Underfull \hbox (badness 10000) in paragraph at lines 384--385

 []

<Images/slide15.png, id=81, 783.92876pt x 457.71pt>
File: Images/slide15.png Graphic file (type png)
<use Images/slide15.png>
Package pdftex.def Info: Images/slide15.png  used on input line 388.
(pdftex.def)             Requested size: 199.16354pt x 116.28499pt.

Underfull \hbox (badness 10000) in paragraph at lines 392--393

 []

<Images/slide16.png, id=82, 763.85374pt x 412.54124pt>
File: Images/slide16.png Graphic file (type png)
<use Images/slide16.png>
Package pdftex.def Info: Images/slide16.png  used on input line 397.
(pdftex.def)             Requested size: 199.1684pt x 107.56664pt.

Underfull \hbox (badness 10000) in paragraph at lines 403--404

 []


Underfull \hbox (badness 10000) in paragraph at lines 405--406

 []

[15 <./Images/automate_temporise.png>]
Underfull \hbox (badness 10000) in paragraph at lines 407--408

 []

[16 <./Images/slide15.png> <./Images/slide16.png>]
Underfull \hbox (badness 10000) in paragraph at lines 432--434

 []


Underfull \hbox (badness 10000) in paragraph at lines 441--442

 []

<Images/definition_representation_graphique.png, id=89, 715.67375pt x 374.39874
pt>
File: Images/definition_representation_graphique.png Graphic file (type png)
<use Images/definition_representation_graphique.png>
Package pdftex.def Info: Images/definition_representation_graphique.png  used o
n input line 445.
(pdftex.def)             Requested size: 199.1642pt x 104.19109pt.

Underfull \hbox (badness 10000) in paragraph at lines 450--451

 []


Underfull \hbox (badness 10000) in paragraph at lines 452--453

 []


Underfull \hbox (badness 10000) in paragraph at lines 454--455

 []


Underfull \hbox (badness 10000) in paragraph at lines 456--457

 []


Underfull \hbox (badness 10000) in paragraph at lines 458--459

 []


Underfull \hbox (badness 10000) in paragraph at lines 464--465

 []

[17 <./Images/definition_representation_graphique.png>]
<Images/propriete_system_transition.png, id=93, 693.59125pt x 203.76125pt>
File: Images/propriete_system_transition.png Graphic file (type png)
<use Images/propriete_system_transition.png>
Package pdftex.def Info: Images/propriete_system_transition.png  used on input 
line 474.
(pdftex.def)             Requested size: 199.1678pt x 58.51094pt.

Underfull \hbox (badness 10000) in paragraph at lines 479--480

 []


Underfull \hbox (badness 10000) in paragraph at lines 481--482

 []

<Images/slide28.png, id=94, 731.73375pt x 467.7475pt>
File: Images/slide28.png Graphic file (type png)
<use Images/slide28.png>
Package pdftex.def Info: Images/slide28.png  used on input line 485.
(pdftex.def)             Requested size: 199.16739pt x 127.31413pt.
<Images/exemple_evolution.png, id=95, 799.98875pt x 329.23pt>
File: Images/exemple_evolution.png Graphic file (type png)
<use Images/exemple_evolution.png>
Package pdftex.def Info: Images/exemple_evolution.png  used on input line 492.
(pdftex.def)             Requested size: 199.16663pt x 81.96568pt.

Underfull \hbox (badness 10000) in paragraph at lines 497--498

 []

[18 <./Images/propriete_system_transition.png> <./Images/slide28.png> <./Images
/exemple_evolution.png>]
Underfull \hbox (badness 10000) in paragraph at lines 501--502

 []


Underfull \hbox (badness 10000) in paragraph at lines 505--506

 []


Underfull \hbox (badness 10000) in paragraph at lines 507--508

 []


Underfull \hbox (badness 10000) in paragraph at lines 510--511

 []


Underfull \hbox (badness 10000) in paragraph at lines 512--513

 []


Underfull \hbox (badness 10000) in paragraph at lines 514--515

 []


Underfull \hbox (badness 10000) in paragraph at lines 516--517

 []

<Images/composition_automate_temporise.png, id=100, 760.8425pt x 441.65pt>
File: Images/composition_automate_temporise.png Graphic file (type png)
<use Images/composition_automate_temporise.png>
Package pdftex.def Info: Images/composition_automate_temporise.png  used on inp
ut line 523.
(pdftex.def)             Requested size: 199.16109pt x 115.60802pt.

Underfull \hbox (badness 10000) in paragraph at lines 528--529

 []


Underfull \hbox (badness 10000) in paragraph at lines 530--531

 []


Underfull \hbox (badness 10000) in paragraph at lines 532--533

 []

[19] [20 <./Images/composition_automate_temporise.png>] (./NotesINF6603.aux) ) 
Here is how much of TeX's memory you used:
 4745 strings out of 492641
 70367 string characters out of 6131788
 142786 words of memory out of 5000000
 8522 multiletter control sequences out of 15000+600000
 10588 words of font info for 38 fonts, out of 8000000 for 9000
 1141 hyphenation exceptions out of 8191
 41i,8n,32p,660b,272s stack positions out of 5000i,500n,10000p,200000b,80000s
<
/usr/share/texlive/texmf-dist/fonts/type1/public/amsfonts/cm/cmbx10.pfb></usr/s
hare/texlive/texmf-dist/fonts/type1/public/amsfonts/cm/cmbx12.pfb></usr/share/t
exlive/texmf-dist/fonts/type1/public/amsfonts/cm/cmmi10.pfb></usr/share/texlive
/texmf-dist/fonts/type1/public/amsfonts/cm/cmmi7.pfb></usr/share/texlive/texmf-
dist/fonts/type1/public/amsfonts/cm/cmr10.pfb></usr/share/texlive/texmf-dist/fo
nts/type1/public/amsfonts/cm/cmr12.pfb></usr/share/texlive/texmf-dist/fonts/typ
e1/public/amsfonts/cm/cmr17.pfb></usr/share/texlive/texmf-dist/fonts/type1/publ
ic/amsfonts/cm/cmr7.pfb></usr/share/texlive/texmf-dist/fonts/type1/public/amsfo
nts/cm/cmsl10.pfb></usr/share/texlive/texmf-dist/fonts/type1/public/amsfonts/cm
/cmsy10.pfb></usr/share/texlive/texmf-dist/fonts/type1/public/amsfonts/cm/cmsy7
.pfb>
Output written on NotesINF6603.pdf (21 pages, 1560428 bytes).
PDF statistics:
 143 PDF objects out of 1000 (max. 8388607)
 81 compressed objects within 1 object stream
 0 named destinations out of 1000 (max. 500000)
 136 words of extra memory for PDF output out of 10000 (max. 10000000)

