This is pdfTeX, Version 3.14159265-2.6-1.40.16 (TeX Live 2015/Debian) (preloaded format=pdflatex 2017.10.10)  13 DEC 2017 21:53
entering extended mode
 restricted \write18 enabled.
 %&-line parsing enabled.
**NotesINF8215.tex
(./NotesINF8215.tex
LaTeX2e <2016/02/01>
Babel <3.9q> and hyphenation patterns for 81 language(s) loaded.
(/usr/share/texlive/texmf-dist/tex/latex/base/book.cls
Document Class: book 2014/09/29 v1.4h Standard LaTeX document class
(/usr/share/texlive/texmf-dist/tex/latex/base/bk10.clo
File: bk10.clo 2014/09/29 v1.4h Standard LaTeX file (size option)
)
\c@part=\count79
\c@chapter=\count80
\c@section=\count81
\c@subsection=\count82
\c@subsubsection=\count83
\c@paragraph=\count84
\c@subparagraph=\count85
\c@figure=\count86
\c@table=\count87
\abovecaptionskip=\skip41
\belowcaptionskip=\skip42
\bibindent=\dimen102
)
(/usr/share/texlive/texmf-dist/tex/latex/base/inputenc.sty
Package: inputenc 2015/03/17 v1.2c Input encoding file
\inpenc@prehook=\toks14
\inpenc@posthook=\toks15

(/usr/share/texlive/texmf-dist/tex/latex/base/utf8.def
File: utf8.def 2015/12/03 v1.1r UTF-8 support for inputenc
Now handling font encoding OML ...
... no UTF-8 mapping file for font encoding OML
Now handling font encoding T1 ...
... processing UTF-8 mapping file for font encoding T1

(/usr/share/texlive/texmf-dist/tex/latex/base/t1enc.dfu
File: t1enc.dfu 2015/12/03 v1.1r UTF-8 support for inputenc
   defining Unicode char U+00A0 (decimal 160)
   defining Unicode char U+00A1 (decimal 161)
   defining Unicode char U+00A3 (decimal 163)
   defining Unicode char U+00AB (decimal 171)
   defining Unicode char U+00AD (decimal 173)
   defining Unicode char U+00BB (decimal 187)
   defining Unicode char U+00BF (decimal 191)
   defining Unicode char U+00C0 (decimal 192)
   defining Unicode char U+00C1 (decimal 193)
   defining Unicode char U+00C2 (decimal 194)
   defining Unicode char U+00C3 (decimal 195)
   defining Unicode char U+00C4 (decimal 196)
   defining Unicode char U+00C5 (decimal 197)
   defining Unicode char U+00C6 (decimal 198)
   defining Unicode char U+00C7 (decimal 199)
   defining Unicode char U+00C8 (decimal 200)
   defining Unicode char U+00C9 (decimal 201)
   defining Unicode char U+00CA (decimal 202)
   defining Unicode char U+00CB (decimal 203)
   defining Unicode char U+00CC (decimal 204)
   defining Unicode char U+00CD (decimal 205)
   defining Unicode char U+00CE (decimal 206)
   defining Unicode char U+00CF (decimal 207)
   defining Unicode char U+00D0 (decimal 208)
   defining Unicode char U+00D1 (decimal 209)
   defining Unicode char U+00D2 (decimal 210)
   defining Unicode char U+00D3 (decimal 211)
   defining Unicode char U+00D4 (decimal 212)
   defining Unicode char U+00D5 (decimal 213)
   defining Unicode char U+00D6 (decimal 214)
   defining Unicode char U+00D8 (decimal 216)
   defining Unicode char U+00D9 (decimal 217)
   defining Unicode char U+00DA (decimal 218)
   defining Unicode char U+00DB (decimal 219)
   defining Unicode char U+00DC (decimal 220)
   defining Unicode char U+00DD (decimal 221)
   defining Unicode char U+00DE (decimal 222)
   defining Unicode char U+00DF (decimal 223)
   defining Unicode char U+00E0 (decimal 224)
   defining Unicode char U+00E1 (decimal 225)
   defining Unicode char U+00E2 (decimal 226)
   defining Unicode char U+00E3 (decimal 227)
   defining Unicode char U+00E4 (decimal 228)
   defining Unicode char U+00E5 (decimal 229)
   defining Unicode char U+00E6 (decimal 230)
   defining Unicode char U+00E7 (decimal 231)
   defining Unicode char U+00E8 (decimal 232)
   defining Unicode char U+00E9 (decimal 233)
   defining Unicode char U+00EA (decimal 234)
   defining Unicode char U+00EB (decimal 235)
   defining Unicode char U+00EC (decimal 236)
   defining Unicode char U+00ED (decimal 237)
   defining Unicode char U+00EE (decimal 238)
   defining Unicode char U+00EF (decimal 239)
   defining Unicode char U+00F0 (decimal 240)
   defining Unicode char U+00F1 (decimal 241)
   defining Unicode char U+00F2 (decimal 242)
   defining Unicode char U+00F3 (decimal 243)
   defining Unicode char U+00F4 (decimal 244)
   defining Unicode char U+00F5 (decimal 245)
   defining Unicode char U+00F6 (decimal 246)
   defining Unicode char U+00F8 (decimal 248)
   defining Unicode char U+00F9 (decimal 249)
   defining Unicode char U+00FA (decimal 250)
   defining Unicode char U+00FB (decimal 251)
   defining Unicode char U+00FC (decimal 252)
   defining Unicode char U+00FD (decimal 253)
   defining Unicode char U+00FE (decimal 254)
   defining Unicode char U+00FF (decimal 255)
   defining Unicode char U+0100 (decimal 256)
   defining Unicode char U+0101 (decimal 257)
   defining Unicode char U+0102 (decimal 258)
   defining Unicode char U+0103 (decimal 259)
   defining Unicode char U+0104 (decimal 260)
   defining Unicode char U+0105 (decimal 261)
   defining Unicode char U+0106 (decimal 262)
   defining Unicode char U+0107 (decimal 263)
   defining Unicode char U+0108 (decimal 264)
   defining Unicode char U+0109 (decimal 265)
   defining Unicode char U+010A (decimal 266)
   defining Unicode char U+010B (decimal 267)
   defining Unicode char U+010C (decimal 268)
   defining Unicode char U+010D (decimal 269)
   defining Unicode char U+010E (decimal 270)
   defining Unicode char U+010F (decimal 271)
   defining Unicode char U+0110 (decimal 272)
   defining Unicode char U+0111 (decimal 273)
   defining Unicode char U+0112 (decimal 274)
   defining Unicode char U+0113 (decimal 275)
   defining Unicode char U+0114 (decimal 276)
   defining Unicode char U+0115 (decimal 277)
   defining Unicode char U+0116 (decimal 278)
   defining Unicode char U+0117 (decimal 279)
   defining Unicode char U+0118 (decimal 280)
   defining Unicode char U+0119 (decimal 281)
   defining Unicode char U+011A (decimal 282)
   defining Unicode char U+011B (decimal 283)
   defining Unicode char U+011C (decimal 284)
   defining Unicode char U+011D (decimal 285)
   defining Unicode char U+011E (decimal 286)
   defining Unicode char U+011F (decimal 287)
   defining Unicode char U+0120 (decimal 288)
   defining Unicode char U+0121 (decimal 289)
   defining Unicode char U+0122 (decimal 290)
   defining Unicode char U+0123 (decimal 291)
   defining Unicode char U+0124 (decimal 292)
   defining Unicode char U+0125 (decimal 293)
   defining Unicode char U+0128 (decimal 296)
   defining Unicode char U+0129 (decimal 297)
   defining Unicode char U+012A (decimal 298)
   defining Unicode char U+012B (decimal 299)
   defining Unicode char U+012C (decimal 300)
   defining Unicode char U+012D (decimal 301)
   defining Unicode char U+012E (decimal 302)
   defining Unicode char U+012F (decimal 303)
   defining Unicode char U+0130 (decimal 304)
   defining Unicode char U+0131 (decimal 305)
   defining Unicode char U+0132 (decimal 306)
   defining Unicode char U+0133 (decimal 307)
   defining Unicode char U+0134 (decimal 308)
   defining Unicode char U+0135 (decimal 309)
   defining Unicode char U+0136 (decimal 310)
   defining Unicode char U+0137 (decimal 311)
   defining Unicode char U+0139 (decimal 313)
   defining Unicode char U+013A (decimal 314)
   defining Unicode char U+013B (decimal 315)
   defining Unicode char U+013C (decimal 316)
   defining Unicode char U+013D (decimal 317)
   defining Unicode char U+013E (decimal 318)
   defining Unicode char U+0141 (decimal 321)
   defining Unicode char U+0142 (decimal 322)
   defining Unicode char U+0143 (decimal 323)
   defining Unicode char U+0144 (decimal 324)
   defining Unicode char U+0145 (decimal 325)
   defining Unicode char U+0146 (decimal 326)
   defining Unicode char U+0147 (decimal 327)
   defining Unicode char U+0148 (decimal 328)
   defining Unicode char U+014A (decimal 330)
   defining Unicode char U+014B (decimal 331)
   defining Unicode char U+014C (decimal 332)
   defining Unicode char U+014D (decimal 333)
   defining Unicode char U+014E (decimal 334)
   defining Unicode char U+014F (decimal 335)
   defining Unicode char U+0150 (decimal 336)
   defining Unicode char U+0151 (decimal 337)
   defining Unicode char U+0152 (decimal 338)
   defining Unicode char U+0153 (decimal 339)
   defining Unicode char U+0154 (decimal 340)
   defining Unicode char U+0155 (decimal 341)
   defining Unicode char U+0156 (decimal 342)
   defining Unicode char U+0157 (decimal 343)
   defining Unicode char U+0158 (decimal 344)
   defining Unicode char U+0159 (decimal 345)
   defining Unicode char U+015A (decimal 346)
   defining Unicode char U+015B (decimal 347)
   defining Unicode char U+015C (decimal 348)
   defining Unicode char U+015D (decimal 349)
   defining Unicode char U+015E (decimal 350)
   defining Unicode char U+015F (decimal 351)
   defining Unicode char U+0160 (decimal 352)
   defining Unicode char U+0161 (decimal 353)
   defining Unicode char U+0162 (decimal 354)
   defining Unicode char U+0163 (decimal 355)
   defining Unicode char U+0164 (decimal 356)
   defining Unicode char U+0165 (decimal 357)
   defining Unicode char U+0168 (decimal 360)
   defining Unicode char U+0169 (decimal 361)
   defining Unicode char U+016A (decimal 362)
   defining Unicode char U+016B (decimal 363)
   defining Unicode char U+016C (decimal 364)
   defining Unicode char U+016D (decimal 365)
   defining Unicode char U+016E (decimal 366)
   defining Unicode char U+016F (decimal 367)
   defining Unicode char U+0170 (decimal 368)
   defining Unicode char U+0171 (decimal 369)
   defining Unicode char U+0172 (decimal 370)
   defining Unicode char U+0173 (decimal 371)
   defining Unicode char U+0174 (decimal 372)
   defining Unicode char U+0175 (decimal 373)
   defining Unicode char U+0176 (decimal 374)
   defining Unicode char U+0177 (decimal 375)
   defining Unicode char U+0178 (decimal 376)
   defining Unicode char U+0179 (decimal 377)
   defining Unicode char U+017A (decimal 378)
   defining Unicode char U+017B (decimal 379)
   defining Unicode char U+017C (decimal 380)
   defining Unicode char U+017D (decimal 381)
   defining Unicode char U+017E (decimal 382)
   defining Unicode char U+01CD (decimal 461)
   defining Unicode char U+01CE (decimal 462)
   defining Unicode char U+01CF (decimal 463)
   defining Unicode char U+01D0 (decimal 464)
   defining Unicode char U+01D1 (decimal 465)
   defining Unicode char U+01D2 (decimal 466)
   defining Unicode char U+01D3 (decimal 467)
   defining Unicode char U+01D4 (decimal 468)
   defining Unicode char U+01E2 (decimal 482)
   defining Unicode char U+01E3 (decimal 483)
   defining Unicode char U+01E6 (decimal 486)
   defining Unicode char U+01E7 (decimal 487)
   defining Unicode char U+01E8 (decimal 488)
   defining Unicode char U+01E9 (decimal 489)
   defining Unicode char U+01EA (decimal 490)
   defining Unicode char U+01EB (decimal 491)
   defining Unicode char U+01F0 (decimal 496)
   defining Unicode char U+01F4 (decimal 500)
   defining Unicode char U+01F5 (decimal 501)
   defining Unicode char U+0218 (decimal 536)
   defining Unicode char U+0219 (decimal 537)
   defining Unicode char U+021A (decimal 538)
   defining Unicode char U+021B (decimal 539)
   defining Unicode char U+01E02 (decimal 7682)
   defining Unicode char U+01E03 (decimal 7683)
   defining Unicode char U+200C (decimal 8204)
   defining Unicode char U+2013 (decimal 8211)
   defining Unicode char U+2014 (decimal 8212)
   defining Unicode char U+2018 (decimal 8216)
   defining Unicode char U+2019 (decimal 8217)
   defining Unicode char U+201A (decimal 8218)
   defining Unicode char U+201C (decimal 8220)
   defining Unicode char U+201D (decimal 8221)
   defining Unicode char U+201E (decimal 8222)
   defining Unicode char U+2030 (decimal 8240)
   defining Unicode char U+2031 (decimal 8241)
   defining Unicode char U+2039 (decimal 8249)
   defining Unicode char U+203A (decimal 8250)
   defining Unicode char U+2423 (decimal 9251)
)
Now handling font encoding OT1 ...
... processing UTF-8 mapping file for font encoding OT1

(/usr/share/texlive/texmf-dist/tex/latex/base/ot1enc.dfu
File: ot1enc.dfu 2015/12/03 v1.1r UTF-8 support for inputenc
   defining Unicode char U+00A0 (decimal 160)
   defining Unicode char U+00A1 (decimal 161)
   defining Unicode char U+00A3 (decimal 163)
   defining Unicode char U+00AD (decimal 173)
   defining Unicode char U+00B8 (decimal 184)
   defining Unicode char U+00BF (decimal 191)
   defining Unicode char U+00C5 (decimal 197)
   defining Unicode char U+00C6 (decimal 198)
   defining Unicode char U+00D8 (decimal 216)
   defining Unicode char U+00DF (decimal 223)
   defining Unicode char U+00E6 (decimal 230)
   defining Unicode char U+00EC (decimal 236)
   defining Unicode char U+00ED (decimal 237)
   defining Unicode char U+00EE (decimal 238)
   defining Unicode char U+00EF (decimal 239)
   defining Unicode char U+00F8 (decimal 248)
   defining Unicode char U+0131 (decimal 305)
   defining Unicode char U+0141 (decimal 321)
   defining Unicode char U+0142 (decimal 322)
   defining Unicode char U+0152 (decimal 338)
   defining Unicode char U+0153 (decimal 339)
   defining Unicode char U+0174 (decimal 372)
   defining Unicode char U+0175 (decimal 373)
   defining Unicode char U+0176 (decimal 374)
   defining Unicode char U+0177 (decimal 375)
   defining Unicode char U+0218 (decimal 536)
   defining Unicode char U+0219 (decimal 537)
   defining Unicode char U+021A (decimal 538)
   defining Unicode char U+021B (decimal 539)
   defining Unicode char U+2013 (decimal 8211)
   defining Unicode char U+2014 (decimal 8212)
   defining Unicode char U+2018 (decimal 8216)
   defining Unicode char U+2019 (decimal 8217)
   defining Unicode char U+201C (decimal 8220)
   defining Unicode char U+201D (decimal 8221)
)
Now handling font encoding OMS ...
... processing UTF-8 mapping file for font encoding OMS

(/usr/share/texlive/texmf-dist/tex/latex/base/omsenc.dfu
File: omsenc.dfu 2015/12/03 v1.1r UTF-8 support for inputenc
   defining Unicode char U+00A7 (decimal 167)
   defining Unicode char U+00B6 (decimal 182)
   defining Unicode char U+00B7 (decimal 183)
   defining Unicode char U+2020 (decimal 8224)
   defining Unicode char U+2021 (decimal 8225)
   defining Unicode char U+2022 (decimal 8226)
)
Now handling font encoding OMX ...
... no UTF-8 mapping file for font encoding OMX
Now handling font encoding U ...
... no UTF-8 mapping file for font encoding U
   defining Unicode char U+00A9 (decimal 169)
   defining Unicode char U+00AA (decimal 170)
   defining Unicode char U+00AE (decimal 174)
   defining Unicode char U+00BA (decimal 186)
   defining Unicode char U+02C6 (decimal 710)
   defining Unicode char U+02DC (decimal 732)
   defining Unicode char U+200C (decimal 8204)
   defining Unicode char U+2026 (decimal 8230)
   defining Unicode char U+2122 (decimal 8482)
   defining Unicode char U+2423 (decimal 9251)
))
(/usr/share/texlive/texmf-dist/tex/latex/float/float.sty
Package: float 2001/11/08 v1.3d Float enhancements (AL)
\c@float@type=\count88
\float@exts=\toks16
\float@box=\box26
\@float@everytoks=\toks17
\@floatcapt=\box27
)
(/usr/share/texlive/texmf-dist/tex/latex/graphics/graphicx.sty
Package: graphicx 2014/10/28 v1.0g Enhanced LaTeX Graphics (DPC,SPQR)

(/usr/share/texlive/texmf-dist/tex/latex/graphics/keyval.sty
Package: keyval 2014/10/28 v1.15 key=value parser (DPC)
\KV@toks@=\toks18
)
(/usr/share/texlive/texmf-dist/tex/latex/graphics/graphics.sty
Package: graphics 2016/01/03 v1.0q Standard LaTeX Graphics (DPC,SPQR)

(/usr/share/texlive/texmf-dist/tex/latex/graphics/trig.sty
Package: trig 2016/01/03 v1.10 sin cos tan (DPC)
)
(/usr/share/texlive/texmf-dist/tex/latex/latexconfig/graphics.cfg
File: graphics.cfg 2010/04/23 v1.9 graphics configuration of TeX Live
)
Package graphics Info: Driver file: pdftex.def on input line 95.

(/usr/share/texlive/texmf-dist/tex/latex/pdftex-def/pdftex.def
File: pdftex.def 2011/05/27 v0.06d Graphics/color for pdfTeX

(/usr/share/texlive/texmf-dist/tex/generic/oberdiek/infwarerr.sty
Package: infwarerr 2010/04/08 v1.3 Providing info/warning/error messages (HO)
)
(/usr/share/texlive/texmf-dist/tex/generic/oberdiek/ltxcmds.sty
Package: ltxcmds 2011/11/09 v1.22 LaTeX kernel commands for general use (HO)
)
\Gread@gobject=\count89
))
\Gin@req@height=\dimen103
\Gin@req@width=\dimen104
)
(/usr/share/texlive/texmf-dist/tex/latex/amsmath/amsmath.sty
Package: amsmath 2016/03/03 v2.15a AMS math features
\@mathmargin=\skip43

For additional information on amsmath, use the `?' option.
(/usr/share/texlive/texmf-dist/tex/latex/amsmath/amstext.sty
Package: amstext 2000/06/29 v2.01 AMS text

(/usr/share/texlive/texmf-dist/tex/latex/amsmath/amsgen.sty
File: amsgen.sty 1999/11/30 v2.0 generic functions
\@emptytoks=\toks19
\ex@=\dimen105
))
(/usr/share/texlive/texmf-dist/tex/latex/amsmath/amsbsy.sty
Package: amsbsy 1999/11/29 v1.2d Bold Symbols
\pmbraise@=\dimen106
)
(/usr/share/texlive/texmf-dist/tex/latex/amsmath/amsopn.sty
Package: amsopn 1999/12/14 v2.01 operator names
)
\inf@bad=\count90
LaTeX Info: Redefining \frac on input line 199.
\uproot@=\count91
\leftroot@=\count92
LaTeX Info: Redefining \overline on input line 297.
\classnum@=\count93
\DOTSCASE@=\count94
LaTeX Info: Redefining \ldots on input line 394.
LaTeX Info: Redefining \dots on input line 397.
LaTeX Info: Redefining \cdots on input line 518.
\Mathstrutbox@=\box28
\strutbox@=\box29
\big@size=\dimen107
LaTeX Font Info:    Redeclaring font encoding OML on input line 630.
LaTeX Font Info:    Redeclaring font encoding OMS on input line 631.
\macc@depth=\count95
\c@MaxMatrixCols=\count96
\dotsspace@=\muskip10
\c@parentequation=\count97
\dspbrk@lvl=\count98
\tag@help=\toks20
\row@=\count99
\column@=\count100
\maxfields@=\count101
\andhelp@=\toks21
\eqnshift@=\dimen108
\alignsep@=\dimen109
\tagshift@=\dimen110
\tagwidth@=\dimen111
\totwidth@=\dimen112
\lineht@=\dimen113
\@envbody=\toks22
\multlinegap=\skip44
\multlinetaggap=\skip45
\mathdisplay@stack=\toks23
LaTeX Info: Redefining \[ on input line 2735.
LaTeX Info: Redefining \] on input line 2736.
)
(/usr/share/texlive/texmf-dist/tex/latex/ms/ragged2e.sty
Package: ragged2e 2009/05/21 v2.1 ragged2e Package (MS)

(/usr/share/texlive/texmf-dist/tex/latex/ms/everysel.sty
Package: everysel 2011/10/28 v1.2 EverySelectfont Package (MS)
)
\CenteringLeftskip=\skip46
\RaggedLeftLeftskip=\skip47
\RaggedRightLeftskip=\skip48
\CenteringRightskip=\skip49
\RaggedLeftRightskip=\skip50
\RaggedRightRightskip=\skip51
\CenteringParfillskip=\skip52
\RaggedLeftParfillskip=\skip53
\RaggedRightParfillskip=\skip54
\JustifyingParfillskip=\skip55
\CenteringParindent=\skip56
\RaggedLeftParindent=\skip57
\RaggedRightParindent=\skip58
\JustifyingParindent=\skip59
)
\@indexfile=\write3
\openout3 = `NotesINF8215.idx'.


Writing index file NotesINF8215.idx
(./NotesINF8215.aux)
\openout1 = `NotesINF8215.aux'.

LaTeX Font Info:    Checking defaults for OML/cmm/m/it on input line 13.
LaTeX Font Info:    ... okay on input line 13.
LaTeX Font Info:    Checking defaults for T1/cmr/m/n on input line 13.
LaTeX Font Info:    ... okay on input line 13.
LaTeX Font Info:    Checking defaults for OT1/cmr/m/n on input line 13.
LaTeX Font Info:    ... okay on input line 13.
LaTeX Font Info:    Checking defaults for OMS/cmsy/m/n on input line 13.
LaTeX Font Info:    ... okay on input line 13.
LaTeX Font Info:    Checking defaults for OMX/cmex/m/n on input line 13.
LaTeX Font Info:    ... okay on input line 13.
LaTeX Font Info:    Checking defaults for U/cmr/m/n on input line 13.
LaTeX Font Info:    ... okay on input line 13.

(/usr/share/texlive/texmf-dist/tex/context/base/supp-pdf.mkii
[Loading MPS to PDF converter (version 2006.09.02).]
\scratchcounter=\count102
\scratchdimen=\dimen114
\scratchbox=\box30
\nofMPsegments=\count103
\nofMParguments=\count104
\everyMPshowfont=\toks24
\MPscratchCnt=\count105
\MPscratchDim=\dimen115
\MPnumerator=\count106
\makeMPintoPDFobject=\count107
\everyMPtoPDFconversion=\toks25
) (/usr/share/texlive/texmf-dist/tex/generic/oberdiek/pdftexcmds.sty
Package: pdftexcmds 2011/11/29 v0.20 Utility functions of pdfTeX for LuaTeX (HO
)

(/usr/share/texlive/texmf-dist/tex/generic/oberdiek/ifluatex.sty
Package: ifluatex 2010/03/01 v1.3 Provides the ifluatex switch (HO)
Package ifluatex Info: LuaTeX not detected.
)
(/usr/share/texlive/texmf-dist/tex/generic/oberdiek/ifpdf.sty
Package: ifpdf 2011/01/30 v2.3 Provides the ifpdf switch (HO)
Package ifpdf Info: pdfTeX in PDF mode is detected.
)
Package pdftexcmds Info: LuaTeX not detected.
Package pdftexcmds Info: \pdf@primitive is available.
Package pdftexcmds Info: \pdf@ifprimitive is available.
Package pdftexcmds Info: \pdfdraftmode found.
)
(/usr/share/texlive/texmf-dist/tex/latex/oberdiek/epstopdf-base.sty
Package: epstopdf-base 2010/02/09 v2.5 Base part for package epstopdf

(/usr/share/texlive/texmf-dist/tex/latex/oberdiek/grfext.sty
Package: grfext 2010/08/19 v1.1 Manage graphics extensions (HO)

(/usr/share/texlive/texmf-dist/tex/generic/oberdiek/kvdefinekeys.sty
Package: kvdefinekeys 2011/04/07 v1.3 Define keys (HO)
))
(/usr/share/texlive/texmf-dist/tex/latex/oberdiek/kvoptions.sty
Package: kvoptions 2011/06/30 v3.11 Key value format for package options (HO)

(/usr/share/texlive/texmf-dist/tex/generic/oberdiek/kvsetkeys.sty
Package: kvsetkeys 2012/04/25 v1.16 Key value parser (HO)

(/usr/share/texlive/texmf-dist/tex/generic/oberdiek/etexcmds.sty
Package: etexcmds 2011/02/16 v1.5 Avoid name clashes with e-TeX commands (HO)
Package etexcmds Info: Could not find \expanded.
(etexcmds)             That can mean that you are not using pdfTeX 1.50 or
(etexcmds)             that some package has redefined \expanded.
(etexcmds)             In the latter case, load this package earlier.
)))
Package grfext Info: Graphics extension search list:
(grfext)             [.png,.pdf,.jpg,.mps,.jpeg,.jbig2,.jb2,.PNG,.PDF,.JPG,.JPE
G,.JBIG2,.JB2,.eps]
(grfext)             \AppendGraphicsExtensions on input line 452.

(/usr/share/texlive/texmf-dist/tex/latex/latexconfig/epstopdf-sys.cfg
File: epstopdf-sys.cfg 2010/07/13 v1.3 Configuration of (r)epstopdf for TeX Liv
e
))
ABD: EverySelectfont initializing macros
LaTeX Info: Redefining \selectfont on input line 13.
 [1


{/var/lib/texmf/fonts/map/pdftex/updmap/pdftex.map}] (./NotesINF8215.toc [1

]
Overfull \hbox (13.43983pt too wide) in paragraph at lines 120--120
 [] []\OT1/cmr/bx/n/10 Machine Learn-ing / Ap-pren-tis-sage Ma-chine et Fouille
s de donn^^Sees []  
 []

)
\tf@toc=\write4
\openout4 = `NotesINF8215.toc'.

 [2]
Chapter 1.
LaTeX Font Info:    Try loading font information for OMS+cmr on input line 27.
(/usr/share/texlive/texmf-dist/tex/latex/base/omscmr.fd
File: omscmr.fd 2014/09/29 v2.5h Standard LaTeX font definitions
)
LaTeX Font Info:    Font shape `OMS/cmr/m/n' in size <10> not available
(Font)              Font shape `OMS/cmsy/m/n' tried instead on input line 27.

Overfull \hbox (9.52832pt too wide) in paragraph at lines 38--39
 [] \OT1/cmr/m/n/10 L'intelligence ar-ti-fi-cielle s'est at-tribuer diff^^Seren
tes d^^Sefinitions a travers le temps... 
 []

[3

] <Braitenberg.png, id=22, 434.62375pt x 369.38pt>
File: Braitenberg.png Graphic file (type png)
 <use Braitenberg.png>
Package pdftex.def Info: Braitenberg.png used on input line 53.
(pdftex.def)             Requested size: 284.54468pt x 241.83012pt.

[4 <./Braitenberg.png>] <Agent_base.png, id=26, 411.5375pt x 234.8775pt>
File: Agent_base.png Graphic file (type png)

<use Agent_base.png>
Package pdftex.def Info: Agent_base.png used on input line 104.
(pdftex.def)             Requested size: 142.26317pt x 81.19409pt.
 <Agent_Reflexe.png, id=27, 361.35pt x 226.8475pt>
File: Agent_Reflexe.png Graphic file (type png)

<use Agent_Reflexe.png>
Package pdftex.def Info: Agent_Reflexe.png used on input line 113.
(pdftex.def)             Requested size: 142.26578pt x 89.31128pt.
 <Agent_Memoire.png, id=28, 329.23pt x 214.8025pt>
File: Agent_Memoire.png Graphic file (type png)

<use Agent_Memoire.png>
Package pdftex.def Info: Agent_Memoire.png used on input line 121.
(pdftex.def)             Requested size: 142.26442pt x 92.81886pt.

<Agent_Memoire_But.png, id=29, 335.2525pt x 213.79875pt>
File: Agent_Memoire_But.png Graphic file (type png)

<use Agent_Memoire_But.png>
Package pdftex.def Info: Agent_Memoire_But.png used on input line 128.
(pdftex.def)             Requested size: 142.26302pt x 90.72461pt.

<Agent_Memoire_Theorie.png, id=30, 330.23375pt x 218.8175pt>
File: Agent_Memoire_Theorie.png Graphic file (type png)

<use Agent_Memoire_Theorie.png>
Package pdftex.def Info: Agent_Memoire_Theorie.png used on input line 135.
(pdftex.def)             Requested size: 142.26984pt x 94.26997pt.

Overfull \hbox (6.05615pt too wide) in paragraph at lines 140--141
\OT1/cmr/m/n/10 eux-m^eme changer leur com-porte-ment en fonc-tion des ^^Sechan
tillons d'entrainement
 []

[5] [6 <./Agent_base.png> <./Agent_Reflexe.png> <./Agent_Memoire.png> <./Agent_
Memoire_But.png>] [7 <./Agent_Memoire_Theorie.png>]
Chapter 2.

Overfull \hbox (7.90974pt too wide) in paragraph at lines 142--142
[]\OT1/cmr/bx/n/14.4 M^^Sethodes de Recherche dans un Es-pace []Etats 
 []

<Etat.png, id=41, 530.98375pt x 289.08pt>
File: Etat.png Graphic file (type png)
 <use Etat.png>
Package pdftex.def Info: Etat.png used on input line 147.
(pdftex.def)             Requested size: 199.16702pt x 108.43118pt.
 [8

 <./Etat.png>]
<Recherche_Largeur.png, id=45, 470.75874pt x 282.05376pt>
File: Recherche_Largeur.png Graphic file (type png)

<use Recherche_Largeur.png>
Package pdftex.def Info: Recherche_Largeur.png used on input line 167.
(pdftex.def)             Requested size: 199.16832pt x 119.33113pt.
 <algo_largeur.png, id=46, 469.755pt x 260.975pt>
File: algo_largeur.png Graphic file (type png)

<use algo_largeur.png>
Package pdftex.def Info: algo_largeur.png used on input line 174.
(pdftex.def)             Requested size: 199.16656pt x 110.64809pt.

Overfull \hbox (263.92293pt too wide) has occurred while \output is active
\OT1/cmr/m/sl/10 CHAPTER 2.  M[]ETHODE DE RECHERCHE DANS UN ESPACE D'[]ETATS ET
 PROBL[]EME DE SATISFACTION DE CONTRAINTES. \OT1/cmr/m/n/10 9
 []

[9 <./Recherche_Largeur.png> <./algo_largeur.png>]
<Recherche_Profondeur.png, id=50, 531.9875pt x 282.05376pt>
File: Recherche_Profondeur.png Graphic file (type png)

<use Recherche_Profondeur.png>
Package pdftex.def Info: Recherche_Profondeur.png used on input line 189.
(pdftex.def)             Requested size: 199.162pt x 105.59343pt.

<algo_profondeur.png, id=51, 379.4175pt x 256.96pt>
File: algo_profondeur.png Graphic file (type png)
 <use algo_profondeur.png>
Package pdftex.def Info: algo_profondeur.png used on input line 196.
(pdftex.def)             Requested size: 199.17401pt x 134.89034pt.

Overfull \hbox (268.92294pt too wide) has occurred while \output is active
\OT1/cmr/m/sl/10 CHAPTER 2.  M[]ETHODE DE RECHERCHE DANS UN ESPACE D'[]ETATS ET
 PROBL[]EME DE SATISFACTION DE CONTRAINTES. \OT1/cmr/m/n/10 10
 []

[10 <./Recherche_Profondeur.png> <./algo_profondeur.png>]
Underfull \hbox (badness 10000) in paragraph at lines 224--225

 []

<Recherche_Uniforme.png, id=55, 459.7175pt x 273.02pt>
File: Recherche_Uniforme.png Graphic file (type png)

<use Recherche_Uniforme.png>
Package pdftex.def Info: Recherche_Uniforme.png used on input line 230.
(pdftex.def)             Requested size: 199.1688pt x 118.28365pt.

<algo_uniforme.png, id=56, 520.94624pt x 255.95625pt>
File: algo_uniforme.png Graphic file (type png)
 <use algo_uniforme.png>
Package pdftex.def Info: algo_uniforme.png used on input line 237.
(pdftex.def)             Requested size: 199.16988pt x 97.85802pt.

Underfull \hbox (badness 10000) in paragraph at lines 249--250

 []


Overfull \hbox (268.92294pt too wide) has occurred while \output is active
\OT1/cmr/m/sl/10 CHAPTER 2.  M[]ETHODE DE RECHERCHE DANS UN ESPACE D'[]ETATS ET
 PROBL[]EME DE SATISFACTION DE CONTRAINTES. \OT1/cmr/m/n/10 11
 []

[11]
Underfull \hbox (badness 10000) in paragraph at lines 251--252

 []


Overfull \hbox (268.92294pt too wide) has occurred while \output is active
\OT1/cmr/m/sl/10 CHAPTER 2.  M[]ETHODE DE RECHERCHE DANS UN ESPACE D'[]ETATS ET
 PROBL[]EME DE SATISFACTION DE CONTRAINTES. \OT1/cmr/m/n/10 12
 []

[12 <./Recherche_Uniforme.png> <./algo_uniforme.png>]
Underfull \hbox (badness 10000) in paragraph at lines 276--277

 []


Underfull \hbox (badness 10000) in paragraph at lines 278--279

 []

<Heuristique_Glutone_Prob.png, id=70, 567.11874pt x 419.5675pt>
File: Heuristique_Glutone_Prob.png Graphic file (type png)

<use Heuristique_Glutone_Prob.png>
Package pdftex.def Info: Heuristique_Glutone_Prob.png used on input line 288.
(pdftex.def)             Requested size: 199.16951pt x 147.35017pt.

<Heuristique_Glutone.png, id=71, 487.8225pt x 324.21124pt>
File: Heuristique_Glutone.png Graphic file (type png)

<use Heuristique_Glutone.png>
Package pdftex.def Info: Heuristique_Glutone.png used on input line 295.
(pdftex.def)             Requested size: 199.16739pt x 132.36844pt.

Overfull \hbox (268.92294pt too wide) has occurred while \output is active
\OT1/cmr/m/sl/10 CHAPTER 2.  M[]ETHODE DE RECHERCHE DANS UN ESPACE D'[]ETATS ET
 PROBL[]EME DE SATISFACTION DE CONTRAINTES. \OT1/cmr/m/n/10 13
 []

[13 <./Heuristique_Glutone_Prob.png>] <A*.png, id=75, 549.05125pt x 361.35pt>
File: A*.png Graphic file (type png)

<use A*.png>
Package pdftex.def Info: A*.png used on input line 316.
(pdftex.def)             Requested size: 199.1663pt x 131.07837pt.

Overfull \hbox (268.92294pt too wide) has occurred while \output is active
\OT1/cmr/m/sl/10 CHAPTER 2.  M[]ETHODE DE RECHERCHE DANS UN ESPACE D'[]ETATS ET
 PROBL[]EME DE SATISFACTION DE CONTRAINTES. \OT1/cmr/m/n/10 14
 []

[14 <./Heuristique_Glutone.png> <./A*.png>]
<Preuve_A*.png, id=79, 223.83624pt x 187.70125pt>
File: Preuve_A*.png Graphic file (type png)
 <use Preuve_A*.png>
Package pdftex.def Info: Preuve_A*.png used on input line 332.
(pdftex.def)             Requested size: 199.17264pt x 167.01921pt.

<incrementale_15.png, id=80, 536.0025pt x 350.30875pt>
File: incrementale_15.png Graphic file (type png)

<use incrementale_15.png>
Package pdftex.def Info: incrementale_15.png used on input line 349.
(pdftex.def)             Requested size: 199.1684pt x 130.1681pt.
 <incrementale_25.png, id=81, 550.055pt x 367.3725pt>
File: incrementale_25.png Graphic file (type png)

<use incrementale_25.png>
Package pdftex.def Info: incrementale_25.png used on input line 356.
(pdftex.def)             Requested size: 199.16951pt x 133.02196pt.

Underfull \hbox (badness 10000) in paragraph at lines 362--363

 []


Overfull \hbox (268.92294pt too wide) has occurred while \output is active
\OT1/cmr/m/sl/10 CHAPTER 2.  M[]ETHODE DE RECHERCHE DANS UN ESPACE D'[]ETATS ET
 PROBL[]EME DE SATISFACTION DE CONTRAINTES. \OT1/cmr/m/n/10 15
 []

[15 <./Preuve_A*.png>]
Underfull \hbox (badness 10000) in paragraph at lines 364--365

 []


Underfull \hbox (badness 10000) in paragraph at lines 366--367

 []


Overfull \hbox (268.92294pt too wide) has occurred while \output is active
\OT1/cmr/m/sl/10 CHAPTER 2.  M[]ETHODE DE RECHERCHE DANS UN ESPACE D'[]ETATS ET
 PROBL[]EME DE SATISFACTION DE CONTRAINTES. \OT1/cmr/m/n/10 16
 []

[16 <./incrementale_15.png> <./incrementale_25.png>]
Underfull \hbox (badness 10000) in paragraph at lines 381--382

 []

<Paysage_Espace.png, id=88, 467.7475pt x 337.26pt>
File: Paysage_Espace.png Graphic file (type png)
 <use Paysage_Espace.png>
Package pdftex.def Info: Paysage_Espace.png used on input line 387.
(pdftex.def)             Requested size: 199.17189pt x 143.60892pt.

<Recuit_Stimule.png, id=89, 494.84875pt x 138.5175pt>
File: Recuit_Stimule.png Graphic file (type png)
 <use Recuit_Stimule.png>
Package pdftex.def Info: Recuit_Stimule.png used on input line 396.
(pdftex.def)             Requested size: 199.16676pt x 55.75052pt.

Overfull \hbox (8.33394pt too wide) in paragraph at lines 400--401
\OT1/cmr/m/n/10 ment pour T. Cet al-go-rithme est rendu ob-so-lete com-parer a 
l'algorithme g^^Sen^^Setique. 
 []


Overfull \hbox (268.92294pt too wide) has occurred while \output is active
\OT1/cmr/m/sl/10 CHAPTER 2.  M[]ETHODE DE RECHERCHE DANS UN ESPACE D'[]ETATS ET
 PROBL[]EME DE SATISFACTION DE CONTRAINTES. \OT1/cmr/m/n/10 17
 []

[17 <./Paysage_Espace.png> <./Recuit_Stimule.png>]
Underfull \hbox (badness 10000) in paragraph at lines 403--404

 []


Underfull \hbox (badness 10000) in paragraph at lines 405--406

 []

<algo_genetique.png, id=93, 492.84125pt x 254.9525pt>
File: algo_genetique.png Graphic file (type png)
 <use algo_genetique.png>
Package pdftex.def Info: algo_genetique.png used on input line 411.
(pdftex.def)             Requested size: 199.17096pt x 103.03343pt.

<exemple_algo_genetique.png, id=94, 539.01375pt x 302.12875pt>
File: exemple_algo_genetique.png Graphic file (type png)

<use exemple_algo_genetique.png>
Package pdftex.def Info: exemple_algo_genetique.png used on input line 419.
(pdftex.def)             Requested size: 199.16876pt x 111.63835pt.

Underfull \hbox (badness 10000) in paragraph at lines 424--425

 []


Overfull \hbox (268.92294pt too wide) has occurred while \output is active
\OT1/cmr/m/sl/10 CHAPTER 2.  M[]ETHODE DE RECHERCHE DANS UN ESPACE D'[]ETATS ET
 PROBL[]EME DE SATISFACTION DE CONTRAINTES. \OT1/cmr/m/n/10 18
 []

[18 <./algo_genetique.png> <./exemple_algo_genetique.png>]
<operateur_genetique.png, id=99, 389.455pt x 767.86874pt>
File: operateur_genetique.png Graphic file (type png)

<use operateur_genetique.png>
Package pdftex.def Info: operateur_genetique.png used on input line 429.
(pdftex.def)             Requested size: 216.46503pt x 426.79134pt.

Underfull \hbox (badness 10000) in paragraph at lines 434--436

 []


Underfull \hbox (badness 10000) in paragraph at lines 437--439

 []


Underfull \hbox (badness 10000) in paragraph at lines 440--441

 []


Underfull \hbox (badness 10000) in paragraph at lines 442--448

 []


Underfull \hbox (badness 10000) in paragraph at lines 450--451

 []

<arbre_recherche_standard.png, id=100, 476.78125pt x 358.33875pt>
File: arbre_recherche_standard.png Graphic file (type png)

<use arbre_recherche_standard.png>
Package pdftex.def Info: arbre_recherche_standard.png used on input line 456.
(pdftex.def)             Requested size: 199.17004pt x 149.69202pt.

Overfull \hbox (268.92294pt too wide) has occurred while \output is active
\OT1/cmr/m/sl/10 CHAPTER 2.  M[]ETHODE DE RECHERCHE DANS UN ESPACE D'[]ETATS ET
 PROBL[]EME DE SATISFACTION DE CONTRAINTES. \OT1/cmr/m/n/10 19
 []

[19]
Overfull \hbox (268.92294pt too wide) has occurred while \output is active
\OT1/cmr/m/sl/10 CHAPTER 2.  M[]ETHODE DE RECHERCHE DANS UN ESPACE D'[]ETATS ET
 PROBL[]EME DE SATISFACTION DE CONTRAINTES. \OT1/cmr/m/n/10 20
 []

[20 <./operateur_genetique.png>]
Underfull \hbox (badness 10000) in paragraph at lines 469--470

 []

<forward_checking.png, id=108, 538.01pt x 230.8625pt>
File: forward_checking.png Graphic file (type png)

<use forward_checking.png>
Package pdftex.def Info: forward_checking.png used on input line 475.
(pdftex.def)             Requested size: 199.1673pt x 85.46358pt.

Underfull \hbox (badness 10000) in paragraph at lines 481--482

 []


Overfull \hbox (268.92294pt too wide) has occurred while \output is active
\OT1/cmr/m/sl/10 CHAPTER 2.  M[]ETHODE DE RECHERCHE DANS UN ESPACE D'[]ETATS ET
 PROBL[]EME DE SATISFACTION DE CONTRAINTES. \OT1/cmr/m/n/10 21
 []

[21 <./arbre_recherche_standard.png> <./forward_checking.png>]
<gac1.png, id=112, 458.71375pt x 76.285pt>
File: gac1.png Graphic file (type png)
 <use gac1.png>
Package pdftex.def Info: gac1.png used on input line 485.
(pdftex.def)             Requested size: 199.1679pt x 33.12201pt.

<gac2.png, id=113, 462.72874pt x 80.3pt>
File: gac2.png Graphic file (type png)
 <use gac2.png>
Package pdftex.def Info: gac2.png used on input line 492.
(pdftex.def)             Requested size: 199.16718pt x 34.56262pt.

<gac3.png, id=114, 461.725pt x 79.29625pt>
File: gac3.png Graphic file (type png)
 <use gac3.png>
Package pdftex.def Info: gac3.png used on input line 499.
(pdftex.def)             Requested size: 199.16492pt x 34.20439pt.

Overfull \hbox (268.92294pt too wide) has occurred while \output is active
\OT1/cmr/m/sl/10 CHAPTER 2.  M[]ETHODE DE RECHERCHE DANS UN ESPACE D'[]ETATS ET
 PROBL[]EME DE SATISFACTION DE CONTRAINTES. \OT1/cmr/m/n/10 22
 []

[22 <./gac1.png> <./gac2.png> <./gac3.png>]
Chapter 3.

Underfull \hbox (badness 10000) in paragraph at lines 505--506

 []


Underfull \hbox (badness 10000) in paragraph at lines 507--508

 []

<agent_logique.png, id=118, 443.6575pt x 230.8625pt>
File: agent_logique.png Graphic file (type png)
 <use agent_logique.png>
Package pdftex.def Info: agent_logique.png used on input line 511.
(pdftex.def)             Requested size: 199.16338pt x 103.63704pt.

Underfull \hbox (badness 10000) in paragraph at lines 516--517

 []

[23

 <./agent_logique.png>]
<exemple_model.png, id=122, 351.3125pt x 266.9975pt>
File: exemple_model.png Graphic file (type png)
 <use exemple_model.png>
Package pdftex.def Info: exemple_model.png used on input line 540.
(pdftex.def)             Requested size: 199.17271pt x 151.37126pt.

Underfull \hbox (badness 10000) in paragraph at lines 545--546

 []


Overfull \hbox (57.6098pt too wide) has occurred while \output is active
\OT1/cmr/m/sl/10 CHAPTER 3.  LOGIQUE PROPOSITIONELLE ET PR[]EDICAT DU PREMIER O
RDRE \OT1/cmr/m/n/10 24
 []

[24 <./exemple_model.png>]
Underfull \hbox (badness 10000) in paragraph at lines 564--565

 []


Underfull \hbox (badness 10000) in paragraph at lines 567--568

 []


Underfull \hbox (badness 10000) in paragraph at lines 569--570

 []


Overfull \hbox (57.6098pt too wide) has occurred while \output is active
\OT1/cmr/m/sl/10 CHAPTER 3.  LOGIQUE PROPOSITIONELLE ET PR[]EDICAT DU PREMIER O
RDRE \OT1/cmr/m/n/10 25
 []

[25] <exemple_inference.png, id=130, 590.205pt x 414.54875pt>
File: exemple_inference.png Graphic file (type png)

<use exemple_inference.png>
Package pdftex.def Info: exemple_inference.png used on input line 606.
(pdftex.def)             Requested size: 199.16307pt x 139.88835pt.

Overfull \hbox (57.6098pt too wide) has occurred while \output is active
\OT1/cmr/m/sl/10 CHAPTER 3.  LOGIQUE PROPOSITIONELLE ET PR[]EDICAT DU PREMIER O
RDRE \OT1/cmr/m/n/10 26
 []

[26 <./exemple_inference.png>] <horn.png, id=134, 219.82124pt x 160.6pt>
File: horn.png Graphic file (type png)

<use horn.png>
Package pdftex.def Info: horn.png used on input line 628.
(pdftex.def)             Requested size: 142.26828pt x 103.94029pt.

Overfull \hbox (2.83392pt too wide) in paragraph at lines 636--637
\OT1/cmr/m/n/10 le pre-mier al-go-rithme d'inf^^Serence que nous al-lons voir e
st l'algorithme de cha^^^Pnage
 []

<chainage_avant_exemple.png, id=135, 484.81125pt x 277.035pt>
File: chainage_avant_exemple.png Graphic file (type png)

<use chainage_avant_exemple.png>
Package pdftex.def Info: chainage_avant_exemple.png used on input line 640.
(pdftex.def)             Requested size: 142.26352pt x 81.29343pt.

<algo_chainage_avant.png, id=136, 434.62375pt x 313.17pt>
File: algo_chainage_avant.png Graphic file (type png)

<use algo_chainage_avant.png>
Package pdftex.def Info: algo_chainage_avant.png used on input line 647.
(pdftex.def)             Requested size: 142.2657pt x 102.51016pt.


LaTeX Warning: Reference `fig:chainage_arriere_loop' on page 27 undefined on in
put line 653.


Underfull \hbox (badness 10000) in paragraph at lines 653--654

 []

<exemple_chainage_arriere.png, id=137, 448.67625pt x 291.0875pt>
File: exemple_chainage_arriere.png Graphic file (type png)

<use exemple_chainage_arriere.png>
Package pdftex.def Info: exemple_chainage_arriere.png used on input line 657.
(pdftex.def)             Requested size: 142.25801pt x 92.29266pt.

Underfull \hbox (badness 10000) in paragraph at lines 664--665

 []


Overfull \hbox (57.6098pt too wide) has occurred while \output is active
\OT1/cmr/m/sl/10 CHAPTER 3.  LOGIQUE PROPOSITIONELLE ET PR[]EDICAT DU PREMIER O
RDRE \OT1/cmr/m/n/10 27
 []

[27 <./horn.png> <./chainage_avant_exemple.png>]
Underfull \hbox (badness 10000) in paragraph at lines 669--670

 []


Overfull \hbox (57.6098pt too wide) has occurred while \output is active
\OT1/cmr/m/sl/10 CHAPTER 3.  LOGIQUE PROPOSITIONELLE ET PR[]EDICAT DU PREMIER O
RDRE \OT1/cmr/m/n/10 28
 []

[28 <./algo_chainage_avant.png> <./exemple_chainage_arriere.png>]
Overfull \hbox (27.84877pt too wide) in paragraph at lines 681--682
 \OT1/cmr/bx/n/10 Si un prof en-seigne l'IA, il est in-tel-li-gent[] $\OMS/cmsy
/m/n/10 8\OML/cmm/m/it/10 x\OT1/cmr/m/n/10 [\OML/cmm/m/it/10 professeur\OT1/cmr
/m/n/10 (\OML/cmm/m/it/10 x\OT1/cmr/m/n/10 ) \OMS/cmsy/m/n/10 ^ \OML/cmm/m/it/1
0 enseigne\OT1/cmr/m/n/10 (\OML/cmm/m/it/10 x; IA\OT1/cmr/m/n/10 ) \OMS/cmsy/m/
n/10 )
 []


Overfull \hbox (8.01328pt too wide) in paragraph at lines 686--687
 \OT1/cmr/bx/n/10 Quelqu'un aime tous les prof d'IA[] $\OMS/cmsy/m/n/10 9\OML/c
mm/m/it/10 y\OMS/cmsy/m/n/10 8\OML/cmm/m/it/10 x\OT1/cmr/m/n/10 [\OML/cmm/m/it/
10 enseigne\OT1/cmr/m/n/10 (\OML/cmm/m/it/10 x; IA\OT1/cmr/m/n/10 ) \OMS/cmsy/m
/n/10 ^ \OML/cmm/m/it/10 professeur\OT1/cmr/m/n/10 (\OML/cmm/m/it/10 x\OT1/cmr/
m/n/10 ) \OMS/cmsy/m/n/10 )
 []


Overfull \hbox (0.76456pt too wide) in paragraph at lines 688--689
 \OT1/cmr/bx/n/10 Paul est un bar-bier qui rase tous cex qui ne se rasent pas[]
 $\OML/cmm/m/it/10 barbier\OT1/cmr/m/n/10 (\OML/cmm/m/it/10 Paul\OT1/cmr/m/n/10
 )[] 
 []


Overfull \hbox (43.10603pt too wide) in paragraph at lines 690--693
 \OT1/cmr/bx/n/10 Les br^^Sesiliens ne dansent pas tous la samba[] $\OMS/cmsy/m
/n/10 :8\OML/cmm/m/it/10 x\OT1/cmr/m/n/10 [\OML/cmm/m/it/10 bresilien\OT1/cmr/m
/n/10 (\OML/cmm/m/it/10 x\OT1/cmr/m/n/10 ) \OMS/cmsy/m/n/10 ) \OML/cmm/m/it/10 
danser\OT1/cmr/m/n/10 (\OML/cmm/m/it/10 x; samba\OT1/cmr/m/n/10 )]$ 
 []


Underfull \hbox (badness 10000) in paragraph at lines 698--699

 []


Overfull \hbox (57.6098pt too wide) has occurred while \output is active
\OT1/cmr/m/sl/10 CHAPTER 3.  LOGIQUE PROPOSITIONELLE ET PR[]EDICAT DU PREMIER O
RDRE \OT1/cmr/m/n/10 29
 []

[29]
Underfull \hbox (badness 10000) in paragraph at lines 700--701

 []


Underfull \hbox (badness 10000) in paragraph at lines 702--706

 []


Overfull \hbox (57.6098pt too wide) has occurred while \output is active
\OT1/cmr/m/sl/10 CHAPTER 3.  LOGIQUE PROPOSITIONELLE ET PR[]EDICAT DU PREMIER O
RDRE \OT1/cmr/m/n/10 30
 []

[30]
Chapter 4.

Underfull \hbox (badness 10000) in paragraph at lines 724--725

 []


Overfull \hbox (2.1394pt too wide) in paragraph at lines 726--727
[]\OT1/cmr/m/n/10 On mod^^Selise des con-nais-sance on-tologiques avec un sens 
diff^^Serentde la philoso-
 []


Underfull \hbox (badness 10000) in paragraph at lines 726--727

 []


Underfull \hbox (badness 10000) in paragraph at lines 728--729

 []

<taxonomie.png, id=152, 411.5375pt x 221.82875pt>
File: taxonomie.png Graphic file (type png)
 <use taxonomie.png>
Package pdftex.def Info: taxonomie.png used on input line 733.
(pdftex.def)             Requested size: 199.16928pt x 107.35663pt.

Underfull \hbox (badness 10000) in paragraph at lines 738--739

 []


Underfull \hbox (badness 10000) in paragraph at lines 740--741

 []


Underfull \hbox (badness 10000) in paragraph at lines 744--745

 []


Underfull \hbox (badness 10000) in paragraph at lines 746--749

 []

[31

]
Underfull \hbox (badness 10000) in paragraph at lines 750--751

 []


Underfull \hbox (badness 10000) in paragraph at lines 752--757

 []


Underfull \hbox (badness 10000) in paragraph at lines 758--759

 []


Underfull \hbox (badness 10000) in paragraph at lines 760--761

 []

<caracteristique.png, id=156, 358.33875pt x 178.6675pt>
File: caracteristique.png Graphic file (type png)

<use caracteristique.png>
Package pdftex.def Info: caracteristique.png used on input line 764.
(pdftex.def)             Requested size: 199.16928pt x 99.30612pt.

Overfull \hbox (13.16866pt too wide) has occurred while \output is active
\OT1/cmr/m/sl/10 CHAPTER 4.  ONTOLOGIES, PLANIFICATION ET R[]ESEAUX BAY[]ESIENS
 \OT1/cmr/m/n/10 32
 []

[32 <./taxonomie.png> <./caracteristique.png>]
Underfull \hbox (badness 10000) in paragraph at lines 772--773

 []


Underfull \hbox (badness 10000) in paragraph at lines 783--784

 []


Underfull \hbox (badness 10000) in paragraph at lines 786--787

 []


Underfull \hbox (badness 10000) in paragraph at lines 788--789

 []

<semantics.png, id=160, 129.48375pt x 22.0825pt>
File: semantics.png Graphic file (type png)
 <use semantics.png>
Package pdftex.def Info: semantics.png used on input line 799.
(pdftex.def)             Requested size: 85.35826pt x 14.55797pt.

<semantics2.png, id=161, 338.26375pt x 224.84pt>
File: semantics2.png Graphic file (type png)
 <use semantics2.png>
Package pdftex.def Info: semantics2.png used on input line 809.
(pdftex.def)             Requested size: 199.16928pt x 132.39027pt.

Overfull \hbox (1.77843pt too wide) in paragraph at lines 815--816
\OT1/cmr/m/n/10 Quand une vari-able ap-pa-rait dans une clauses, la clause sera
 vraie pour n'importe
 []


Underfull \hbox (badness 10000) in paragraph at lines 815--816

 []


Overfull \hbox (13.16866pt too wide) has occurred while \output is active
\OT1/cmr/m/sl/10 CHAPTER 4.  ONTOLOGIES, PLANIFICATION ET R[]ESEAUX BAY[]ESIENS
 \OT1/cmr/m/n/10 33
 []

[33 <./semantics.png>]
Underfull \hbox (badness 10000) in paragraph at lines 817--818

 []


Underfull \hbox (badness 10000) in paragraph at lines 821--822

 []


Underfull \hbox (badness 10000) in paragraph at lines 823--824

 []


Underfull \hbox (badness 10000) in paragraph at lines 825--826

 []


Overfull \hbox (13.16866pt too wide) has occurred while \output is active
\OT1/cmr/m/sl/10 CHAPTER 4.  ONTOLOGIES, PLANIFICATION ET R[]ESEAUX BAY[]ESIENS
 \OT1/cmr/m/n/10 34
 []

[34 <./semantics2.png>]
Overfull \hbox (9.96356pt too wide) in paragraph at lines 827--828
\OT1/cmr/m/n/10 (wood chips). La base de con-nais-sance pour-rait utiliser un m
oyen de repr^^Sesentation
 []


Underfull \hbox (badness 10000) in paragraph at lines 827--828

 []


Underfull \hbox (badness 10000) in paragraph at lines 834--836

 []


Underfull \hbox (badness 10000) in paragraph at lines 837--838

 []


Underfull \hbox (badness 10000) in paragraph at lines 839--840

 []


Underfull \hbox (badness 10000) in paragraph at lines 843--849

 []


Overfull \hbox (13.16866pt too wide) has occurred while \output is active
\OT1/cmr/m/sl/10 CHAPTER 4.  ONTOLOGIES, PLANIFICATION ET R[]ESEAUX BAY[]ESIENS
 \OT1/cmr/m/n/10 35
 []

[35]
Underfull \hbox (badness 10000) in paragraph at lines 850--851

 []


Underfull \hbox (badness 10000) in paragraph at lines 852--853

 []


Underfull \hbox (badness 10000) in paragraph at lines 854--855

 []


Underfull \hbox (badness 10000) in paragraph at lines 856--861

 []


Underfull \hbox (badness 10000) in paragraph at lines 863--864

 []


Overfull \hbox (1.72267pt too wide) in paragraph at lines 865--866
[]\OT1/cmr/m/n/10 Chaque noeud de l'espace d'^^Setat est un ^^Setat r^^Sesultat
 de la prise d'une s^^Sequence
 []


Underfull \hbox (badness 10000) in paragraph at lines 865--866

 []


Underfull \hbox (badness 10000) in paragraph at lines 867--868

 []


Overfull \hbox (2.19395pt too wide) in paragraph at lines 870--871
\OT1/cmr/m/n/10 La valeur de h(S) doit nous don-ner une es-ti-ma-tion du nom-br
e d'actions n^^Secessaire
 []


Underfull \hbox (badness 10000) in paragraph at lines 870--871

 []


Underfull \hbox (badness 10000) in paragraph at lines 872--873

 []


Overfull \hbox (13.16866pt too wide) has occurred while \output is active
\OT1/cmr/m/sl/10 CHAPTER 4.  ONTOLOGIES, PLANIFICATION ET R[]ESEAUX BAY[]ESIENS
 \OT1/cmr/m/n/10 36
 []

[36]
Underfull \hbox (badness 10000) in paragraph at lines 874--875

 []


Underfull \hbox (badness 10000) in paragraph at lines 891--892

 []


Underfull \hbox (badness 10000) in paragraph at lines 893--894

 []


Overfull \hbox (13.16866pt too wide) has occurred while \output is active
\OT1/cmr/m/sl/10 CHAPTER 4.  ONTOLOGIES, PLANIFICATION ET R[]ESEAUX BAY[]ESIENS
 \OT1/cmr/m/n/10 37
 []

[37]
Underfull \hbox (badness 10000) in paragraph at lines 898--899

 []


Underfull \hbox (badness 10000) in paragraph at lines 900--901

 []


Underfull \hbox (badness 10000) in paragraph at lines 907--908

 []

<Exemple_Transport.png, id=178, 445.665pt x 223.83624pt>
File: Exemple_Transport.png Graphic file (type png)

<use Exemple_Transport.png>
Package pdftex.def Info: Exemple_Transport.png used on input line 912.
(pdftex.def)             Requested size: 345.0pt x 173.27661pt.

Underfull \hbox (badness 10000) in paragraph at lines 917--918

 []


Underfull \hbox (badness 10000) in paragraph at lines 919--920

 []

<Shakey.png, id=179, 545.03625pt x 517.935pt>
File: Shakey.png Graphic file (type png)
 <use Shakey.png>
Package pdftex.def Info: Shakey.png used on input line 923.
(pdftex.def)             Requested size: 227.62204pt x 216.29832pt.

Underfull \hbox (badness 10000) in paragraph at lines 928--929

 []


Overfull \hbox (13.16866pt too wide) has occurred while \output is active
\OT1/cmr/m/sl/10 CHAPTER 4.  ONTOLOGIES, PLANIFICATION ET R[]ESEAUX BAY[]ESIENS
 \OT1/cmr/m/n/10 38
 []

[38 <./Exemple_Transport.png>]
<Reponse_Shakey.png, id=183, 545.03625pt x 450.68375pt>
File: Reponse_Shakey.png Graphic file (type png)

<use Reponse_Shakey.png>
Package pdftex.def Info: Reponse_Shakey.png used on input line 932.
(pdftex.def)             Requested size: 345.0pt x 285.27324pt.

Overfull \hbox (9.72278pt too wide) in paragraph at lines 938--939
\OT1/cmr/m/n/10 de probl^^Remes qui fonc-tion-nent sur des repr^^Sesentations e
x-plicites d'^^Setats et d'actions
 []


Overfull \hbox (13.16866pt too wide) has occurred while \output is active
\OT1/cmr/m/sl/10 CHAPTER 4.  ONTOLOGIES, PLANIFICATION ET R[]ESEAUX BAY[]ESIENS
 \OT1/cmr/m/n/10 39
 []

[39 <./Shakey.png>]
Underfull \hbox (badness 10000) in paragraph at lines 943--944

 []


Overfull \hbox (11.52832pt too wide) in paragraph at lines 945--946
[]\OT1/cmr/m/n/10 On d^^Sefinit $
$ comme l'ensemble de touts les r^^Sesultats pos-si-ble d'un ^^Sev^^Senement.
 []


Underfull \hbox (badness 10000) in paragraph at lines 948--949

 []


Overfull \hbox (13.16866pt too wide) has occurred while \output is active
\OT1/cmr/m/sl/10 CHAPTER 4.  ONTOLOGIES, PLANIFICATION ET R[]ESEAUX BAY[]ESIENS
 \OT1/cmr/m/n/10 40
 []

[40 <./Reponse_Shakey.png>]
Underfull \hbox (badness 10000) in paragraph at lines 958--959

 []


Underfull \hbox (badness 10000) in paragraph at lines 960--961

 []


Underfull \hbox (badness 10000) in paragraph at lines 972--973

 []

<Distribution_Conjointe.png, id=190, 422.57875pt x 189.70876pt>
File: Distribution_Conjointe.png Graphic file (type png)

<use Distribution_Conjointe.png>
Package pdftex.def Info: Distribution_Conjointe.png used on input line 978.
(pdftex.def)             Requested size: 199.16928pt x 89.41496pt.

<Prob_Cond.png, id=191, 508.90125pt x 284.06125pt>
File: Prob_Cond.png Graphic file (type png)
 <use Prob_Cond.png>
Package pdftex.def Info: Prob_Cond.png used on input line 988.
(pdftex.def)             Requested size: 199.16928pt x 111.17352pt.

Underfull \hbox (badness 10000) in paragraph at lines 1001--1002

 []


Overfull \hbox (13.16866pt too wide) has occurred while \output is active
\OT1/cmr/m/sl/10 CHAPTER 4.  ONTOLOGIES, PLANIFICATION ET R[]ESEAUX BAY[]ESIENS
 \OT1/cmr/m/n/10 41
 []

[41 <./Distribution_Conjointe.png>]
Overfull \hbox (10.35246pt too wide) in paragraph at lines 1007--1008
[]\OT1/cmr/m/n/10 l'ind^^Sependant ab-solu est tr^^Res puis-sant, mais en pra-t
ique c'est rare. l'odontologie
 []


Underfull \hbox (badness 10000) in paragraph at lines 1007--1008

 []


Underfull \hbox (badness 10000) in paragraph at lines 1010--1011

 []


Underfull \hbox (badness 10000) in paragraph at lines 1021--1022

 []


Underfull \hbox (badness 10000) in paragraph at lines 1027--1028

 []


Underfull \hbox (badness 10000) in paragraph at lines 1029--1030

 []


Underfull \hbox (badness 10000) in paragraph at lines 1031--1033

 []

<Regle_Chaine.png, id=195, 521.95pt x 124.465pt>
File: Regle_Chaine.png Graphic file (type png)
 <use Regle_Chaine.png>
Package pdftex.def Info: Regle_Chaine.png used on input line 1036.
(pdftex.def)             Requested size: 199.16928pt x 47.49469pt.

Overfull \hbox (13.16866pt too wide) has occurred while \output is active
\OT1/cmr/m/sl/10 CHAPTER 4.  ONTOLOGIES, PLANIFICATION ET R[]ESEAUX BAY[]ESIENS
 \OT1/cmr/m/n/10 42
 []

[42 <./Prob_Cond.png>]
Underfull \hbox (badness 10000) in paragraph at lines 1044--1045

 []


Underfull \hbox (badness 10000) in paragraph at lines 1050--1051

 []


Underfull \hbox (badness 10000) in paragraph at lines 1056--1057

 []

<Bayes.png, id=200, 498.86375pt x 261.97874pt>
File: Bayes.png Graphic file (type png)
 <use Bayes.png>
Package pdftex.def Info: Bayes.png used on input line 1067.
(pdftex.def)             Requested size: 199.16928pt x 104.59377pt.

Underfull \hbox (badness 10000) in paragraph at lines 1073--1074

 []


Overfull \hbox (13.16866pt too wide) has occurred while \output is active
\OT1/cmr/m/sl/10 CHAPTER 4.  ONTOLOGIES, PLANIFICATION ET R[]ESEAUX BAY[]ESIENS
 \OT1/cmr/m/n/10 43
 []

[43 <./Regle_Chaine.png> <./Bayes.png>]
Underfull \hbox (badness 10000) in paragraph at lines 1076--1077

 []


Underfull \hbox (badness 10000) in paragraph at lines 1078--1079

 []

<bayes_network.png, id=204, 418.56375pt x 283.0575pt>
File: bayes_network.png Graphic file (type png)
 <use bayes_network.png>
Package pdftex.def Info: bayes_network.png used on input line 1082.
(pdftex.def)             Requested size: 199.16928pt x 134.68694pt.

Underfull \hbox (badness 10000) in paragraph at lines 1087--1088

 []


Underfull \hbox (badness 10000) in paragraph at lines 1089--1090

 []


Overfull \hbox (13.16866pt too wide) has occurred while \output is active
\OT1/cmr/m/sl/10 CHAPTER 4.  ONTOLOGIES, PLANIFICATION ET R[]ESEAUX BAY[]ESIENS
 \OT1/cmr/m/n/10 44
 []

[44 <./bayes_network.png>] <Exemple_Bayes.png, id=208, 538.01pt x 212.795pt>
File: Exemple_Bayes.png Graphic file (type png)

<use Exemple_Bayes.png>
Package pdftex.def Info: Exemple_Bayes.png used on input line 1093.
(pdftex.def)             Requested size: 199.16928pt x 78.77512pt.

Underfull \hbox (badness 10000) in paragraph at lines 1099--1100

 []


Underfull \hbox (badness 10000) in paragraph at lines 1101--1102

 []


Underfull \hbox (badness 10000) in paragraph at lines 1103--1104

 []


Overfull \hbox (14.74483pt too wide) in paragraph at lines 1105--1106
\OT1/cmr/m/n/10 d'un noeud Y ^^Setant donn^^Sees d'autres noeuds $\OML/cmm/m/it
/10 Z \OT1/cmr/m/n/10 = [\OML/cmm/m/it/10 Z[]; Z[]; ::::Z[]\OT1/cmr/m/n/10 ]$. 
X est ind^^Sependant
 []


Underfull \hbox (badness 10000) in paragraph at lines 1112--1113

 []

<tri_topologique.png, id=209, 249.93375pt x 229.85875pt>
File: tri_topologique.png Graphic file (type png)

<use tri_topologique.png>
Package pdftex.def Info: tri_topologique.png used on input line 1116.
(pdftex.def)             Requested size: 199.16928pt x 183.17874pt.

Underfull \hbox (badness 10000) in paragraph at lines 1121--1122

 []


Overfull \hbox (13.16866pt too wide) has occurred while \output is active
\OT1/cmr/m/sl/10 CHAPTER 4.  ONTOLOGIES, PLANIFICATION ET R[]ESEAUX BAY[]ESIENS
 \OT1/cmr/m/n/10 45
 []

[45 <./Exemple_Bayes.png>]
Underfull \hbox (badness 10000) in paragraph at lines 1127--1128

 []


Underfull \hbox (badness 10000) in paragraph at lines 1134--1135

 []


Overfull \hbox (13.16866pt too wide) has occurred while \output is active
\OT1/cmr/m/sl/10 CHAPTER 4.  ONTOLOGIES, PLANIFICATION ET R[]ESEAUX BAY[]ESIENS
 \OT1/cmr/m/n/10 46
 []

[46 <./tri_topologique.png>]
Overfull \hbox (40.27846pt too wide) in paragraph at lines 1145--1146
[]\OT1/cmr/m/n/10 Pour chaque Vari-able A, un tableau de prob-a-bilit^^Ses con-
di-tionelles P(A|parents(A))
 []


Overfull \hbox (13.16866pt too wide) has occurred while \output is active
\OT1/cmr/m/sl/10 CHAPTER 4.  ONTOLOGIES, PLANIFICATION ET R[]ESEAUX BAY[]ESIENS
 \OT1/cmr/m/n/10 47
 []

[47]
Chapter 5.

Underfull \hbox (badness 10000) in paragraph at lines 1149--1150

 []


Underfull \hbox (badness 10000) in paragraph at lines 1158--1159

 []


Underfull \hbox (badness 10000) in paragraph at lines 1161--1162

 []


Underfull \hbox (badness 10000) in paragraph at lines 1163--1164

 []


Underfull \hbox (badness 10000) in paragraph at lines 1165--1166

 []

[48

] <Classes_ML.png, id=223, 790.955pt x 305.14pt>
File: Classes_ML.png Graphic file (type png)
 <use Classes_ML.png>
Package pdftex.def Info: Classes_ML.png used on input line 1169.
(pdftex.def)             Requested size: 345.0pt x 133.09799pt.

<Classes_division.png, id=224, 375.4025pt x 276.03125pt>
File: Classes_division.png Graphic file (type png)

<use Classes_division.png>
Package pdftex.def Info: Classes_division.png used on input line 1176.
(pdftex.def)             Requested size: 345.0pt x 253.69067pt.

Underfull \hbox (badness 10000) in paragraph at lines 1181--1182

 []


Overfull \hbox (121.56717pt too wide) has occurred while \output is active
\OT1/cmr/m/sl/10 CHAPTER 5.  MACHINE LEARNING / APPRENTISSAGE MACHINE ET FOUILL
ES DE DONN[]EES \OT1/cmr/m/n/10 49
 []

[49 <./Classes_ML.png> <./Classes_division.png>]
<Classifier_Agent.png, id=228, 584.1825pt x 290.08376pt>
File: Classifier_Agent.png Graphic file (type png)

<use Classifier_Agent.png>
Package pdftex.def Info: Classifier_Agent.png used on input line 1185.
(pdftex.def)             Requested size: 345.0pt x 171.32054pt.

Overfull \hbox (28.4173pt too wide) in paragraph at lines 1190--1192
[]\OT1/cmr/m/n/10 *L'apprentissage ma-chine est l'^^Setude des al-go-rithmes in
-for-ma-tiques qui s'am^^Seliorent
 []


Underfull \hbox (badness 10000) in paragraph at lines 1190--1192

 []


Underfull \hbox (badness 10000) in paragraph at lines 1209--1210

 []


Underfull \hbox (badness 10000) in paragraph at lines 1212--1213

 []


Overfull \hbox (121.56717pt too wide) has occurred while \output is active
\OT1/cmr/m/sl/10 CHAPTER 5.  MACHINE LEARNING / APPRENTISSAGE MACHINE ET FOUILL
ES DE DONN[]EES \OT1/cmr/m/n/10 50
 []

[50 <./Classifier_Agent.png>]
Underfull \hbox (badness 10000) in paragraph at lines 1215--1216

 []


Underfull \hbox (badness 10000) in paragraph at lines 1217--1218

 []

<Neurone.png, id=233, 564.1075pt x 243.91125pt>
File: Neurone.png Graphic file (type png)
 <use Neurone.png>
Package pdftex.def Info: Neurone.png used on input line 1225.
(pdftex.def)             Requested size: 345.0pt x 149.1727pt.

Underfull \hbox (badness 10000) in paragraph at lines 1230--1231

 []


Overfull \hbox (121.56717pt too wide) has occurred while \output is active
\OT1/cmr/m/sl/10 CHAPTER 5.  MACHINE LEARNING / APPRENTISSAGE MACHINE ET FOUILL
ES DE DONN[]EES \OT1/cmr/m/n/10 51
 []

[51 <./Neurone.png>]
Underfull \hbox (badness 10000) in paragraph at lines 1232--1233

 []


Underfull \hbox (badness 10000) in paragraph at lines 1234--1235

 []

<Hyperplan.png, id=237, 350.30875pt x 282.05376pt>
File: Hyperplan.png Graphic file (type png)
 <use Hyperplan.png>
Package pdftex.def Info: Hyperplan.png used on input line 1240.
(pdftex.def)             Requested size: 345.0pt x 277.7966pt.

Underfull \hbox (badness 10000) in paragraph at lines 1246--1247

 []


Underfull \hbox (badness 10000) in paragraph at lines 1248--1249

 []


Underfull \hbox (badness 10000) in paragraph at lines 1250--1251

 []


Underfull \hbox (badness 10000) in paragraph at lines 1252--1253

 []


Overfull \hbox (121.56717pt too wide) has occurred while \output is active
\OT1/cmr/m/sl/10 CHAPTER 5.  MACHINE LEARNING / APPRENTISSAGE MACHINE ET FOUILL
ES DE DONN[]EES \OT1/cmr/m/n/10 52
 []

[52 <./Hyperplan.png>]
Underfull \hbox (badness 10000) in paragraph at lines 1256--1257

 []

<lineairement_separable.png, id=241, 684.5575pt x 285.065pt>
File: lineairement_separable.png Graphic file (type png)

<use lineairement_separable.png>
Package pdftex.def Info: lineairement_separable.png used on input line 1260.
(pdftex.def)             Requested size: 345.0pt x 143.66742pt.

Underfull \hbox (badness 10000) in paragraph at lines 1265--1266

 []


Overfull \hbox (17.2506pt too wide) in paragraph at lines 1271--1272
[]\OT1/cmr/m/n/10 Ils ont re-marqu^^Ses que le Deep Learn-ing ^^Setait ca-pa-bl
e d'automatiser l'extraction
 []


Underfull \hbox (badness 10000) in paragraph at lines 1275--1276

 []


Underfull \hbox (badness 10000) in paragraph at lines 1277--1278

 []


Underfull \hbox (badness 10000) in paragraph at lines 1279--1280

 []


Underfull \hbox (badness 10000) in paragraph at lines 1281--1282

 []


Overfull \hbox (121.56717pt too wide) has occurred while \output is active
\OT1/cmr/m/sl/10 CHAPTER 5.  MACHINE LEARNING / APPRENTISSAGE MACHINE ET FOUILL
ES DE DONN[]EES \OT1/cmr/m/n/10 53
 []

[53 <./lineairement_separable.png>]
<Exemple_Perceptron.png, id=245, 674.52pt x 383.4325pt>
File: Exemple_Perceptron.png Graphic file (type png)

<use Exemple_Perceptron.png>
Package pdftex.def Info: Exemple_Perceptron.png used on input line 1308.
(pdftex.def)             Requested size: 345.0pt x 196.12135pt.

Underfull \hbox (badness 10000) in paragraph at lines 1314--1315

 []


Underfull \hbox (badness 10000) in paragraph at lines 1320--1321

 []


Underfull \hbox (badness 10000) in paragraph at lines 1324--1325

 []


Underfull \hbox (badness 10000) in paragraph at lines 1330--1331

 []


Overfull \hbox (121.56717pt too wide) has occurred while \output is active
\OT1/cmr/m/sl/10 CHAPTER 5.  MACHINE LEARNING / APPRENTISSAGE MACHINE ET FOUILL
ES DE DONN[]EES \OT1/cmr/m/n/10 54
 []

[54 <./Exemple_Perceptron.png>]
Underfull \hbox (badness 10000) in paragraph at lines 1332--1333

 []


Underfull \hbox (badness 10000) in paragraph at lines 1339--1340

 []


Underfull \hbox (badness 10000) in paragraph at lines 1341--1342

 []


Overfull \hbox (6.86166pt too wide) in paragraph at lines 1346--1347
\OT1/cmr/m/n/10 On peut utiliser une sorte de seuil d'ex^^Secution si ja-mais l
es donn^^Sees d'entrainement
 []


Underfull \hbox (badness 10000) in paragraph at lines 1346--1347

 []

<sommaire.png, id=250, 669.50125pt x 280.04625pt>
File: sommaire.png Graphic file (type png)
 <use sommaire.png>
Package pdftex.def Info: sommaire.png used on input line 1353.
(pdftex.def)             Requested size: 142.26378pt x 59.50797pt.

Overfull \hbox (18.19507pt too wide) in paragraph at lines 1358--1360
\OT1/cmr/m/n/10 Les poids sont mis ^^Ra jours bas^^Ses sur une fonc-tion d'acti
vation lin^^Seaire $\OMS/cmsy/m/n/10 !$ \OT1/cmr/m/n/10 diff^^Serentiable
 []


Overfull \hbox (15.22285pt too wide) in paragraph at lines 1361--1362
[]\OT1/cmr/m/n/10 Le principe est d'utiliser un quan-tifi-ca-teur tr^^Res sim-i
-laire ^^Ra la fonc-tion d'activation
 []

<adaline.png, id=251, 485.815pt x 185.69376pt>
File: adaline.png Graphic file (type png)
 <use adaline.png>
Package pdftex.def Info: adaline.png used on input line 1365.
(pdftex.def)             Requested size: 345.0pt x 131.86899pt.

Overfull \hbox (121.56717pt too wide) has occurred while \output is active
\OT1/cmr/m/sl/10 CHAPTER 5.  MACHINE LEARNING / APPRENTISSAGE MACHINE ET FOUILL
ES DE DONN[]EES \OT1/cmr/m/n/10 55
 []

[55 <./sommaire.png>]
Underfull \hbox (badness 10000) in paragraph at lines 1372--1373

 []


Underfull \hbox (badness 10000) in paragraph at lines 1376--1377

 []

<SGD.png, id=255, 489.83pt x 268.00125pt>
File: SGD.png Graphic file (type png)
 <use SGD.png>
Package pdftex.def Info: SGD.png used on input line 1380.
(pdftex.def)             Requested size: 345.0pt x 188.76505pt.

Underfull \hbox (badness 10000) in paragraph at lines 1384--1385

 []


Overfull \hbox (121.56717pt too wide) has occurred while \output is active
\OT1/cmr/m/sl/10 CHAPTER 5.  MACHINE LEARNING / APPRENTISSAGE MACHINE ET FOUILL
ES DE DONN[]EES \OT1/cmr/m/n/10 56
 []

[56 <./adaline.png> <./SGD.png>]
Underfull \hbox (badness 10000) in paragraph at lines 1390--1391

 []


Underfull \hbox (badness 10000) in paragraph at lines 1396--1397

 []


Underfull \hbox (badness 10000) in paragraph at lines 1398--1399

 []


Underfull \hbox (badness 10000) in paragraph at lines 1403--1404

 []


Underfull \hbox (badness 10000) in paragraph at lines 1408--1409

 []


Underfull \hbox (badness 10000) in paragraph at lines 1410--1411

 []


Underfull \hbox (badness 10000) in paragraph at lines 1412--1413

 []

<sigmoide.png, id=259, 401.5pt x 336.25626pt>
File: sigmoide.png Graphic file (type png)
 <use sigmoide.png>
Package pdftex.def Info: sigmoide.png used on input line 1416.
(pdftex.def)             Requested size: 142.26378pt x 119.1486pt.

Underfull \hbox (badness 10000) in paragraph at lines 1421--1422

 []


Overfull \hbox (121.56717pt too wide) has occurred while \output is active
\OT1/cmr/m/sl/10 CHAPTER 5.  MACHINE LEARNING / APPRENTISSAGE MACHINE ET FOUILL
ES DE DONN[]EES \OT1/cmr/m/n/10 57
 []

[57 <./sigmoide.png>]
Underfull \hbox (badness 10000) in paragraph at lines 1423--1424

 []

<logistique.png, id=264, 515.9275pt x 304.13625pt>
File: logistique.png Graphic file (type png)
 <use logistique.png>
Package pdftex.def Info: logistique.png used on input line 1427.
(pdftex.def)             Requested size: 227.62204pt x 134.18233pt.

Overfull \hbox (2.90303pt too wide) in paragraph at lines 1431--1432
[]\OT1/cmr/m/n/10 Normalement, pour la r^^Segression lo-gis-tique, on es-saie d
e min-imiser \OT1/cmr/bx/n/10 l'entropie
 []


Underfull \hbox (badness 10000) in paragraph at lines 1431--1432

 []


Underfull \hbox (badness 10000) in paragraph at lines 1437--1438

 []


Underfull \hbox (badness 10000) in paragraph at lines 1439--1440

 []


Underfull \hbox (badness 10000) in paragraph at lines 1442--1443

 []


Underfull \hbox (badness 10000) in paragraph at lines 1445--1446

 []


Overfull \hbox (121.56717pt too wide) has occurred while \output is active
\OT1/cmr/m/sl/10 CHAPTER 5.  MACHINE LEARNING / APPRENTISSAGE MACHINE ET FOUILL
ES DE DONN[]EES \OT1/cmr/m/n/10 58
 []

[58 <./logistique.png>]
Underfull \hbox (badness 10000) in paragraph at lines 1447--1448

 []


Underfull \hbox (badness 10000) in paragraph at lines 1453--1454

 []


Underfull \hbox (badness 10000) in paragraph at lines 1455--1456

 []


Underfull \hbox (badness 10000) in paragraph at lines 1458--1459

 []


Underfull \hbox (badness 10000) in paragraph at lines 1460--1461

 []


Underfull \hbox (badness 10000) in paragraph at lines 1462--1463

 []

<Kcluster.png, id=268, 587.19376pt x 512.91624pt>
File: Kcluster.png Graphic file (type png)
 <use Kcluster.png>
Package pdftex.def Info: Kcluster.png used on input line 1466.
(pdftex.def)             Requested size: 199.16928pt x 173.97441pt.

Underfull \hbox (badness 10000) in paragraph at lines 1471--1472

 []


Underfull \hbox (badness 10000) in paragraph at lines 1484--1485

 []


Overfull \hbox (121.56717pt too wide) has occurred while \output is active
\OT1/cmr/m/sl/10 CHAPTER 5.  MACHINE LEARNING / APPRENTISSAGE MACHINE ET FOUILL
ES DE DONN[]EES \OT1/cmr/m/n/10 59
 []

[59]
Underfull \hbox (badness 10000) in paragraph at lines 1486--1487

 []


Underfull \hbox (badness 10000) in paragraph at lines 1488--1489

 []


Underfull \hbox (badness 10000) in paragraph at lines 1490--1492

 []


Underfull \hbox (badness 10000) in paragraph at lines 1494--1495

 []


Overfull \hbox (121.56717pt too wide) has occurred while \output is active
\OT1/cmr/m/sl/10 CHAPTER 5.  MACHINE LEARNING / APPRENTISSAGE MACHINE ET FOUILL
ES DE DONN[]EES \OT1/cmr/m/n/10 60
 []

[60 <./Kcluster.png>]
Underfull \hbox (badness 10000) in paragraph at lines 1496--1497

 []

<reseaux_neurone.png, id=276, 550.055pt x 285.065pt>
File: reseaux_neurone.png Graphic file (type png)
 <use reseaux_neurone.png>
Package pdftex.def Info: reseaux_neurone.png used on input line 1500.
(pdftex.def)             Requested size: 170.71652pt x 88.47362pt.

Underfull \hbox (badness 10000) in paragraph at lines 1506--1507

 []


Underfull \hbox (badness 10000) in paragraph at lines 1512--1513

 []


Underfull \hbox (badness 10000) in paragraph at lines 1515--1516

 []


Underfull \hbox (badness 10000) in paragraph at lines 1517--1518

 []


Underfull \hbox (badness 10000) in paragraph at lines 1523--1524

 []


Overfull \hbox (121.56717pt too wide) has occurred while \output is active
\OT1/cmr/m/sl/10 CHAPTER 5.  MACHINE LEARNING / APPRENTISSAGE MACHINE ET FOUILL
ES DE DONN[]EES \OT1/cmr/m/n/10 61
 []

[61 <./reseaux_neurone.png>]
<derive_partielle.png, id=280, 534.99875pt x 229.85875pt>
File: derive_partielle.png Graphic file (type png)

<use derive_partielle.png>
Package pdftex.def Info: derive_partielle.png used on input line 1527.
(pdftex.def)             Requested size: 199.16928pt x 85.5725pt.

Underfull \hbox (badness 10000) in paragraph at lines 1532--1533

 []


Overfull \hbox (11.16727pt too wide) in paragraph at lines 1534--1535
[]\OT1/cmr/m/n/10 Un cal-cul naif ne serait vrai-ment pas ef-fi-cace, alors on 
utilise la r^^Setropropagation
 []


Underfull \hbox (badness 10000) in paragraph at lines 1534--1535

 []

<derive_partielle_chainage.png, id=281, 421.575pt x 124.465pt>
File: derive_partielle_chainage.png Graphic file (type png)

<use derive_partielle_chainage.png>
Package pdftex.def Info: derive_partielle_chainage.png used on input line 1538.

(pdftex.def)             Requested size: 199.16928pt x 58.80241pt.

Underfull \hbox (badness 10000) in paragraph at lines 1543--1544

 []


Underfull \hbox (badness 10000) in paragraph at lines 1549--1550

 []


Underfull \hbox (badness 10000) in paragraph at lines 1557--1558

 []

<propagation_avant.png, id=282, 482.80376pt x 135.50626pt>
File: propagation_avant.png Graphic file (type png)

<use propagation_avant.png>
Package pdftex.def Info: propagation_avant.png used on input line 1561.
(pdftex.def)             Requested size: 199.16928pt x 55.89908pt.

Underfull \hbox (badness 10000) in paragraph at lines 1566--1567

 []


Overfull \hbox (121.56717pt too wide) has occurred while \output is active
\OT1/cmr/m/sl/10 CHAPTER 5.  MACHINE LEARNING / APPRENTISSAGE MACHINE ET FOUILL
ES DE DONN[]EES \OT1/cmr/m/n/10 62
 []

[62 <./derive_partielle.png> <./derive_partielle_chainage.png>]
Underfull \hbox (badness 10000) in paragraph at lines 1572--1573

 []


Underfull \hbox (badness 10000) in paragraph at lines 1574--1575

 []


Underfull \hbox (badness 10000) in paragraph at lines 1580--1581

 []


Underfull \hbox (badness 10000) in paragraph at lines 1589--1590

 []


Underfull \hbox (badness 10000) in paragraph at lines 1591--1592

 []


Underfull \hbox (badness 10000) in paragraph at lines 1597--1598

 []


Overfull \hbox (121.56717pt too wide) has occurred while \output is active
\OT1/cmr/m/sl/10 CHAPTER 5.  MACHINE LEARNING / APPRENTISSAGE MACHINE ET FOUILL
ES DE DONN[]EES \OT1/cmr/m/n/10 63
 []

[63 <./propagation_avant.png>]
<Exemple_retropropagation.png, id=289, 475.7775pt x 160.6pt>
File: Exemple_retropropagation.png Graphic file (type png)

<use Exemple_retropropagation.png>
Package pdftex.def Info: Exemple_retropropagation.png used on input line 1601.
(pdftex.def)             Requested size: 199.16928pt x 67.23097pt.

Underfull \hbox (badness 10000) in paragraph at lines 1607--1608

 []


Underfull \hbox (badness 10000) in paragraph at lines 1609--1610

 []


Underfull \hbox (badness 10000) in paragraph at lines 1612--1613

 []

<exemple_backprop1.png, id=290, 464.73625pt x 135.50626pt>
File: exemple_backprop1.png Graphic file (type png)

<use exemple_backprop1.png>
Package pdftex.def Info: exemple_backprop1.png used on input line 1621.
(pdftex.def)             Requested size: 113.81102pt x 33.1838pt.

<exemple_backprop2.png, id=291, 434.62375pt x 125.46875pt>
File: exemple_backprop2.png Graphic file (type png)

<use exemple_backprop2.png>
Package pdftex.def Info: exemple_backprop2.png used on input line 1630.
(pdftex.def)             Requested size: 142.26378pt x 41.06976pt.

Overfull \hbox (121.56717pt too wide) has occurred while \output is active
\OT1/cmr/m/sl/10 CHAPTER 5.  MACHINE LEARNING / APPRENTISSAGE MACHINE ET FOUILL
ES DE DONN[]EES \OT1/cmr/m/n/10 64
 []

[64 <./Exemple_retropropagation.png> <./exemple_backprop1.png> <./exemple_backp
rop2.png>] <exemple_backprop3.png, id=295, 434.62375pt x 133.49875pt>
File: exemple_backprop3.png Graphic file (type png)

<use exemple_backprop3.png>
Package pdftex.def Info: exemple_backprop3.png used on input line 1654.
(pdftex.def)             Requested size: 142.26378pt x 43.69823pt.

<exemple_backprop4.png, id=296, 426.59375pt x 134.5025pt>
File: exemple_backprop4.png Graphic file (type png)

<use exemple_backprop4.png>
Package pdftex.def Info: exemple_backprop4.png used on input line 1666.
(pdftex.def)             Requested size: 142.26378pt x 44.85594pt.

<exemple_backprop5.png, id=297, 1004.75375pt x 511.9125pt>
File: exemple_backprop5.png Graphic file (type png)

<use exemple_backprop5.png>
Package pdftex.def Info: exemple_backprop5.png used on input line 1684.
(pdftex.def)             Requested size: 199.16928pt x 101.4746pt.

Overfull \hbox (121.56717pt too wide) has occurred while \output is active
\OT1/cmr/m/sl/10 CHAPTER 5.  MACHINE LEARNING / APPRENTISSAGE MACHINE ET FOUILL
ES DE DONN[]EES \OT1/cmr/m/n/10 65
 []

[65 <./exemple_backprop3.png> <./exemple_backprop4.png> <./exemple_backprop5.pn
g>]
Underfull \hbox (badness 10000) in paragraph at lines 1694--1695

 []


Underfull \hbox (badness 10000) in paragraph at lines 1696--1697

 []


Underfull \hbox (badness 10000) in paragraph at lines 1698--1699

 []


Underfull \hbox (badness 10000) in paragraph at lines 1700--1701

 []

<overfitting.png, id=301, 326.21875pt x 182.6825pt>
File: overfitting.png Graphic file (type png)
 <use overfitting.png>
Package pdftex.def Info: overfitting.png used on input line 1705.
(pdftex.def)             Requested size: 199.16928pt x 111.53929pt.

Underfull \hbox (badness 10000) in paragraph at lines 1711--1712

 []


Overfull \hbox (121.56717pt too wide) has occurred while \output is active
\OT1/cmr/m/sl/10 CHAPTER 5.  MACHINE LEARNING / APPRENTISSAGE MACHINE ET FOUILL
ES DE DONN[]EES \OT1/cmr/m/n/10 66
 []

[66 <./overfitting.png>]
Overfull \hbox (3.14737pt too wide) in paragraph at lines 1713--1714
\OT1/cmr/bx/n/10 param^^Retres\OT1/cmr/m/n/10 , dans le cas du clus-ter-ing, le
 param^etre k serait un hyper-param^^Retre.
 []


Underfull \hbox (badness 10000) in paragraph at lines 1713--1714

 []


Underfull \hbox (badness 10000) in paragraph at lines 1715--1716

 []


Underfull \hbox (badness 10000) in paragraph at lines 1719--1720

 []


Underfull \hbox (badness 10000) in paragraph at lines 1722--1723

 []

<decision_tree_example.png, id=306, 476.78125pt x 376.40625pt>
File: decision_tree_example.png Graphic file (type png)

<use decision_tree_example.png>
Package pdftex.def Info: decision_tree_example.png used on input line 1726.
(pdftex.def)             Requested size: 199.16928pt x 157.2395pt.

Underfull \hbox (badness 10000) in paragraph at lines 1731--1732

 []


Underfull \hbox (badness 10000) in paragraph at lines 1733--1734

 []

<algo_decision.png, id=307, 484.81125pt x 350.30875pt>
File: algo_decision.png Graphic file (type png)
 <use algo_decision.png>
Package pdftex.def Info: algo_decision.png used on input line 1737.
(pdftex.def)             Requested size: 284.52756pt x 205.60062pt.

Overfull \hbox (121.56717pt too wide) has occurred while \output is active
\OT1/cmr/m/sl/10 CHAPTER 5.  MACHINE LEARNING / APPRENTISSAGE MACHINE ET FOUILL
ES DE DONN[]EES \OT1/cmr/m/n/10 67
 []

[67]
Overfull \hbox (1.80603pt too wide) in paragraph at lines 1741--1742
[]\OT1/cmr/m/n/10 On utilise le principe de r^^Secursivit^^Se pour con-stru-ire
 des sous-arbres (branches)
 []


Underfull \hbox (badness 10000) in paragraph at lines 1741--1742

 []


Overfull \hbox (121.56717pt too wide) has occurred while \output is active
\OT1/cmr/m/sl/10 CHAPTER 5.  MACHINE LEARNING / APPRENTISSAGE MACHINE ET FOUILL
ES DE DONN[]EES \OT1/cmr/m/n/10 68
 []

[68 <./decision_tree_example.png> <./algo_decision.png>]
Underfull \hbox (badness 10000) in paragraph at lines 1743--1744

 []


Underfull \hbox (badness 10000) in paragraph at lines 1747--1748

 []


Underfull \hbox (badness 10000) in paragraph at lines 1754--1755

 []


Underfull \hbox (badness 10000) in paragraph at lines 1756--1757

 []


Underfull \hbox (badness 10000) in paragraph at lines 1758--1759

 []


Underfull \hbox (badness 10000) in paragraph at lines 1762--1763

 []


Underfull \hbox (badness 10000) in paragraph at lines 1764--1765

 []

<entropie1.png, id=314, 573.14125pt x 282.05376pt>
File: entropie1.png Graphic file (type png)
 <use entropie1.png>
Package pdftex.def Info: entropie1.png used on input line 1770.
(pdftex.def)             Requested size: 142.26378pt x 70.00972pt.

<entropie2.png, id=315, 531.9875pt x 241.90375pt>
File: entropie2.png Graphic file (type png)
 <use entropie2.png>
Package pdftex.def Info: entropie2.png used on input line 1776.
(pdftex.def)             Requested size: 142.26378pt x 64.68738pt.

<entropie3.png, id=316, 499.8675pt x 232.87pt>
File: entropie3.png Graphic file (type png)
 <use entropie3.png>
Package pdftex.def Info: entropie3.png used on input line 1783.
(pdftex.def)             Requested size: 142.26378pt x 66.27625pt.

Overfull \hbox (121.56717pt too wide) has occurred while \output is active
\OT1/cmr/m/sl/10 CHAPTER 5.  MACHINE LEARNING / APPRENTISSAGE MACHINE ET FOUILL
ES DE DONN[]EES \OT1/cmr/m/n/10 69
 []

[69 <./entropie1.png> <./entropie2.png>]
Underfull \hbox (badness 10000) in paragraph at lines 1795--1796

 []


Underfull \hbox (badness 10000) in paragraph at lines 1797--1798

 []


Overfull \hbox (121.56717pt too wide) has occurred while \output is active
\OT1/cmr/m/sl/10 CHAPTER 5.  MACHINE LEARNING / APPRENTISSAGE MACHINE ET FOUILL
ES DE DONN[]EES \OT1/cmr/m/n/10 70
 []

[70 <./entropie3.png>]
Chapter 6.

Overfull \hbox (9.35236pt too wide) in paragraph at lines 1802--1803
\OT1/cmr/m/n/10 cach^^Ses dans notre en-sem-ble afin de les clas-si-fier. Dans 
les m^^Sethodes non=supervis^^Se,
 []


Underfull \hbox (badness 10000) in paragraph at lines 1802--1803

 []

<cluster.png, id=323, 519.9425pt x 208.78pt>
File: cluster.png Graphic file (type png)
 <use cluster.png>
Package pdftex.def Info: cluster.png used on input line 1806.
(pdftex.def)             Requested size: 199.16928pt x 79.97435pt.

Overfull \hbox (4.75053pt too wide) in paragraph at lines 1811--1812
[]\OT1/cmr/m/n/10 Les m^^Sethodes de clas-si-fi-ca-ton au-toma-tique con-tribue
nt ^^Ra d^^Setercter des groupes
 []


Underfull \hbox (badness 10000) in paragraph at lines 1811--1812

 []

<bresil.png, id=324, 547.04375pt x 293.095pt>
File: bresil.png Graphic file (type png)
 <use bresil.png>
Package pdftex.def Info: bresil.png used on input line 1815.
(pdftex.def)             Requested size: 199.16928pt x 106.71268pt.
 [71

 <./cluster.png>]
Underfull \hbox (badness 10000) in paragraph at lines 1820--1821

 []


Underfull \hbox (badness 10000) in paragraph at lines 1822--1823

 []


Underfull \hbox (badness 10000) in paragraph at lines 1824--1825

 []


Underfull \hbox (badness 10000) in paragraph at lines 1826--1827

 []


Underfull \hbox (badness 10000) in paragraph at lines 1828--1829

 []


Underfull \hbox (badness 10000) in paragraph at lines 1831--1832

 []

[72 <./bresil.png>]
Underfull \hbox (badness 10000) in paragraph at lines 1833--1834

 []


Underfull \hbox (badness 10000) in paragraph at lines 1835--1836

 []


Underfull \hbox (badness 10000) in paragraph at lines 1837--1838

 []

<separation.png, id=332, 512.91624pt x 384.43625pt>
File: separation.png Graphic file (type png)
 <use separation.png>
Package pdftex.def Info: separation.png used on input line 1841.
(pdftex.def)             Requested size: 199.16928pt x 149.2784pt.

Underfull \hbox (badness 10000) in paragraph at lines 1846--1847

 []


Underfull \hbox (badness 10000) in paragraph at lines 1848--1849

 []

<classification.png, id=333, 524.96124pt x 306.14375pt>
File: classification.png Graphic file (type png)

<use classification.png>
Package pdftex.def Info: classification.png used on input line 1852.
(pdftex.def)             Requested size: 199.16928pt x 116.14897pt.

Underfull \hbox (badness 10000) in paragraph at lines 1857--1858

 []


Underfull \hbox (badness 10000) in paragraph at lines 1859--1860

 []

[73 <./separation.png>]
Underfull \hbox (badness 10000) in paragraph at lines 1861--1862

 []


Underfull \hbox (badness 10000) in paragraph at lines 1863--1864

 []

<classification_exemple.png, id=337, 473.77pt x 373.395pt>
File: classification_exemple.png Graphic file (type png)

<use classification_exemple.png>
Package pdftex.def Info: classification_exemple.png used on input line 1867.
(pdftex.def)             Requested size: 199.16928pt x 156.97296pt.

Underfull \hbox (badness 10000) in paragraph at lines 1871--1872

 []


Underfull \hbox (badness 10000) in paragraph at lines 1874--1875

 []

[74 <./classification.png> <./classification_exemple.png>]
<Stirling.png, id=341, 452.69125pt x 218.8175pt>
File: Stirling.png Graphic file (type png)
 <use Stirling.png>
Package pdftex.def Info: Stirling.png used on input line 1878.
(pdftex.def)             Requested size: 199.16928pt x 96.26997pt.

Overfull \hbox (9.52936pt too wide) in paragraph at lines 1885--1886
 \OT1/cmr/bx/n/10 Quelques fait[] \OT1/cmr/m/n/10 La com-plexit^^Se d'un probl^
^Reme de clas-si-fi-ca-tion aut-ma-tique d^^Sepend
 []


Underfull \hbox (badness 10000) in paragraph at lines 1885--1886

 []


Underfull \hbox (badness 10000) in paragraph at lines 1892--1893

 []


Underfull \hbox (badness 10000) in paragraph at lines 1894--1895

 []


Underfull \hbox (badness 10000) in paragraph at lines 1896--1897

 []


Underfull \hbox (badness 10000) in paragraph at lines 1898--1899

 []


Underfull \hbox (badness 10000) in paragraph at lines 1901--1902

 []

<algo_kmeans.png, id=342, 429.605pt x 277.035pt>
File: algo_kmeans.png Graphic file (type png)
 <use algo_kmeans.png>
Package pdftex.def Info: algo_kmeans.png used on input line 1905.
(pdftex.def)             Requested size: 199.16928pt x 128.43526pt.

<clustering.png, id=343, 556.0775pt x 420.57124pt>
File: clustering.png Graphic file (type png)
 <use clustering.png>
Package pdftex.def Info: clustering.png used on input line 1911.
(pdftex.def)             Requested size: 142.26378pt x 107.594pt.

Underfull \hbox (badness 10000) in paragraph at lines 1916--1917

 []

[75 <./Stirling.png>] <clusters.png, id=347, 478.78876pt x 404.51125pt>
File: clusters.png Graphic file (type png)

<use clusters.png>
Package pdftex.def Info: clusters.png used on input line 1920.
(pdftex.def)             Requested size: 142.26378pt x 120.19391pt.
 [76 <./algo_kmeans.png> <./clustering.png> <./clusters.png>]
Underfull \hbox (badness 10000) in paragraph at lines 1926--1927

 []


Underfull \hbox (badness 10000) in paragraph at lines 1928--1929

 []


Underfull \hbox (badness 10000) in paragraph at lines 1931--1932

 []


Underfull \hbox (badness 10000) in paragraph at lines 1937--1938

 []


Underfull \hbox (badness 10000) in paragraph at lines 1959--1960

 []

[77]
Underfull \hbox (badness 10000) in paragraph at lines 1962--1963

 []

<density_vs_other.png, id=354, 545.03625pt x 377.41pt>
File: density_vs_other.png Graphic file (type png)

<use density_vs_other.png>
Package pdftex.def Info: density_vs_other.png used on input line 1966.
(pdftex.def)             Requested size: 199.16928pt x 137.91187pt.

Underfull \hbox (badness 10000) in paragraph at lines 1969--1970

 []

<dbscan_drawback.png, id=355, 321.2pt x 247.92625pt>
File: dbscan_drawback.png Graphic file (type png)
 <use dbscan_drawback.png>
Package pdftex.def Info: dbscan_drawback.png used on input line 1973.
(pdftex.def)             Requested size: 199.16928pt x 153.73917pt.

[78 <./density_vs_other.png> <./dbscan_drawback.png>]
Chapter 7.

Underfull \hbox (badness 10000) in paragraph at lines 1978--1979

 []


Underfull \hbox (badness 10000) in paragraph at lines 1980--1981

 []

<slide2.png, id=360, 345.29pt x 166.6225pt>
File: slide2.png Graphic file (type png)
 <use slide2.png>
Package pdftex.def Info: slide2.png used on input line 1984.
(pdftex.def)             Requested size: 199.16928pt x 96.11227pt.

Underfull \hbox (badness 10000) in paragraph at lines 1988--1989

 []

<slide3.png, id=361, 336.25626pt x 215.80624pt>
File: slide3.png Graphic file (type png)
 <use slide3.png>
Package pdftex.def Info: slide3.png used on input line 1992.
(pdftex.def)             Requested size: 199.16928pt x 127.8251pt.

Underfull \hbox (badness 10000) in paragraph at lines 1996--1997

 []

[79

 <./slide2.png>]
Underfull \hbox (badness 10000) in paragraph at lines 1998--1999

 []


Underfull \hbox (badness 10000) in paragraph at lines 2006--2007

 []


Underfull \hbox (badness 10000) in paragraph at lines 2013--2014

 []


Underfull \hbox (badness 10000) in paragraph at lines 2016--2017

 []


Underfull \hbox (badness 10000) in paragraph at lines 2018--2019

 []


Underfull \hbox (badness 10000) in paragraph at lines 2025--2026

 []


Underfull \hbox (badness 10000) in paragraph at lines 2027--2028

 []


Underfull \hbox (badness 10000) in paragraph at lines 2032--2033

 []

<politique_optimal.png, id=365, 510.90875pt x 249.93375pt>
File: politique_optimal.png Graphic file (type png)

<use politique_optimal.png>
Package pdftex.def Info: politique_optimal.png used on input line 2036.
(pdftex.def)             Requested size: 199.16928pt x 97.43181pt.
 [80 <./slide3.png>]
Underfull \hbox (badness 10000) in paragraph at lines 2040--2041

 []

<slide7.png, id=369, 547.04375pt x 108.405pt>
File: slide7.png Graphic file (type png)
 <use slide7.png>
Package pdftex.def Info: slide7.png used on input line 2044.
(pdftex.def)             Requested size: 199.16928pt x 39.46907pt.

Underfull \hbox (badness 10000) in paragraph at lines 2050--2051

 []


Underfull \hbox (badness 10000) in paragraph at lines 2052--2053

 []

<slide9.png, id=370, 548.0475pt x 238.8925pt>
File: slide9.png Graphic file (type png)
 <use slide9.png>
Package pdftex.def Info: slide9.png used on input line 2056.
(pdftex.def)             Requested size: 199.16928pt x 86.81775pt.

Underfull \hbox (badness 10000) in paragraph at lines 2060--2061

 []

<slide10.png, id=371, 565.11125pt x 169.63374pt>
File: slide10.png Graphic file (type png)
 <use slide10.png>
Package pdftex.def Info: slide10.png used on input line 2064.
(pdftex.def)             Requested size: 199.16928pt x 59.78424pt.

Underfull \hbox (badness 10000) in paragraph at lines 2068--2069

 []

<formule_bellman.png, id=372, 523.9575pt x 119.44624pt>
File: formule_bellman.png Graphic file (type png)

<use formule_bellman.png>
Package pdftex.def Info: formule_bellman.png used on input line 2072.
(pdftex.def)             Requested size: 199.16928pt x 45.40462pt.
 [81 <./politique_optimal.png> <./slide7.png>]
<algo_renforcement.png, id=376, 348.30125pt x 207.77625pt>
File: algo_renforcement.png Graphic file (type png)

<use algo_renforcement.png>
Package pdftex.def Info: algo_renforcement.png used on input line 2078.
(pdftex.def)             Requested size: 199.16928pt x 118.81096pt.

Underfull \hbox (badness 10000) in paragraph at lines 2082--2083

 []


Overfull \hbox (0.46353pt too wide) in paragraph at lines 2086--2087
\OT1/cmr/m/n/10 a ^^Ra par-tir e l'^^Setat s sans savoir l'^^Setat r^^Sesultat 
s prime. On utilise donc l'algorithme
 []

[82 <./slide9.png> <./slide10.png> <./formule_bellman.png> <./algo_renforcement
.png>] <algo_qlearning.png, id=380, 448.67625pt x 318.18875pt>
File: algo_qlearning.png Graphic file (type png)

<use algo_qlearning.png>
Package pdftex.def Info: algo_qlearning.png used on input line 2094.
(pdftex.def)             Requested size: 199.16928pt x 141.24153pt.

Underfull \hbox (badness 10000) in paragraph at lines 2098--2099

 []


Underfull \hbox (badness 10000) in paragraph at lines 2100--2101

 []

<qlearning_example.png, id=381, 377.41pt x 688.5725pt>
File: qlearning_example.png Graphic file (type png)

<use qlearning_example.png>
Package pdftex.def Info: qlearning_example.png used on input line 2104.
(pdftex.def)             Requested size: 199.16928pt x 363.37617pt.

Underfull \hbox (badness 10000) in paragraph at lines 2108--2109

 []

<qlearning_stochastique.png, id=382, 553.06625pt x 365.365pt>
File: qlearning_stochastique.png Graphic file (type png)

<use qlearning_stochastique.png>
Package pdftex.def Info: qlearning_stochastique.png used on input line 2112.
(pdftex.def)             Requested size: 199.16928pt x 131.57031pt.

Underfull \hbox (badness 1132) in paragraph at lines 2113--2113
[]\OT1/cmr/m/n/10 Figure 7.11: Q learn-ing mod-ifi^^Se pour pren-dre une en-vi-
ron-nement non-
 []


Underfull \hbox (badness 10000) in paragraph at lines 2116--2117

 []

<slide47.png, id=383, 529.98pt x 352.31625pt>
File: slide47.png Graphic file (type png)
 <use slide47.png>
Package pdftex.def Info: slide47.png used on input line 2120.
(pdftex.def)             Requested size: 199.16928pt x 132.40318pt.

Underfull \hbox (badness 10000) in paragraph at lines 2124--2125

 []


Underfull \hbox (badness 10000) in paragraph at lines 2126--2127

 []

[83 <./algo_qlearning.png>] [84 <./qlearning_example.png>] [85 <./qlearning_sto
chastique.png> <./slide47.png>] (./NotesINF8215.aux)

LaTeX Warning: There were undefined references.

 ) 
Here is how much of TeX's memory you used:
 3181 strings out of 493029
 45918 string characters out of 6136233
 102937 words of memory out of 5000000
 6571 multiletter control sequences out of 15000+600000
 11207 words of font info for 40 fonts, out of 8000000 for 9000
 1141 hyphenation exceptions out of 8191
 38i,11n,23p,786b,238s stack positions out of 5000i,500n,10000p,200000b,80000s
</usr/share/texlive/texmf-dist/fonts/type1/public/amsfonts/cm/cmbx10.pfb></us
r/share/texlive/texmf-dist/fonts/type1/public/amsfonts/cm/cmbx12.pfb></usr/shar
e/texlive/texmf-dist/fonts/type1/public/amsfonts/cm/cmbx7.pfb></usr/share/texli
ve/texmf-dist/fonts/type1/public/amsfonts/cm/cmex10.pfb></usr/share/texlive/tex
mf-dist/fonts/type1/public/amsfonts/cm/cmmi10.pfb></usr/share/texlive/texmf-dis
t/fonts/type1/public/amsfonts/cm/cmmi5.pfb></usr/share/texlive/texmf-dist/fonts
/type1/public/amsfonts/cm/cmmi7.pfb></usr/share/texlive/texmf-dist/fonts/type1/
public/amsfonts/cm/cmr10.pfb></usr/share/texlive/texmf-dist/fonts/type1/public/
amsfonts/cm/cmr12.pfb></usr/share/texlive/texmf-dist/fonts/type1/public/amsfont
s/cm/cmr17.pfb></usr/share/texlive/texmf-dist/fonts/type1/public/amsfonts/cm/cm
r5.pfb></usr/share/texlive/texmf-dist/fonts/type1/public/amsfonts/cm/cmr7.pfb><
/usr/share/texlive/texmf-dist/fonts/type1/public/amsfonts/cm/cmsl10.pfb></usr/s
hare/texlive/texmf-dist/fonts/type1/public/amsfonts/cm/cmsy10.pfb></usr/share/t
exlive/texmf-dist/fonts/type1/public/amsfonts/cm/cmsy5.pfb></usr/share/texlive/
texmf-dist/fonts/type1/public/amsfonts/cm/cmsy7.pfb>
Output written on NotesINF8215.pdf (86 pages, 3530154 bytes).
PDF statistics:
 449 PDF objects out of 1000 (max. 8388607)
 240 compressed objects within 3 object streams
 0 named destinations out of 1000 (max. 500000)
 511 words of extra memory for PDF output out of 10000 (max. 10000000)

